[ 2017-09-26T19:06:23+08:00 ] ::1 /feiyArticle/article/index.php/Admin/Article/add.html
INFO: [ app_init ] --START--
INFO: Run Behavior\BuildLiteBehavior [ RunTime:0.000037s ]
INFO: [ app_init ] --END-- [ RunTime:0.047016s ]
INFO: [ app_begin ] --START--
INFO: Run Behavior\ReadHtmlCacheBehavior [ RunTime:0.019745s ]
INFO: [ app_begin ] --END-- [ RunTime:0.019978s ]

[ 2017-09-26T19:06:23+08:00 ] ::1 /feiyArticle/article/index.php/Admin/Access/login.html
INFO: [ app_init ] --START--
INFO: Run Behavior\BuildLiteBehavior [ RunTime:0.000029s ]
INFO: [ app_init ] --END-- [ RunTime:0.000455s ]
INFO: [ app_begin ] --START--
INFO: Run Behavior\ReadHtmlCacheBehavior [ RunTime:0.000580s ]
INFO: [ app_begin ] --END-- [ RunTime:0.000772s ]
INFO: [ view_parse ] --START--
INFO: [ template_filter ] --START--
INFO: Run Behavior\ContentReplaceBehavior [ RunTime:0.037260s ]
INFO: [ template_filter ] --END-- [ RunTime:0.037451s ]
INFO: Run Behavior\ParseTemplateBehavior [ RunTime:0.145479s ]
INFO: [ view_parse ] --END-- [ RunTime:0.145703s ]
INFO: [ view_filter ] --START--
INFO: Run Behavior\WriteHtmlCacheBehavior [ RunTime:0.011824s ]
INFO: [ view_filter ] --END-- [ RunTime:0.011983s ]
INFO: [ app_end ] --START--
INFO: Run Behavior\ShowPageTraceBehavior [ RunTime:0.025789s ]
INFO: [ app_end ] --END-- [ RunTime:0.025971s ]

[ 2017-09-26T19:06:23+08:00 ] ::1 /feiyArticle/article/index.php/Admin/Access/code
INFO: [ app_init ] --START--
INFO: Run Behavior\BuildLiteBehavior [ RunTime:0.000066s ]
INFO: [ app_init ] --END-- [ RunTime:0.001041s ]
INFO: [ app_begin ] --START--
INFO: Run Behavior\ReadHtmlCacheBehavior [ RunTime:0.001622s ]
INFO: [ app_begin ] --END-- [ RunTime:0.002160s ]
INFO: [ app_end ] --START--
INFO: Run Behavior\ShowPageTraceBehavior [ RunTime:0.001059s ]
INFO: [ app_end ] --END-- [ RunTime:0.001302s ]

[ 2017-09-26T19:06:33+08:00 ] ::1 /feiyArticle/article/index.php/Admin/Access/handle.html
INFO: [ app_init ] --START--
INFO: Run Behavior\BuildLiteBehavior [ RunTime:0.000063s ]
INFO: [ app_init ] --END-- [ RunTime:0.001163s ]
INFO: [ app_begin ] --START--
INFO: Run Behavior\ReadHtmlCacheBehavior [ RunTime:0.000553s ]
INFO: [ app_begin ] --END-- [ RunTime:0.000685s ]
SQL: SHOW COLUMNS FROM `feiy_user` [ RunTime:0.0051s ]
NOTIC: [8] Undefined index: validate D:\feiy_soft\wamp\www\feiyArticle\article\ThinkPHP\Library\Think\Model.class.php 第 1185 行.
NOTIC: [8] Undefined index: auto D:\feiy_soft\wamp\www\feiyArticle\article\ThinkPHP\Library\Think\Model.class.php 第 1128 行.
NOTIC: [8] Undefined index: password D:\feiy_soft\wamp\www\feiyArticle\article\Application\Admin\Controller\AccessController.class.php 第 27 行.
SQL: SELECT * FROM `feiy_user` WHERE `username` = 'admin' LIMIT 1   [ RunTime:0.0286s ]

[ 2017-09-26T19:06:33+08:00 ] ::1 /feiyArticle/article/index.php/Admin/Index/index.html
INFO: [ app_init ] --START--
INFO: Run Behavior\BuildLiteBehavior [ RunTime:0.000030s ]
INFO: [ app_init ] --END-- [ RunTime:0.000462s ]
INFO: [ app_begin ] --START--
INFO: Run Behavior\ReadHtmlCacheBehavior [ RunTime:0.000458s ]
INFO: [ app_begin ] --END-- [ RunTime:0.000586s ]
INFO: [ view_parse ] --START--
INFO: [ template_filter ] --START--
INFO: Run Behavior\ContentReplaceBehavior [ RunTime:0.000077s ]
INFO: [ template_filter ] --END-- [ RunTime:0.000224s ]
NOTIC: [8] Use of undefined constant get_client_ip - assumed 'get_client_ip' D:\feiy_soft\wamp\www\feiyArticle\article\Application\Runtime\Cache\Admin\b595b808c2ebeeeb0478ffc30bb4e87a.php 第 46 行.
INFO: Run Behavior\ParseTemplateBehavior [ RunTime:0.084545s ]
INFO: [ view_parse ] --END-- [ RunTime:0.084696s ]
INFO: [ view_filter ] --START--
INFO: Run Behavior\WriteHtmlCacheBehavior [ RunTime:0.000531s ]
INFO: [ view_filter ] --END-- [ RunTime:0.000662s ]
INFO: [ app_end ] --START--
INFO: Run Behavior\ShowPageTraceBehavior [ RunTime:0.000474s ]
INFO: [ app_end ] --END-- [ RunTime:0.000606s ]

[ 2017-09-26T19:06:35+08:00 ] ::1 /feiyArticle/article/index.php/Admin/Article/lists.html
INFO: [ app_init ] --START--
INFO: Run Behavior\BuildLiteBehavior [ RunTime:0.000067s ]
INFO: [ app_init ] --END-- [ RunTime:0.000908s ]
INFO: [ app_begin ] --START--
INFO: Run Behavior\ReadHtmlCacheBehavior [ RunTime:0.000852s ]
INFO: [ app_begin ] --END-- [ RunTime:0.001127s ]
NOTIC: [2048] Declaration of Admin\Model\ArticleModel::delete() should be compatible with Think\Model::delete($options = Array) D:\feiy_soft\wamp\www\feiyArticle\article\Application\Admin\Model\ArticleModel.class.php 第 4 行.
SQL: SHOW COLUMNS FROM `feiy_article` [ RunTime:0.1318s ]
SQL: SELECT COUNT(*) AS tp_count FROM `feiy_article` WHERE `is_del` = 1 LIMIT 1   [ RunTime:0.0005s ]
SQL: SELECT * FROM `feiy_article` WHERE `is_del` = 1 ORDER BY articleid desc LIMIT 0,3   [ RunTime:0.0006s ]
NOTIC: [8] Undefined variable: sql D:\feiy_soft\wamp\www\feiyArticle\article\Application\Admin\Model\ArticleModel.class.php 第 25 行.
INFO: [ view_parse ] --START--
INFO: [ template_filter ] --START--
INFO: Run Behavior\ContentReplaceBehavior [ RunTime:0.000085s ]
INFO: [ template_filter ] --END-- [ RunTime:0.000233s ]
SQL: SHOW COLUMNS FROM `feiy_cate` [ RunTime:0.0228s ]
SQL: SELECT `name` FROM `feiy_cate` WHERE `cateid` = 1 LIMIT 1   [ RunTime:0.0003s ]
SQL: SELECT `name` FROM `feiy_cate` WHERE `cateid` = 2 LIMIT 1   [ RunTime:0.0003s ]
INFO: Run Behavior\ParseTemplateBehavior [ RunTime:0.125952s ]
INFO: [ view_parse ] --END-- [ RunTime:0.126098s ]
INFO: [ view_filter ] --START--
INFO: Run Behavior\WriteHtmlCacheBehavior [ RunTime:0.000695s ]
INFO: [ view_filter ] --END-- [ RunTime:0.000830s ]
INFO: [ app_end ] --START--
INFO: Run Behavior\ShowPageTraceBehavior [ RunTime:0.000491s ]
INFO: [ app_end ] --END-- [ RunTime:0.000666s ]

[ 2017-09-26T19:06:41+08:00 ] ::1 /feiyArticle/article/index.php/Admin/Article/edit/id/2.html
INFO: [ app_init ] --START--
INFO: Run Behavior\BuildLiteBehavior [ RunTime:0.000039s ]
INFO: [ app_init ] --END-- [ RunTime:0.000491s ]
INFO: [ app_begin ] --START--
INFO: Run Behavior\ReadHtmlCacheBehavior [ RunTime:0.000896s ]
INFO: [ app_begin ] --END-- [ RunTime:0.001230s ]
SQL: SHOW COLUMNS FROM `feiy_article` [ RunTime:0.0048s ]
SQL: SELECT * FROM `feiy_article` WHERE ( articleid=2 ) LIMIT 1   [ RunTime:0.0004s ]
SQL: SHOW COLUMNS FROM `feiy_cate` [ RunTime:0.0036s ]
SQL: SELECT * FROM `feiy_cate`  [ RunTime:0.0003s ]
INFO: [ view_parse ] --START--
INFO: [ template_filter ] --START--
INFO: Run Behavior\ContentReplaceBehavior [ RunTime:0.000097s ]
INFO: [ template_filter ] --END-- [ RunTime:0.000273s ]
NOTIC: [8] Undefined index: title D:\feiy_soft\wamp\www\feiyArticle\article\Application\Runtime\Cache\Admin\761055de2f430bef08441163fbb8bda7.php 第 5 行.
NOTIC: [8] Undefined variable: v D:\feiy_soft\wamp\www\feiyArticle\article\Application\Runtime\Cache\Admin\761055de2f430bef08441163fbb8bda7.php 第 100 行.
INFO: Run Behavior\ParseTemplateBehavior [ RunTime:0.070144s ]
INFO: [ view_parse ] --END-- [ RunTime:0.070313s ]
INFO: [ view_filter ] --START--
INFO: Run Behavior\WriteHtmlCacheBehavior [ RunTime:0.000671s ]
INFO: [ view_filter ] --END-- [ RunTime:0.000808s ]
INFO: [ app_end ] --START--
INFO: Run Behavior\ShowPageTraceBehavior [ RunTime:0.000538s ]
INFO: [ app_end ] --END-- [ RunTime:0.000678s ]
NOTIC: [2] Cannot modify header information - headers already sent by (output started at D:\feiy_soft\wamp\www\feiyArticle\article\ThinkPHP\Library\Think\View.class.php:95) D:\feiy_soft\wamp\www\feiyArticle\article\index.php 第 28 行.

[ 2017-09-26T19:06:52+08:00 ] ::1 /feiyArticle/article/index.php/Admin/Article/handleEdit/id/2.html
INFO: [ app_init ] --START--
INFO: Run Behavior\BuildLiteBehavior [ RunTime:0.000030s ]
INFO: [ app_init ] --END-- [ RunTime:0.000469s ]
INFO: [ app_begin ] --START--
INFO: Run Behavior\ReadHtmlCacheBehavior [ RunTime:0.000500s ]
INFO: [ app_begin ] --END-- [ RunTime:0.000612s ]
SQL: SHOW COLUMNS FROM `feiy_article` [ RunTime:0.0039s ]
NOTIC: [8] Undefined index: validate D:\feiy_soft\wamp\www\feiyArticle\article\ThinkPHP\Library\Think\Model.class.php 第 1185 行.
NOTIC: [8] Undefined index: auto D:\feiy_soft\wamp\www\feiyArticle\article\ThinkPHP\Library\Think\Model.class.php 第 1128 行.
SQL: UPDATE `feiy_article` SET `title`='飞扬-feiykou',`des`='一切的幸福建立在努力的基础上！',`cateid`='1',`content`='' WHERE `articleid` = 2 [ RunTime:0.0473s ]

[ 2017-09-26T19:06:54+08:00 ] ::1 /feiyArticle/article/index.php/Admin/Article/lists.html
INFO: [ app_init ] --START--
INFO: Run Behavior\BuildLiteBehavior [ RunTime:0.000028s ]
INFO: [ app_init ] --END-- [ RunTime:0.000443s ]
INFO: [ app_begin ] --START--
INFO: Run Behavior\ReadHtmlCacheBehavior [ RunTime:0.000486s ]
INFO: [ app_begin ] --END-- [ RunTime:0.000615s ]
NOTIC: [2048] Declaration of Admin\Model\ArticleModel::delete() should be compatible with Think\Model::delete($options = Array) D:\feiy_soft\wamp\www\feiyArticle\article\Application\Admin\Model\ArticleModel.class.php 第 4 行.
SQL: SHOW COLUMNS FROM `feiy_article` [ RunTime:0.0054s ]
SQL: SELECT COUNT(*) AS tp_count FROM `feiy_article` WHERE `is_del` = 1 LIMIT 1   [ RunTime:0.0003s ]
SQL: SELECT * FROM `feiy_article` WHERE `is_del` = 1 ORDER BY articleid desc LIMIT 0,3   [ RunTime:0.0003s ]
NOTIC: [8] Undefined variable: sql D:\feiy_soft\wamp\www\feiyArticle\article\Application\Admin\Model\ArticleModel.class.php 第 25 行.
INFO: [ view_parse ] --START--
INFO: [ template_filter ] --START--
INFO: Run Behavior\ContentReplaceBehavior [ RunTime:0.000086s ]
INFO: [ template_filter ] --END-- [ RunTime:0.000232s ]
SQL: SHOW COLUMNS FROM `feiy_cate` [ RunTime:0.0036s ]
SQL: SELECT `name` FROM `feiy_cate` WHERE `cateid` = 1 LIMIT 1   [ RunTime:0.0003s ]
NOTIC: [8] A non well formed numeric value encountered D:\feiy_soft\wamp\www\feiyArticle\article\Application\Runtime\Cache\Admin\f9a8b68a6d8762d8b5773f8a70adb780.php 第 92 行.
SQL: SELECT `name` FROM `feiy_cate` WHERE `cateid` = 2 LIMIT 1   [ RunTime:0.0002s ]
INFO: Run Behavior\ParseTemplateBehavior [ RunTime:0.018191s ]
INFO: [ view_parse ] --END-- [ RunTime:0.018344s ]
INFO: [ view_filter ] --START--
INFO: Run Behavior\WriteHtmlCacheBehavior [ RunTime:0.000630s ]
INFO: [ view_filter ] --END-- [ RunTime:0.000763s ]
INFO: [ app_end ] --START--
INFO: Run Behavior\ShowPageTraceBehavior [ RunTime:0.000496s ]
INFO: [ app_end ] --END-- [ RunTime:0.000630s ]

[ 2017-09-26T19:06:58+08:00 ] ::1 /feiyArticle/article/index.php/Admin/Cate/lists.html
INFO: [ app_init ] --START--
INFO: Run Behavior\BuildLiteBehavior [ RunTime:0.000028s ]
INFO: [ app_init ] --END-- [ RunTime:0.000462s ]
INFO: [ app_begin ] --START--
INFO: Run Behavior\ReadHtmlCacheBehavior [ RunTime:0.000466s ]
INFO: [ app_begin ] --END-- [ RunTime:0.000596s ]
SQL: SHOW COLUMNS FROM `feiy_cate` [ RunTime:0.0044s ]
SQL: SELECT t1.*,t2.name as pname FROM feiy_cate t1 left JOIN feiy_cate as t2 on t1.pid = t2.cateid   [ RunTime:0.0005s ]
INFO: [ view_parse ] --START--
INFO: [ template_filter ] --START--
INFO: Run Behavior\ContentReplaceBehavior [ RunTime:0.000094s ]
INFO: [ template_filter ] --END-- [ RunTime:0.000254s ]
NOTIC: [8] Undefined index: title D:\feiy_soft\wamp\www\feiyArticle\article\Application\Runtime\Cache\Admin\761bd6d3753c4667d3750f040418af5e.php 第 5 行.
NOTIC: [8] Use of undefined constant pname - assumed 'pname' D:\feiy_soft\wamp\www\feiyArticle\article\Application\Runtime\Cache\Admin\761bd6d3753c4667d3750f040418af5e.php 第 81 行.
NOTIC: [8] Undefined index: articleid D:\feiy_soft\wamp\www\feiyArticle\article\Application\Runtime\Cache\Admin\761bd6d3753c4667d3750f040418af5e.php 第 90 行.
NOTIC: [8] Use of undefined constant pname - assumed 'pname' D:\feiy_soft\wamp\www\feiyArticle\article\Application\Runtime\Cache\Admin\761bd6d3753c4667d3750f040418af5e.php 第 81 行.
NOTIC: [8] Undefined index: articleid D:\feiy_soft\wamp\www\feiyArticle\article\Application\Runtime\Cache\Admin\761bd6d3753c4667d3750f040418af5e.php 第 90 行.
NOTIC: [8] Use of undefined constant pname - assumed 'pname' D:\feiy_soft\wamp\www\feiyArticle\article\Application\Runtime\Cache\Admin\761bd6d3753c4667d3750f040418af5e.php 第 81 行.
NOTIC: [8] Undefined index: articleid D:\feiy_soft\wamp\www\feiyArticle\article\Application\Runtime\Cache\Admin\761bd6d3753c4667d3750f040418af5e.php 第 90 行.
NOTIC: [8] Use of undefined constant pname - assumed 'pname' D:\feiy_soft\wamp\www\feiyArticle\article\Application\Runtime\Cache\Admin\761bd6d3753c4667d3750f040418af5e.php 第 81 行.
NOTIC: [8] Undefined index: articleid D:\feiy_soft\wamp\www\feiyArticle\article\Application\Runtime\Cache\Admin\761bd6d3753c4667d3750f040418af5e.php 第 90 行.
NOTIC: [8] Use of undefined constant pname - assumed 'pname' D:\feiy_soft\wamp\www\feiyArticle\article\Application\Runtime\Cache\Admin\761bd6d3753c4667d3750f040418af5e.php 第 81 行.
NOTIC: [8] Undefined index: articleid D:\feiy_soft\wamp\www\feiyArticle\article\Application\Runtime\Cache\Admin\761bd6d3753c4667d3750f040418af5e.php 第 90 行.
NOTIC: [8] Use of undefined constant pname - assumed 'pname' D:\feiy_soft\wamp\www\feiyArticle\article\Application\Runtime\Cache\Admin\761bd6d3753c4667d3750f040418af5e.php 第 81 行.
NOTIC: [8] Undefined index: articleid D:\feiy_soft\wamp\www\feiyArticle\article\Application\Runtime\Cache\Admin\761bd6d3753c4667d3750f040418af5e.php 第 90 行.
NOTIC: [8] Use of undefined constant pname - assumed 'pname' D:\feiy_soft\wamp\www\feiyArticle\article\Application\Runtime\Cache\Admin\761bd6d3753c4667d3750f040418af5e.php 第 81 行.
NOTIC: [8] Undefined index: articleid D:\feiy_soft\wamp\www\feiyArticle\article\Application\Runtime\Cache\Admin\761bd6d3753c4667d3750f040418af5e.php 第 90 行.
NOTIC: [8] Undefined variable: page D:\feiy_soft\wamp\www\feiyArticle\article\Application\Runtime\Cache\Admin\761bd6d3753c4667d3750f040418af5e.php 第 93 行.
INFO: Run Behavior\ParseTemplateBehavior [ RunTime:0.033087s ]
INFO: [ view_parse ] --END-- [ RunTime:0.033248s ]
INFO: [ view_filter ] --START--
INFO: Run Behavior\WriteHtmlCacheBehavior [ RunTime:0.000553s ]
INFO: [ view_filter ] --END-- [ RunTime:0.000684s ]
INFO: [ app_end ] --START--
INFO: Run Behavior\ShowPageTraceBehavior [ RunTime:0.000538s ]
INFO: [ app_end ] --END-- [ RunTime:0.000741s ]
NOTIC: [2] Cannot modify header information - headers already sent by (output started at D:\feiy_soft\wamp\www\feiyArticle\article\ThinkPHP\Library\Think\View.class.php:95) D:\feiy_soft\wamp\www\feiyArticle\article\index.php 第 28 行.

[ 2017-09-26T19:07:00+08:00 ] ::1 /feiyArticle/article/index.php/Admin/Cate/edit/id/1.html
INFO: [ app_init ] --START--
INFO: Run Behavior\BuildLiteBehavior [ RunTime:0.000027s ]
INFO: [ app_init ] --END-- [ RunTime:0.000425s ]
INFO: [ app_begin ] --START--
INFO: Run Behavior\ReadHtmlCacheBehavior [ RunTime:0.000459s ]
INFO: [ app_begin ] --END-- [ RunTime:0.000602s ]
INFO: [ app_end ] --START--
INFO: Run Behavior\ShowPageTraceBehavior [ RunTime:0.000597s ]
INFO: [ app_end ] --END-- [ RunTime:0.000785s ]

[ 2017-09-26T19:07:08+08:00 ] ::1 /feiyArticle/article/index.php/Admin/Cate/add.html
INFO: [ app_init ] --START--
INFO: Run Behavior\BuildLiteBehavior [ RunTime:0.000033s ]
INFO: [ app_init ] --END-- [ RunTime:0.000529s ]
INFO: [ app_begin ] --START--
INFO: Run Behavior\ReadHtmlCacheBehavior [ RunTime:0.000507s ]
INFO: [ app_begin ] --END-- [ RunTime:0.000654s ]
SQL: SHOW COLUMNS FROM `feiy_cate` [ RunTime:0.0056s ]
SQL: SELECT * FROM `feiy_cate`  [ RunTime:0.0003s ]
INFO: [ view_parse ] --START--
INFO: [ template_filter ] --START--
INFO: Run Behavior\ContentReplaceBehavior [ RunTime:0.000094s ]
INFO: [ template_filter ] --END-- [ RunTime:0.000262s ]
NOTIC: [8] Undefined index: title D:\feiy_soft\wamp\www\feiyArticle\article\Application\Runtime\Cache\Admin\1e63603cb0c0765e0de965aee951a747.php 第 5 行.
NOTIC: [8] Undefined variable: edita D:\feiy_soft\wamp\www\feiyArticle\article\Application\Runtime\Cache\Admin\1e63603cb0c0765e0de965aee951a747.php 第 63 行.
INFO: Run Behavior\ParseTemplateBehavior [ RunTime:0.023725s ]
INFO: [ view_parse ] --END-- [ RunTime:0.023997s ]
INFO: [ view_filter ] --START--
INFO: Run Behavior\WriteHtmlCacheBehavior [ RunTime:0.000339s ]
INFO: [ view_filter ] --END-- [ RunTime:0.000486s ]
INFO: [ app_end ] --START--
INFO: Run Behavior\ShowPageTraceBehavior [ RunTime:0.000550s ]
INFO: [ app_end ] --END-- [ RunTime:0.000673s ]

