[ 2017-09-18T20:44:56+08:00 ] ::1 /feiystudy/article/index.php/Admin/Index/index
INFO: [ app_init ] --START--
INFO: Run Behavior\BuildLiteBehavior [ RunTime:0.000021s ]
INFO: [ app_init ] --END-- [ RunTime:0.001338s ]
INFO: [ app_begin ] --START--
INFO: Run Behavior\ReadHtmlCacheBehavior [ RunTime:0.000761s ]
INFO: [ app_begin ] --END-- [ RunTime:0.000854s ]

[ 2017-09-18T20:44:56+08:00 ] ::1 /feiystudy/article/index.php/Admin/Access/login.html
INFO: [ app_init ] --START--
INFO: Run Behavior\BuildLiteBehavior [ RunTime:0.000020s ]
INFO: [ app_init ] --END-- [ RunTime:0.000313s ]
INFO: [ app_begin ] --START--
INFO: Run Behavior\ReadHtmlCacheBehavior [ RunTime:0.000348s ]
INFO: [ app_begin ] --END-- [ RunTime:0.000443s ]
INFO: [ view_parse ] --START--
INFO: [ template_filter ] --START--
INFO: Run Behavior\ContentReplaceBehavior [ RunTime:0.000582s ]
INFO: [ template_filter ] --END-- [ RunTime:0.000831s ]
INFO: Run Behavior\ParseTemplateBehavior [ RunTime:0.008116s ]
INFO: [ view_parse ] --END-- [ RunTime:0.008225s ]
INFO: [ view_filter ] --START--
INFO: Run Behavior\WriteHtmlCacheBehavior [ RunTime:0.000569s ]
INFO: [ view_filter ] --END-- [ RunTime:0.000658s ]
INFO: [ app_end ] --START--
INFO: Run Behavior\ShowPageTraceBehavior [ RunTime:0.001172s ]
INFO: [ app_end ] --END-- [ RunTime:0.001264s ]

[ 2017-09-18T20:44:56+08:00 ] ::1 /feiystudy/article/index.php/Admin/Access/code
INFO: [ app_init ] --START--
INFO: Run Behavior\BuildLiteBehavior [ RunTime:0.000029s ]
INFO: [ app_init ] --END-- [ RunTime:0.000528s ]
INFO: [ app_begin ] --START--
INFO: Run Behavior\ReadHtmlCacheBehavior [ RunTime:0.000512s ]
INFO: [ app_begin ] --END-- [ RunTime:0.000630s ]
INFO: [ app_end ] --START--
INFO: Run Behavior\ShowPageTraceBehavior [ RunTime:0.000479s ]
INFO: [ app_end ] --END-- [ RunTime:0.000576s ]

[ 2017-09-18T20:44:57+08:00 ] ::1 /feiystudy/article/index.php/Admin/Index/index
INFO: [ app_init ] --START--
INFO: Run Behavior\BuildLiteBehavior [ RunTime:0.000035s ]
INFO: [ app_init ] --END-- [ RunTime:0.000426s ]
INFO: [ app_begin ] --START--
INFO: Run Behavior\ReadHtmlCacheBehavior [ RunTime:0.000660s ]
INFO: [ app_begin ] --END-- [ RunTime:0.000851s ]

[ 2017-09-18T20:44:57+08:00 ] ::1 /feiystudy/article/index.php/Admin/Access/code
INFO: [ app_init ] --START--
INFO: Run Behavior\BuildLiteBehavior [ RunTime:0.000021s ]
INFO: [ app_init ] --END-- [ RunTime:0.000339s ]
INFO: [ app_begin ] --START--
INFO: Run Behavior\ReadHtmlCacheBehavior [ RunTime:0.000348s ]
INFO: [ app_begin ] --END-- [ RunTime:0.000448s ]
INFO: [ app_end ] --START--
INFO: Run Behavior\ShowPageTraceBehavior [ RunTime:0.000397s ]
INFO: [ app_end ] --END-- [ RunTime:0.000519s ]

[ 2017-09-18T20:45:04+08:00 ] ::1 /feiystudy/article/index.php/Admin/Access/handle.html
INFO: [ app_init ] --START--
INFO: Run Behavior\BuildLiteBehavior [ RunTime:0.000021s ]
INFO: [ app_init ] --END-- [ RunTime:0.000425s ]
INFO: [ app_begin ] --START--
INFO: Run Behavior\ReadHtmlCacheBehavior [ RunTime:0.000488s ]
INFO: [ app_begin ] --END-- [ RunTime:0.000576s ]
SQL: SHOW COLUMNS FROM `feiy_user` [ RunTime:0.0052s ]
NOTIC: [8] Undefined index: validate D:\SoftDownload\wamp\www\feiystudy\article\ThinkPHP\Library\Think\Model.class.php 第 1185 行.
NOTIC: [8] Undefined index: auto D:\SoftDownload\wamp\www\feiystudy\article\ThinkPHP\Library\Think\Model.class.php 第 1128 行.
SQL: SELECT * FROM `feiy_user` WHERE `username` = 'admin ' AND `password` = 'e10adc3949ba59abbe56e057f20f883e' LIMIT 1   [ RunTime:0.0003s ]

[ 2017-09-18T20:45:04+08:00 ] ::1 /feiystudy/article/index.php/Admin/Index/index.html
INFO: [ app_init ] --START--
INFO: Run Behavior\BuildLiteBehavior [ RunTime:0.000035s ]
INFO: [ app_init ] --END-- [ RunTime:0.000494s ]
INFO: [ app_begin ] --START--
INFO: Run Behavior\ReadHtmlCacheBehavior [ RunTime:0.000435s ]
INFO: [ app_begin ] --END-- [ RunTime:0.000544s ]
INFO: [ view_parse ] --START--
INFO: [ template_filter ] --START--
INFO: Run Behavior\ContentReplaceBehavior [ RunTime:0.000077s ]
INFO: [ template_filter ] --END-- [ RunTime:0.000175s ]
NOTIC: [8] Use of undefined constant get_client_ip - assumed 'get_client_ip' D:\SoftDownload\wamp\www\feiystudy\article\Application\Runtime\Cache\Admin\b595b808c2ebeeeb0478ffc30bb4e87a.php 第 46 行.
INFO: Run Behavior\ParseTemplateBehavior [ RunTime:0.007142s ]
INFO: [ view_parse ] --END-- [ RunTime:0.007236s ]
INFO: [ view_filter ] --START--
INFO: Run Behavior\WriteHtmlCacheBehavior [ RunTime:0.000350s ]
INFO: [ view_filter ] --END-- [ RunTime:0.000436s ]
INFO: [ app_end ] --START--
INFO: Run Behavior\ShowPageTraceBehavior [ RunTime:0.000481s ]
INFO: [ app_end ] --END-- [ RunTime:0.000572s ]

[ 2017-09-18T20:45:05+08:00 ] ::1 /feiystudy/article/index.php/Admin/Cate/lists.html
INFO: [ app_init ] --START--
INFO: Run Behavior\BuildLiteBehavior [ RunTime:0.000035s ]
INFO: [ app_init ] --END-- [ RunTime:0.000554s ]
INFO: [ app_begin ] --START--
INFO: Run Behavior\ReadHtmlCacheBehavior [ RunTime:0.000372s ]
INFO: [ app_begin ] --END-- [ RunTime:0.000494s ]
SQL: SHOW COLUMNS FROM `feiy_cate` [ RunTime:0.0048s ]
SQL: SELECT t1.*,t2.name as pname FROM feiy_cate t1 left JOIN feiy_cate as t2 on t1.pid = t2.cateid   [ RunTime:0.0004s ]
INFO: [ view_parse ] --START--
INFO: [ template_filter ] --START--
INFO: Run Behavior\ContentReplaceBehavior [ RunTime:0.000098s ]
INFO: [ template_filter ] --END-- [ RunTime:0.000264s ]
NOTIC: [8] Undefined index: title D:\SoftDownload\wamp\www\feiystudy\article\Application\Runtime\Cache\Admin\761bd6d3753c4667d3750f040418af5e.php 第 5 行.
NOTIC: [8] Use of undefined constant pname - assumed 'pname' D:\SoftDownload\wamp\www\feiystudy\article\Application\Runtime\Cache\Admin\761bd6d3753c4667d3750f040418af5e.php 第 81 行.
NOTIC: [8] Undefined index: articleid D:\SoftDownload\wamp\www\feiystudy\article\Application\Runtime\Cache\Admin\761bd6d3753c4667d3750f040418af5e.php 第 90 行.
NOTIC: [8] Use of undefined constant pname - assumed 'pname' D:\SoftDownload\wamp\www\feiystudy\article\Application\Runtime\Cache\Admin\761bd6d3753c4667d3750f040418af5e.php 第 81 行.
NOTIC: [8] Undefined index: articleid D:\SoftDownload\wamp\www\feiystudy\article\Application\Runtime\Cache\Admin\761bd6d3753c4667d3750f040418af5e.php 第 90 行.
NOTIC: [8] Use of undefined constant pname - assumed 'pname' D:\SoftDownload\wamp\www\feiystudy\article\Application\Runtime\Cache\Admin\761bd6d3753c4667d3750f040418af5e.php 第 81 行.
NOTIC: [8] Undefined index: articleid D:\SoftDownload\wamp\www\feiystudy\article\Application\Runtime\Cache\Admin\761bd6d3753c4667d3750f040418af5e.php 第 90 行.
NOTIC: [8] Use of undefined constant pname - assumed 'pname' D:\SoftDownload\wamp\www\feiystudy\article\Application\Runtime\Cache\Admin\761bd6d3753c4667d3750f040418af5e.php 第 81 行.
NOTIC: [8] Undefined index: articleid D:\SoftDownload\wamp\www\feiystudy\article\Application\Runtime\Cache\Admin\761bd6d3753c4667d3750f040418af5e.php 第 90 行.
NOTIC: [8] Use of undefined constant pname - assumed 'pname' D:\SoftDownload\wamp\www\feiystudy\article\Application\Runtime\Cache\Admin\761bd6d3753c4667d3750f040418af5e.php 第 81 行.
NOTIC: [8] Undefined index: articleid D:\SoftDownload\wamp\www\feiystudy\article\Application\Runtime\Cache\Admin\761bd6d3753c4667d3750f040418af5e.php 第 90 行.
NOTIC: [8] Use of undefined constant pname - assumed 'pname' D:\SoftDownload\wamp\www\feiystudy\article\Application\Runtime\Cache\Admin\761bd6d3753c4667d3750f040418af5e.php 第 81 行.
NOTIC: [8] Undefined index: articleid D:\SoftDownload\wamp\www\feiystudy\article\Application\Runtime\Cache\Admin\761bd6d3753c4667d3750f040418af5e.php 第 90 行.
NOTIC: [8] Use of undefined constant pname - assumed 'pname' D:\SoftDownload\wamp\www\feiystudy\article\Application\Runtime\Cache\Admin\761bd6d3753c4667d3750f040418af5e.php 第 81 行.
NOTIC: [8] Undefined index: articleid D:\SoftDownload\wamp\www\feiystudy\article\Application\Runtime\Cache\Admin\761bd6d3753c4667d3750f040418af5e.php 第 90 行.
NOTIC: [8] Undefined variable: page D:\SoftDownload\wamp\www\feiystudy\article\Application\Runtime\Cache\Admin\761bd6d3753c4667d3750f040418af5e.php 第 93 行.
INFO: Run Behavior\ParseTemplateBehavior [ RunTime:0.013284s ]
INFO: [ view_parse ] --END-- [ RunTime:0.013410s ]
INFO: [ view_filter ] --START--
INFO: Run Behavior\WriteHtmlCacheBehavior [ RunTime:0.000396s ]
INFO: [ view_filter ] --END-- [ RunTime:0.000480s ]
INFO: [ app_end ] --START--
INFO: Run Behavior\ShowPageTraceBehavior [ RunTime:0.000559s ]
INFO: [ app_end ] --END-- [ RunTime:0.000657s ]
NOTIC: [2] Cannot modify header information - headers already sent by (output started at D:\SoftDownload\wamp\www\feiystudy\article\ThinkPHP\Library\Think\View.class.php:95) D:\SoftDownload\wamp\www\feiystudy\article\index.php 第 28 行.

[ 2017-09-18T20:45:06+08:00 ] ::1 /feiystudy/article/index.php/Admin/Cate/add.html
INFO: [ app_init ] --START--
INFO: Run Behavior\BuildLiteBehavior [ RunTime:0.000020s ]
INFO: [ app_init ] --END-- [ RunTime:0.000335s ]
INFO: [ app_begin ] --START--
INFO: Run Behavior\ReadHtmlCacheBehavior [ RunTime:0.000352s ]
INFO: [ app_begin ] --END-- [ RunTime:0.000450s ]
SQL: SHOW COLUMNS FROM `feiy_cate` [ RunTime:0.0028s ]
SQL: SELECT * FROM `feiy_cate`  [ RunTime:0.0002s ]
INFO: [ view_parse ] --START--
INFO: [ template_filter ] --START--
INFO: Run Behavior\ContentReplaceBehavior [ RunTime:0.000060s ]
INFO: [ template_filter ] --END-- [ RunTime:0.000162s ]
NOTIC: [8] Undefined index: title D:\SoftDownload\wamp\www\feiystudy\article\Application\Runtime\Cache\Admin\1e63603cb0c0765e0de965aee951a747.php 第 5 行.
NOTIC: [8] Undefined variable: edita D:\SoftDownload\wamp\www\feiystudy\article\Application\Runtime\Cache\Admin\1e63603cb0c0765e0de965aee951a747.php 第 63 行.
INFO: Run Behavior\ParseTemplateBehavior [ RunTime:0.009859s ]
INFO: [ view_parse ] --END-- [ RunTime:0.009951s ]
INFO: [ view_filter ] --START--
INFO: Run Behavior\WriteHtmlCacheBehavior [ RunTime:0.000392s ]
INFO: [ view_filter ] --END-- [ RunTime:0.000477s ]
INFO: [ app_end ] --START--
INFO: Run Behavior\ShowPageTraceBehavior [ RunTime:0.000510s ]
INFO: [ app_end ] --END-- [ RunTime:0.000598s ]

[ 2017-09-18T20:45:12+08:00 ] ::1 /feiystudy/article/index.php/Admin/Cate/handleAdd.html
INFO: [ app_init ] --START--
INFO: Run Behavior\BuildLiteBehavior [ RunTime:0.000020s ]
INFO: [ app_init ] --END-- [ RunTime:0.000324s ]
INFO: [ app_begin ] --START--
INFO: Run Behavior\ReadHtmlCacheBehavior [ RunTime:0.000533s ]
INFO: [ app_begin ] --END-- [ RunTime:0.000673s ]
SQL: SHOW COLUMNS FROM `feiy_article` [ RunTime:0.0063s ]
NOTIC: [8] Undefined index: validate D:\SoftDownload\wamp\www\feiystudy\article\ThinkPHP\Library\Think\Model.class.php 第 1185 行.
NOTIC: [8] Undefined index: auto D:\SoftDownload\wamp\www\feiystudy\article\ThinkPHP\Library\Think\Model.class.php 第 1128 行.
INFO: [ view_parse ] --START--
INFO: [ template_filter ] --START--
INFO: Run Behavior\ContentReplaceBehavior [ RunTime:0.000054s ]
INFO: [ template_filter ] --END-- [ RunTime:0.000148s ]
INFO: Run Behavior\ParseTemplateBehavior [ RunTime:0.005945s ]
INFO: [ view_parse ] --END-- [ RunTime:0.006045s ]
INFO: [ view_filter ] --START--
INFO: Run Behavior\WriteHtmlCacheBehavior [ RunTime:0.000371s ]
INFO: [ view_filter ] --END-- [ RunTime:0.000457s ]

[ 2017-09-18T20:45:18+08:00 ] ::1 /feiystudy/article/index.php/Admin/Cate/handleAdd.html
INFO: [ app_init ] --START--
INFO: Run Behavior\BuildLiteBehavior [ RunTime:0.000023s ]
INFO: [ app_init ] --END-- [ RunTime:0.000367s ]
INFO: [ app_begin ] --START--
INFO: Run Behavior\ReadHtmlCacheBehavior [ RunTime:0.000401s ]
INFO: [ app_begin ] --END-- [ RunTime:0.000516s ]
SQL: SHOW COLUMNS FROM `feiy_article` [ RunTime:0.0045s ]
NOTIC: [8] Undefined index: validate D:\SoftDownload\wamp\www\feiystudy\article\ThinkPHP\Library\Think\Model.class.php 第 1185 行.
NOTIC: [8] Undefined index: auto D:\SoftDownload\wamp\www\feiystudy\article\ThinkPHP\Library\Think\Model.class.php 第 1128 行.
SQL: SHOW COLUMNS FROM `feiy_cate` [ RunTime:0.0027s ]
SQL: SELECT * FROM `feiy_cate` WHERE `name` = 'sdasd' LIMIT 1   [ RunTime:0.0002s ]
SQL: INSERT INTO `feiy_cate` (`name`,`pid`) VALUES ('sdasd','0') [ RunTime:0.0034s ]
INFO: [ view_parse ] --START--
INFO: [ template_filter ] --START--
INFO: Run Behavior\ContentReplaceBehavior [ RunTime:0.000054s ]
INFO: [ template_filter ] --END-- [ RunTime:0.000155s ]
INFO: Run Behavior\ParseTemplateBehavior [ RunTime:0.007541s ]
INFO: [ view_parse ] --END-- [ RunTime:0.007699s ]
INFO: [ view_filter ] --START--
INFO: Run Behavior\WriteHtmlCacheBehavior [ RunTime:0.000371s ]
INFO: [ view_filter ] --END-- [ RunTime:0.000494s ]
INFO: [ app_end ] --START--
INFO: Run Behavior\ShowPageTraceBehavior [ RunTime:0.000351s ]
INFO: [ app_end ] --END-- [ RunTime:0.000452s ]

[ 2017-09-18T20:45:19+08:00 ] ::1 /feiystudy/article/index.php/Admin/Cate/lists.html
INFO: [ app_init ] --START--
INFO: Run Behavior\BuildLiteBehavior [ RunTime:0.000035s ]
INFO: [ app_init ] --END-- [ RunTime:0.000626s ]
INFO: [ app_begin ] --START--
INFO: Run Behavior\ReadHtmlCacheBehavior [ RunTime:0.000596s ]
INFO: [ app_begin ] --END-- [ RunTime:0.000777s ]
SQL: SHOW COLUMNS FROM `feiy_cate` [ RunTime:0.0065s ]
SQL: SELECT t1.*,t2.name as pname FROM feiy_cate t1 left JOIN feiy_cate as t2 on t1.pid = t2.cateid   [ RunTime:0.0003s ]
INFO: [ view_parse ] --START--
INFO: [ template_filter ] --START--
INFO: Run Behavior\ContentReplaceBehavior [ RunTime:0.000057s ]
INFO: [ template_filter ] --END-- [ RunTime:0.000149s ]
NOTIC: [8] Undefined index: title D:\SoftDownload\wamp\www\feiystudy\article\Application\Runtime\Cache\Admin\761bd6d3753c4667d3750f040418af5e.php 第 5 行.
NOTIC: [8] Use of undefined constant pname - assumed 'pname' D:\SoftDownload\wamp\www\feiystudy\article\Application\Runtime\Cache\Admin\761bd6d3753c4667d3750f040418af5e.php 第 81 行.
NOTIC: [8] Undefined index: articleid D:\SoftDownload\wamp\www\feiystudy\article\Application\Runtime\Cache\Admin\761bd6d3753c4667d3750f040418af5e.php 第 90 行.
NOTIC: [8] Use of undefined constant pname - assumed 'pname' D:\SoftDownload\wamp\www\feiystudy\article\Application\Runtime\Cache\Admin\761bd6d3753c4667d3750f040418af5e.php 第 81 行.
NOTIC: [8] Undefined index: articleid D:\SoftDownload\wamp\www\feiystudy\article\Application\Runtime\Cache\Admin\761bd6d3753c4667d3750f040418af5e.php 第 90 行.
NOTIC: [8] Use of undefined constant pname - assumed 'pname' D:\SoftDownload\wamp\www\feiystudy\article\Application\Runtime\Cache\Admin\761bd6d3753c4667d3750f040418af5e.php 第 81 行.
NOTIC: [8] Undefined index: articleid D:\SoftDownload\wamp\www\feiystudy\article\Application\Runtime\Cache\Admin\761bd6d3753c4667d3750f040418af5e.php 第 90 行.
NOTIC: [8] Use of undefined constant pname - assumed 'pname' D:\SoftDownload\wamp\www\feiystudy\article\Application\Runtime\Cache\Admin\761bd6d3753c4667d3750f040418af5e.php 第 81 行.
NOTIC: [8] Undefined index: articleid D:\SoftDownload\wamp\www\feiystudy\article\Application\Runtime\Cache\Admin\761bd6d3753c4667d3750f040418af5e.php 第 90 行.
NOTIC: [8] Use of undefined constant pname - assumed 'pname' D:\SoftDownload\wamp\www\feiystudy\article\Application\Runtime\Cache\Admin\761bd6d3753c4667d3750f040418af5e.php 第 81 行.
NOTIC: [8] Undefined index: articleid D:\SoftDownload\wamp\www\feiystudy\article\Application\Runtime\Cache\Admin\761bd6d3753c4667d3750f040418af5e.php 第 90 行.
NOTIC: [8] Use of undefined constant pname - assumed 'pname' D:\SoftDownload\wamp\www\feiystudy\article\Application\Runtime\Cache\Admin\761bd6d3753c4667d3750f040418af5e.php 第 81 行.
NOTIC: [8] Undefined index: articleid D:\SoftDownload\wamp\www\feiystudy\article\Application\Runtime\Cache\Admin\761bd6d3753c4667d3750f040418af5e.php 第 90 行.
NOTIC: [8] Use of undefined constant pname - assumed 'pname' D:\SoftDownload\wamp\www\feiystudy\article\Application\Runtime\Cache\Admin\761bd6d3753c4667d3750f040418af5e.php 第 81 行.
NOTIC: [8] Undefined index: articleid D:\SoftDownload\wamp\www\feiystudy\article\Application\Runtime\Cache\Admin\761bd6d3753c4667d3750f040418af5e.php 第 90 行.
NOTIC: [8] Use of undefined constant pname - assumed 'pname' D:\SoftDownload\wamp\www\feiystudy\article\Application\Runtime\Cache\Admin\761bd6d3753c4667d3750f040418af5e.php 第 81 行.
NOTIC: [8] Undefined index: articleid D:\SoftDownload\wamp\www\feiystudy\article\Application\Runtime\Cache\Admin\761bd6d3753c4667d3750f040418af5e.php 第 90 行.
NOTIC: [8] Undefined variable: page D:\SoftDownload\wamp\www\feiystudy\article\Application\Runtime\Cache\Admin\761bd6d3753c4667d3750f040418af5e.php 第 93 行.
INFO: Run Behavior\ParseTemplateBehavior [ RunTime:0.012387s ]
INFO: [ view_parse ] --END-- [ RunTime:0.012501s ]
INFO: [ view_filter ] --START--
INFO: Run Behavior\WriteHtmlCacheBehavior [ RunTime:0.000786s ]
INFO: [ view_filter ] --END-- [ RunTime:0.000877s ]
INFO: [ app_end ] --START--
INFO: Run Behavior\ShowPageTraceBehavior [ RunTime:0.000418s ]
INFO: [ app_end ] --END-- [ RunTime:0.000509s ]
NOTIC: [2] Cannot modify header information - headers already sent by (output started at D:\SoftDownload\wamp\www\feiystudy\article\ThinkPHP\Library\Think\View.class.php:95) D:\SoftDownload\wamp\www\feiystudy\article\index.php 第 28 行.

[ 2017-09-18T20:46:02+08:00 ] ::1 /feiystudy/article/index.php/Admin/Article/lists.html
INFO: [ app_init ] --START--
INFO: Run Behavior\BuildLiteBehavior [ RunTime:0.000021s ]
INFO: [ app_init ] --END-- [ RunTime:0.000398s ]
INFO: [ app_begin ] --START--
INFO: Run Behavior\ReadHtmlCacheBehavior [ RunTime:0.000505s ]
INFO: [ app_begin ] --END-- [ RunTime:0.000612s ]
NOTIC: [2048] Declaration of Admin\Model\ArticleModel::delete() should be compatible with Think\Model::delete($options = Array) D:\SoftDownload\wamp\www\feiystudy\article\Application\Admin\Model\ArticleModel.class.php 第 4 行.
SQL: SHOW COLUMNS FROM `feiy_article` [ RunTime:0.0031s ]
SQL: SELECT COUNT(*) AS tp_count FROM `feiy_article` WHERE `is_del` = 1 LIMIT 1   [ RunTime:0.0003s ]
SQL: SELECT * FROM `feiy_article` WHERE `is_del` = 1 ORDER BY articleid desc LIMIT 0,1   [ RunTime:0.0003s ]
NOTIC: [8] Undefined variable: sql D:\SoftDownload\wamp\www\feiystudy\article\Application\Admin\Model\ArticleModel.class.php 第 25 行.
INFO: [ view_parse ] --START--
INFO: [ template_filter ] --START--
INFO: Run Behavior\ContentReplaceBehavior [ RunTime:0.000088s ]
INFO: [ template_filter ] --END-- [ RunTime:0.000240s ]
INFO: Run Behavior\ParseTemplateBehavior [ RunTime:0.009399s ]
INFO: [ view_parse ] --END-- [ RunTime:0.009505s ]
INFO: [ view_filter ] --START--
INFO: Run Behavior\WriteHtmlCacheBehavior [ RunTime:0.000395s ]
INFO: [ view_filter ] --END-- [ RunTime:0.000525s ]
INFO: [ app_end ] --START--
INFO: Run Behavior\ShowPageTraceBehavior [ RunTime:0.000506s ]
INFO: [ app_end ] --END-- [ RunTime:0.000595s ]

[ 2017-09-18T20:46:04+08:00 ] ::1 /feiystudy/article/index.php/Admin/Article/edit/id/3.html
INFO: [ app_init ] --START--
INFO: Run Behavior\BuildLiteBehavior [ RunTime:0.000040s ]
INFO: [ app_init ] --END-- [ RunTime:0.000573s ]
INFO: [ app_begin ] --START--
INFO: Run Behavior\ReadHtmlCacheBehavior [ RunTime:0.000367s ]
INFO: [ app_begin ] --END-- [ RunTime:0.000466s ]
SQL: SHOW COLUMNS FROM `feiy_article` [ RunTime:0.0045s ]
SQL: SELECT * FROM `feiy_article` WHERE ( articleid=3 ) LIMIT 1   [ RunTime:0.0003s ]
INFO: [ view_parse ] --START--
INFO: [ template_filter ] --START--
INFO: Run Behavior\ContentReplaceBehavior [ RunTime:0.000093s ]
INFO: [ template_filter ] --END-- [ RunTime:0.000194s ]
NOTIC: [8] Undefined variable: lists D:\SoftDownload\wamp\www\feiystudy\article\Application\Runtime\Cache\Admin\761055de2f430bef08441163fbb8bda7.php 第 5 行.
NOTIC: [8] Undefined variable: v D:\SoftDownload\wamp\www\feiystudy\article\Application\Runtime\Cache\Admin\761055de2f430bef08441163fbb8bda7.php 第 100 行.
INFO: Run Behavior\ParseTemplateBehavior [ RunTime:0.007941s ]
INFO: [ view_parse ] --END-- [ RunTime:0.008046s ]
INFO: [ view_filter ] --START--
INFO: Run Behavior\WriteHtmlCacheBehavior [ RunTime:0.000577s ]
INFO: [ view_filter ] --END-- [ RunTime:0.000674s ]
INFO: [ app_end ] --START--
INFO: Run Behavior\ShowPageTraceBehavior [ RunTime:0.000522s ]
INFO: [ app_end ] --END-- [ RunTime:0.000609s ]
NOTIC: [2] Cannot modify header information - headers already sent by (output started at D:\SoftDownload\wamp\www\feiystudy\article\ThinkPHP\Library\Think\View.class.php:95) D:\SoftDownload\wamp\www\feiystudy\article\index.php 第 28 行.

[ 2017-09-18T20:46:08+08:00 ] ::1 /feiystudy/article/index.php/Admin/Article/handleEdit/id/3.html
INFO: [ app_init ] --START--
INFO: Run Behavior\BuildLiteBehavior [ RunTime:0.000020s ]
INFO: [ app_init ] --END-- [ RunTime:0.000332s ]
INFO: [ app_begin ] --START--
INFO: Run Behavior\ReadHtmlCacheBehavior [ RunTime:0.000340s ]
INFO: [ app_begin ] --END-- [ RunTime:0.000428s ]
SQL: SHOW COLUMNS FROM `feiy_article` [ RunTime:0.0037s ]
NOTIC: [8] Undefined index: validate D:\SoftDownload\wamp\www\feiystudy\article\ThinkPHP\Library\Think\Model.class.php 第 1185 行.
NOTIC: [8] Undefined index: auto D:\SoftDownload\wamp\www\feiystudy\article\ThinkPHP\Library\Think\Model.class.php 第 1128 行.
SQL: UPDATE `feiy_article` SET `title`='无人驾驶能否像人类一样做出道德决策？今天修改的',`des`='今天买的纸巾asdsaddad',`cateid`='1',`content`='德国奥斯纳布吕克大学认知科学研究所的研究人员，利用沉浸式虚拟现实技术，对人类驾车时作出的道德决策和行为做了一场实验，并将研究结果发布在了《行为神经科学前沿》杂志上。sadsadsadsad

研究人员将实验情景设定在有雾的一天，实验参与者模拟驾驶一辆汽车行驶在典型的郊区道路上，此时他们会遇到突然间出现的无生命物体、动物或者人类，他们必须要在这几种对象之中选择撞上哪个、躲避哪个。参与者的行为数据被统计模型获取，并推导出一系列规则。这项研究表明，在不可避免的交通碰撞事故发生时，对于人类、动物或无生命物体的生命价值，人类是有伦理判断的，而这些判断能够通过算法建立模型。

该论文的第一作者莱昂·苏特菲尔德说，到目前为止，人们普遍认为，人类的道德决策往往是根据事发时情境来确定的，因此它不能用算法进行模拟或描述。“但我们的发现恰恰相反，在进退两难的情境下，实验参与者会依据对人类、动物或无生命物体生命价值的判断来进行反应，根据人类这种生命价值观，我们可以建立人类行为的模型，然后通过算法植入机器中。' WHERE `articleid` = 3 [ RunTime:0.0062s ]

[ 2017-09-18T20:46:10+08:00 ] ::1 /feiystudy/article/index.php/Admin/Article/lists.html
INFO: [ app_init ] --START--
INFO: Run Behavior\BuildLiteBehavior [ RunTime:0.000048s ]
INFO: [ app_init ] --END-- [ RunTime:0.000770s ]
INFO: [ app_begin ] --START--
INFO: Run Behavior\ReadHtmlCacheBehavior [ RunTime:0.001053s ]
INFO: [ app_begin ] --END-- [ RunTime:0.001292s ]
NOTIC: [2048] Declaration of Admin\Model\ArticleModel::delete() should be compatible with Think\Model::delete($options = Array) D:\SoftDownload\wamp\www\feiystudy\article\Application\Admin\Model\ArticleModel.class.php 第 4 行.
SQL: SHOW COLUMNS FROM `feiy_article` [ RunTime:0.0038s ]
SQL: SELECT COUNT(*) AS tp_count FROM `feiy_article` WHERE `is_del` = 1 LIMIT 1   [ RunTime:0.0003s ]
SQL: SELECT * FROM `feiy_article` WHERE `is_del` = 1 ORDER BY articleid desc LIMIT 0,1   [ RunTime:0.0003s ]
NOTIC: [8] Undefined variable: sql D:\SoftDownload\wamp\www\feiystudy\article\Application\Admin\Model\ArticleModel.class.php 第 25 行.
INFO: [ view_parse ] --START--
INFO: [ template_filter ] --START--
INFO: Run Behavior\ContentReplaceBehavior [ RunTime:0.000058s ]
INFO: [ template_filter ] --END-- [ RunTime:0.000180s ]
INFO: Run Behavior\ParseTemplateBehavior [ RunTime:0.007159s ]
INFO: [ view_parse ] --END-- [ RunTime:0.007268s ]
INFO: [ view_filter ] --START--
INFO: Run Behavior\WriteHtmlCacheBehavior [ RunTime:0.000405s ]
INFO: [ view_filter ] --END-- [ RunTime:0.000536s ]
INFO: [ app_end ] --START--
INFO: Run Behavior\ShowPageTraceBehavior [ RunTime:0.000544s ]
INFO: [ app_end ] --END-- [ RunTime:0.000630s ]

[ 2017-09-18T20:46:14+08:00 ] ::1 /feiystudy/article/index.php/Admin/Article/lists/p/2.html
INFO: [ app_init ] --START--
INFO: Run Behavior\BuildLiteBehavior [ RunTime:0.000022s ]
INFO: [ app_init ] --END-- [ RunTime:0.000333s ]
INFO: [ app_begin ] --START--
INFO: Run Behavior\ReadHtmlCacheBehavior [ RunTime:0.000351s ]
INFO: [ app_begin ] --END-- [ RunTime:0.000450s ]
NOTIC: [2048] Declaration of Admin\Model\ArticleModel::delete() should be compatible with Think\Model::delete($options = Array) D:\SoftDownload\wamp\www\feiystudy\article\Application\Admin\Model\ArticleModel.class.php 第 4 行.
SQL: SHOW COLUMNS FROM `feiy_article` [ RunTime:0.0049s ]
SQL: SELECT COUNT(*) AS tp_count FROM `feiy_article` WHERE `is_del` = 1 LIMIT 1   [ RunTime:0.0002s ]
SQL: SELECT * FROM `feiy_article` WHERE `is_del` = 1 ORDER BY articleid desc LIMIT 1,1   [ RunTime:0.0002s ]
NOTIC: [8] Undefined variable: sql D:\SoftDownload\wamp\www\feiystudy\article\Application\Admin\Model\ArticleModel.class.php 第 25 行.
INFO: [ view_parse ] --START--
INFO: [ template_filter ] --START--
INFO: Run Behavior\ContentReplaceBehavior [ RunTime:0.000061s ]
INFO: [ template_filter ] --END-- [ RunTime:0.000164s ]
INFO: Run Behavior\ParseTemplateBehavior [ RunTime:0.007340s ]
INFO: [ view_parse ] --END-- [ RunTime:0.007439s ]
INFO: [ view_filter ] --START--
INFO: Run Behavior\WriteHtmlCacheBehavior [ RunTime:0.000371s ]
INFO: [ view_filter ] --END-- [ RunTime:0.000466s ]
INFO: [ app_end ] --START--
INFO: Run Behavior\ShowPageTraceBehavior [ RunTime:0.000502s ]
INFO: [ app_end ] --END-- [ RunTime:0.000595s ]

[ 2017-09-18T20:46:15+08:00 ] ::1 /feiystudy/article/index.php/Admin/Article/lists/p/3.html
INFO: [ app_init ] --START--
INFO: Run Behavior\BuildLiteBehavior [ RunTime:0.000020s ]
INFO: [ app_init ] --END-- [ RunTime:0.000333s ]
INFO: [ app_begin ] --START--
INFO: Run Behavior\ReadHtmlCacheBehavior [ RunTime:0.000577s ]
INFO: [ app_begin ] --END-- [ RunTime:0.000711s ]
NOTIC: [2048] Declaration of Admin\Model\ArticleModel::delete() should be compatible with Think\Model::delete($options = Array) D:\SoftDownload\wamp\www\feiystudy\article\Application\Admin\Model\ArticleModel.class.php 第 4 行.
SQL: SHOW COLUMNS FROM `feiy_article` [ RunTime:0.0069s ]
SQL: SELECT COUNT(*) AS tp_count FROM `feiy_article` WHERE `is_del` = 1 LIMIT 1   [ RunTime:0.0002s ]
SQL: SELECT * FROM `feiy_article` WHERE `is_del` = 1 ORDER BY articleid desc LIMIT 2,1   [ RunTime:0.0002s ]
NOTIC: [8] Undefined variable: sql D:\SoftDownload\wamp\www\feiystudy\article\Application\Admin\Model\ArticleModel.class.php 第 25 行.
INFO: [ view_parse ] --START--
INFO: [ template_filter ] --START--
INFO: Run Behavior\ContentReplaceBehavior [ RunTime:0.000056s ]
INFO: [ template_filter ] --END-- [ RunTime:0.000145s ]
INFO: Run Behavior\ParseTemplateBehavior [ RunTime:0.007533s ]
INFO: [ view_parse ] --END-- [ RunTime:0.007651s ]
INFO: [ view_filter ] --START--
INFO: Run Behavior\WriteHtmlCacheBehavior [ RunTime:0.000538s ]
INFO: [ view_filter ] --END-- [ RunTime:0.000628s ]
INFO: [ app_end ] --START--
INFO: Run Behavior\ShowPageTraceBehavior [ RunTime:0.000483s ]
INFO: [ app_end ] --END-- [ RunTime:0.000602s ]

[ 2017-09-18T20:46:17+08:00 ] ::1 /feiystudy/article/index.php/Admin/Article/lists/p/1.html
INFO: [ app_init ] --START--
INFO: Run Behavior\BuildLiteBehavior [ RunTime:0.000020s ]
INFO: [ app_init ] --END-- [ RunTime:0.000331s ]
INFO: [ app_begin ] --START--
INFO: Run Behavior\ReadHtmlCacheBehavior [ RunTime:0.000350s ]
INFO: [ app_begin ] --END-- [ RunTime:0.000449s ]
NOTIC: [2048] Declaration of Admin\Model\ArticleModel::delete() should be compatible with Think\Model::delete($options = Array) D:\SoftDownload\wamp\www\feiystudy\article\Application\Admin\Model\ArticleModel.class.php 第 4 行.
SQL: SHOW COLUMNS FROM `feiy_article` [ RunTime:0.0049s ]
SQL: SELECT COUNT(*) AS tp_count FROM `feiy_article` WHERE `is_del` = 1 LIMIT 1   [ RunTime:0.0003s ]
SQL: SELECT * FROM `feiy_article` WHERE `is_del` = 1 ORDER BY articleid desc LIMIT 0,1   [ RunTime:0.0002s ]
NOTIC: [8] Undefined variable: sql D:\SoftDownload\wamp\www\feiystudy\article\Application\Admin\Model\ArticleModel.class.php 第 25 行.
INFO: [ view_parse ] --START--
INFO: [ template_filter ] --START--
INFO: Run Behavior\ContentReplaceBehavior [ RunTime:0.000067s ]
INFO: [ template_filter ] --END-- [ RunTime:0.000178s ]
INFO: Run Behavior\ParseTemplateBehavior [ RunTime:0.007462s ]
INFO: [ view_parse ] --END-- [ RunTime:0.007557s ]
INFO: [ view_filter ] --START--
INFO: Run Behavior\WriteHtmlCacheBehavior [ RunTime:0.000392s ]
INFO: [ view_filter ] --END-- [ RunTime:0.000477s ]
INFO: [ app_end ] --START--
INFO: Run Behavior\ShowPageTraceBehavior [ RunTime:0.000516s ]
INFO: [ app_end ] --END-- [ RunTime:0.000604s ]

[ 2017-09-18T20:46:29+08:00 ] ::1 /feiystudy/article/index.php/Admin/Article/lists/p/1.html
INFO: [ app_init ] --START--
INFO: Run Behavior\BuildLiteBehavior [ RunTime:0.000021s ]
INFO: [ app_init ] --END-- [ RunTime:0.000333s ]
INFO: [ app_begin ] --START--
INFO: Run Behavior\ReadHtmlCacheBehavior [ RunTime:0.000355s ]
INFO: [ app_begin ] --END-- [ RunTime:0.000454s ]
NOTIC: [2048] Declaration of Admin\Model\ArticleModel::delete() should be compatible with Think\Model::delete($options = Array) D:\SoftDownload\wamp\www\feiystudy\article\Application\Admin\Model\ArticleModel.class.php 第 4 行.
SQL: SHOW COLUMNS FROM `feiy_article` [ RunTime:0.0044s ]
SQL: SELECT COUNT(*) AS tp_count FROM `feiy_article` WHERE `is_del` = 1 LIMIT 1   [ RunTime:0.0002s ]
SQL: SELECT * FROM `feiy_article` WHERE `is_del` = 1 ORDER BY articleid desc LIMIT 0,1   [ RunTime:0.0002s ]
NOTIC: [8] Undefined variable: sql D:\SoftDownload\wamp\www\feiystudy\article\Application\Admin\Model\ArticleModel.class.php 第 25 行.
INFO: [ view_parse ] --START--
INFO: [ template_filter ] --START--
INFO: Run Behavior\ContentReplaceBehavior [ RunTime:0.000060s ]
INFO: [ template_filter ] --END-- [ RunTime:0.000156s ]
INFO: Run Behavior\ParseTemplateBehavior [ RunTime:0.007611s ]
INFO: [ view_parse ] --END-- [ RunTime:0.007706s ]
INFO: [ view_filter ] --START--
INFO: Run Behavior\WriteHtmlCacheBehavior [ RunTime:0.000358s ]
INFO: [ view_filter ] --END-- [ RunTime:0.000445s ]
INFO: [ app_end ] --START--
INFO: Run Behavior\ShowPageTraceBehavior [ RunTime:0.000511s ]
INFO: [ app_end ] --END-- [ RunTime:0.000599s ]

[ 2017-09-18T20:46:35+08:00 ] ::1 /feiystudy/article/index.php/Admin/Cate/lists.html
INFO: [ app_init ] --START--
INFO: Run Behavior\BuildLiteBehavior [ RunTime:0.000021s ]
INFO: [ app_init ] --END-- [ RunTime:0.000381s ]
INFO: [ app_begin ] --START--
INFO: Run Behavior\ReadHtmlCacheBehavior [ RunTime:0.000485s ]
INFO: [ app_begin ] --END-- [ RunTime:0.000595s ]
SQL: SHOW COLUMNS FROM `feiy_cate` [ RunTime:0.0039s ]
SQL: SELECT t1.*,t2.name as pname FROM feiy_cate t1 left JOIN feiy_cate as t2 on t1.pid = t2.cateid   [ RunTime:0.0003s ]
INFO: [ view_parse ] --START--
INFO: [ template_filter ] --START--
INFO: Run Behavior\ContentReplaceBehavior [ RunTime:0.000058s ]
INFO: [ template_filter ] --END-- [ RunTime:0.000155s ]
NOTIC: [8] Undefined index: title D:\SoftDownload\wamp\www\feiystudy\article\Application\Runtime\Cache\Admin\761bd6d3753c4667d3750f040418af5e.php 第 5 行.
NOTIC: [8] Use of undefined constant pname - assumed 'pname' D:\SoftDownload\wamp\www\feiystudy\article\Application\Runtime\Cache\Admin\761bd6d3753c4667d3750f040418af5e.php 第 81 行.
NOTIC: [8] Undefined index: articleid D:\SoftDownload\wamp\www\feiystudy\article\Application\Runtime\Cache\Admin\761bd6d3753c4667d3750f040418af5e.php 第 90 行.
NOTIC: [8] Use of undefined constant pname - assumed 'pname' D:\SoftDownload\wamp\www\feiystudy\article\Application\Runtime\Cache\Admin\761bd6d3753c4667d3750f040418af5e.php 第 81 行.
NOTIC: [8] Undefined index: articleid D:\SoftDownload\wamp\www\feiystudy\article\Application\Runtime\Cache\Admin\761bd6d3753c4667d3750f040418af5e.php 第 90 行.
NOTIC: [8] Use of undefined constant pname - assumed 'pname' D:\SoftDownload\wamp\www\feiystudy\article\Application\Runtime\Cache\Admin\761bd6d3753c4667d3750f040418af5e.php 第 81 行.
NOTIC: [8] Undefined index: articleid D:\SoftDownload\wamp\www\feiystudy\article\Application\Runtime\Cache\Admin\761bd6d3753c4667d3750f040418af5e.php 第 90 行.
NOTIC: [8] Use of undefined constant pname - assumed 'pname' D:\SoftDownload\wamp\www\feiystudy\article\Application\Runtime\Cache\Admin\761bd6d3753c4667d3750f040418af5e.php 第 81 行.
NOTIC: [8] Undefined index: articleid D:\SoftDownload\wamp\www\feiystudy\article\Application\Runtime\Cache\Admin\761bd6d3753c4667d3750f040418af5e.php 第 90 行.
NOTIC: [8] Use of undefined constant pname - assumed 'pname' D:\SoftDownload\wamp\www\feiystudy\article\Application\Runtime\Cache\Admin\761bd6d3753c4667d3750f040418af5e.php 第 81 行.
NOTIC: [8] Undefined index: articleid D:\SoftDownload\wamp\www\feiystudy\article\Application\Runtime\Cache\Admin\761bd6d3753c4667d3750f040418af5e.php 第 90 行.
NOTIC: [8] Use of undefined constant pname - assumed 'pname' D:\SoftDownload\wamp\www\feiystudy\article\Application\Runtime\Cache\Admin\761bd6d3753c4667d3750f040418af5e.php 第 81 行.
NOTIC: [8] Undefined index: articleid D:\SoftDownload\wamp\www\feiystudy\article\Application\Runtime\Cache\Admin\761bd6d3753c4667d3750f040418af5e.php 第 90 行.
NOTIC: [8] Use of undefined constant pname - assumed 'pname' D:\SoftDownload\wamp\www\feiystudy\article\Application\Runtime\Cache\Admin\761bd6d3753c4667d3750f040418af5e.php 第 81 行.
NOTIC: [8] Undefined index: articleid D:\SoftDownload\wamp\www\feiystudy\article\Application\Runtime\Cache\Admin\761bd6d3753c4667d3750f040418af5e.php 第 90 行.
NOTIC: [8] Use of undefined constant pname - assumed 'pname' D:\SoftDownload\wamp\www\feiystudy\article\Application\Runtime\Cache\Admin\761bd6d3753c4667d3750f040418af5e.php 第 81 行.
NOTIC: [8] Undefined index: articleid D:\SoftDownload\wamp\www\feiystudy\article\Application\Runtime\Cache\Admin\761bd6d3753c4667d3750f040418af5e.php 第 90 行.
NOTIC: [8] Undefined variable: page D:\SoftDownload\wamp\www\feiystudy\article\Application\Runtime\Cache\Admin\761bd6d3753c4667d3750f040418af5e.php 第 93 行.
INFO: Run Behavior\ParseTemplateBehavior [ RunTime:0.011201s ]
INFO: [ view_parse ] --END-- [ RunTime:0.011308s ]
INFO: [ view_filter ] --START--
INFO: Run Behavior\WriteHtmlCacheBehavior [ RunTime:0.000290s ]
INFO: [ view_filter ] --END-- [ RunTime:0.000376s ]
INFO: [ app_end ] --START--
INFO: Run Behavior\ShowPageTraceBehavior [ RunTime:0.000740s ]
INFO: [ app_end ] --END-- [ RunTime:0.000872s ]
NOTIC: [2] Cannot modify header information - headers already sent by (output started at D:\SoftDownload\wamp\www\feiystudy\article\ThinkPHP\Library\Think\View.class.php:95) D:\SoftDownload\wamp\www\feiystudy\article\index.php 第 28 行.

[ 2017-09-18T20:46:36+08:00 ] ::1 /feiystudy/article/index.php/Admin/Article/lists.html
INFO: [ app_init ] --START--
INFO: Run Behavior\BuildLiteBehavior [ RunTime:0.000021s ]
INFO: [ app_init ] --END-- [ RunTime:0.000340s ]
INFO: [ app_begin ] --START--
INFO: Run Behavior\ReadHtmlCacheBehavior [ RunTime:0.000372s ]
INFO: [ app_begin ] --END-- [ RunTime:0.000468s ]
NOTIC: [2048] Declaration of Admin\Model\ArticleModel::delete() should be compatible with Think\Model::delete($options = Array) D:\SoftDownload\wamp\www\feiystudy\article\Application\Admin\Model\ArticleModel.class.php 第 4 行.
SQL: SHOW COLUMNS FROM `feiy_article` [ RunTime:0.0047s ]
SQL: SELECT COUNT(*) AS tp_count FROM `feiy_article` WHERE `is_del` = 1 LIMIT 1   [ RunTime:0.0003s ]
SQL: SELECT * FROM `feiy_article` WHERE `is_del` = 1 ORDER BY articleid desc LIMIT 0,1   [ RunTime:0.0003s ]
NOTIC: [8] Undefined variable: sql D:\SoftDownload\wamp\www\feiystudy\article\Application\Admin\Model\ArticleModel.class.php 第 25 行.
INFO: [ view_parse ] --START--
INFO: [ template_filter ] --START--
INFO: Run Behavior\ContentReplaceBehavior [ RunTime:0.000158s ]
INFO: [ template_filter ] --END-- [ RunTime:0.000381s ]
INFO: Run Behavior\ParseTemplateBehavior [ RunTime:0.008676s ]
INFO: [ view_parse ] --END-- [ RunTime:0.008777s ]
INFO: [ view_filter ] --START--
INFO: Run Behavior\WriteHtmlCacheBehavior [ RunTime:0.000254s ]
INFO: [ view_filter ] --END-- [ RunTime:0.000338s ]
INFO: [ app_end ] --START--
INFO: Run Behavior\ShowPageTraceBehavior [ RunTime:0.000480s ]
INFO: [ app_end ] --END-- [ RunTime:0.000597s ]

[ 2017-09-18T20:46:38+08:00 ] ::1 /feiystudy/article/index.php/Admin/Article/edit/id/3.html
INFO: [ app_init ] --START--
INFO: Run Behavior\BuildLiteBehavior [ RunTime:0.000022s ]
INFO: [ app_init ] --END-- [ RunTime:0.000329s ]
INFO: [ app_begin ] --START--
INFO: Run Behavior\ReadHtmlCacheBehavior [ RunTime:0.000346s ]
INFO: [ app_begin ] --END-- [ RunTime:0.000443s ]
SQL: SHOW COLUMNS FROM `feiy_article` [ RunTime:0.0057s ]
SQL: SELECT * FROM `feiy_article` WHERE ( articleid=3 ) LIMIT 1   [ RunTime:0.0003s ]
INFO: [ view_parse ] --START--
INFO: [ template_filter ] --START--
INFO: Run Behavior\ContentReplaceBehavior [ RunTime:0.000105s ]
INFO: [ template_filter ] --END-- [ RunTime:0.000272s ]
NOTIC: [8] Undefined variable: lists D:\SoftDownload\wamp\www\feiystudy\article\Application\Runtime\Cache\Admin\761055de2f430bef08441163fbb8bda7.php 第 5 行.
NOTIC: [8] Undefined variable: v D:\SoftDownload\wamp\www\feiystudy\article\Application\Runtime\Cache\Admin\761055de2f430bef08441163fbb8bda7.php 第 100 行.
INFO: Run Behavior\ParseTemplateBehavior [ RunTime:0.006804s ]
INFO: [ view_parse ] --END-- [ RunTime:0.006900s ]
INFO: [ view_filter ] --START--
INFO: Run Behavior\WriteHtmlCacheBehavior [ RunTime:0.000262s ]
INFO: [ view_filter ] --END-- [ RunTime:0.000361s ]
INFO: [ app_end ] --START--
INFO: Run Behavior\ShowPageTraceBehavior [ RunTime:0.000504s ]
INFO: [ app_end ] --END-- [ RunTime:0.000618s ]
NOTIC: [2] Cannot modify header information - headers already sent by (output started at D:\SoftDownload\wamp\www\feiystudy\article\ThinkPHP\Library\Think\View.class.php:95) D:\SoftDownload\wamp\www\feiystudy\article\index.php 第 28 行.

[ 2017-09-18T20:46:42+08:00 ] ::1 /feiystudy/article/index.php/Admin/Cate/lists.html
INFO: [ app_init ] --START--
INFO: Run Behavior\BuildLiteBehavior [ RunTime:0.000021s ]
INFO: [ app_init ] --END-- [ RunTime:0.000338s ]
INFO: [ app_begin ] --START--
INFO: Run Behavior\ReadHtmlCacheBehavior [ RunTime:0.000357s ]
INFO: [ app_begin ] --END-- [ RunTime:0.000457s ]
SQL: SHOW COLUMNS FROM `feiy_cate` [ RunTime:0.0069s ]
SQL: SELECT t1.*,t2.name as pname FROM feiy_cate t1 left JOIN feiy_cate as t2 on t1.pid = t2.cateid   [ RunTime:0.0002s ]
INFO: [ view_parse ] --START--
INFO: [ template_filter ] --START--
INFO: Run Behavior\ContentReplaceBehavior [ RunTime:0.000056s ]
INFO: [ template_filter ] --END-- [ RunTime:0.000148s ]
NOTIC: [8] Undefined index: title D:\SoftDownload\wamp\www\feiystudy\article\Application\Runtime\Cache\Admin\761bd6d3753c4667d3750f040418af5e.php 第 5 行.
NOTIC: [8] Use of undefined constant pname - assumed 'pname' D:\SoftDownload\wamp\www\feiystudy\article\Application\Runtime\Cache\Admin\761bd6d3753c4667d3750f040418af5e.php 第 81 行.
NOTIC: [8] Undefined index: articleid D:\SoftDownload\wamp\www\feiystudy\article\Application\Runtime\Cache\Admin\761bd6d3753c4667d3750f040418af5e.php 第 90 行.
NOTIC: [8] Use of undefined constant pname - assumed 'pname' D:\SoftDownload\wamp\www\feiystudy\article\Application\Runtime\Cache\Admin\761bd6d3753c4667d3750f040418af5e.php 第 81 行.
NOTIC: [8] Undefined index: articleid D:\SoftDownload\wamp\www\feiystudy\article\Application\Runtime\Cache\Admin\761bd6d3753c4667d3750f040418af5e.php 第 90 行.
NOTIC: [8] Use of undefined constant pname - assumed 'pname' D:\SoftDownload\wamp\www\feiystudy\article\Application\Runtime\Cache\Admin\761bd6d3753c4667d3750f040418af5e.php 第 81 行.
NOTIC: [8] Undefined index: articleid D:\SoftDownload\wamp\www\feiystudy\article\Application\Runtime\Cache\Admin\761bd6d3753c4667d3750f040418af5e.php 第 90 行.
NOTIC: [8] Use of undefined constant pname - assumed 'pname' D:\SoftDownload\wamp\www\feiystudy\article\Application\Runtime\Cache\Admin\761bd6d3753c4667d3750f040418af5e.php 第 81 行.
NOTIC: [8] Undefined index: articleid D:\SoftDownload\wamp\www\feiystudy\article\Application\Runtime\Cache\Admin\761bd6d3753c4667d3750f040418af5e.php 第 90 行.
NOTIC: [8] Use of undefined constant pname - assumed 'pname' D:\SoftDownload\wamp\www\feiystudy\article\Application\Runtime\Cache\Admin\761bd6d3753c4667d3750f040418af5e.php 第 81 行.
NOTIC: [8] Undefined index: articleid D:\SoftDownload\wamp\www\feiystudy\article\Application\Runtime\Cache\Admin\761bd6d3753c4667d3750f040418af5e.php 第 90 行.
NOTIC: [8] Use of undefined constant pname - assumed 'pname' D:\SoftDownload\wamp\www\feiystudy\article\Application\Runtime\Cache\Admin\761bd6d3753c4667d3750f040418af5e.php 第 81 行.
NOTIC: [8] Undefined index: articleid D:\SoftDownload\wamp\www\feiystudy\article\Application\Runtime\Cache\Admin\761bd6d3753c4667d3750f040418af5e.php 第 90 行.
NOTIC: [8] Use of undefined constant pname - assumed 'pname' D:\SoftDownload\wamp\www\feiystudy\article\Application\Runtime\Cache\Admin\761bd6d3753c4667d3750f040418af5e.php 第 81 行.
NOTIC: [8] Undefined index: articleid D:\SoftDownload\wamp\www\feiystudy\article\Application\Runtime\Cache\Admin\761bd6d3753c4667d3750f040418af5e.php 第 90 行.
NOTIC: [8] Use of undefined constant pname - assumed 'pname' D:\SoftDownload\wamp\www\feiystudy\article\Application\Runtime\Cache\Admin\761bd6d3753c4667d3750f040418af5e.php 第 81 行.
NOTIC: [8] Undefined index: articleid D:\SoftDownload\wamp\www\feiystudy\article\Application\Runtime\Cache\Admin\761bd6d3753c4667d3750f040418af5e.php 第 90 行.
NOTIC: [8] Undefined variable: page D:\SoftDownload\wamp\www\feiystudy\article\Application\Runtime\Cache\Admin\761bd6d3753c4667d3750f040418af5e.php 第 93 行.
INFO: Run Behavior\ParseTemplateBehavior [ RunTime:0.010963s ]
INFO: [ view_parse ] --END-- [ RunTime:0.011056s ]
INFO: [ view_filter ] --START--
INFO: Run Behavior\WriteHtmlCacheBehavior [ RunTime:0.000275s ]
INFO: [ view_filter ] --END-- [ RunTime:0.000363s ]
INFO: [ app_end ] --START--
INFO: Run Behavior\ShowPageTraceBehavior [ RunTime:0.000801s ]
INFO: [ app_end ] --END-- [ RunTime:0.000922s ]
NOTIC: [2] Cannot modify header information - headers already sent by (output started at D:\SoftDownload\wamp\www\feiystudy\article\ThinkPHP\Library\Think\View.class.php:95) D:\SoftDownload\wamp\www\feiystudy\article\index.php 第 28 行.

[ 2017-09-18T20:46:44+08:00 ] ::1 /feiystudy/article/index.php/Admin/Cate/add.html
INFO: [ app_init ] --START--
INFO: Run Behavior\BuildLiteBehavior [ RunTime:0.000031s ]
INFO: [ app_init ] --END-- [ RunTime:0.000478s ]
INFO: [ app_begin ] --START--
INFO: Run Behavior\ReadHtmlCacheBehavior [ RunTime:0.000354s ]
INFO: [ app_begin ] --END-- [ RunTime:0.000452s ]
SQL: SHOW COLUMNS FROM `feiy_cate` [ RunTime:0.0047s ]
SQL: SELECT * FROM `feiy_cate`  [ RunTime:0.0002s ]
INFO: [ view_parse ] --START--
INFO: [ template_filter ] --START--
INFO: Run Behavior\ContentReplaceBehavior [ RunTime:0.000068s ]
INFO: [ template_filter ] --END-- [ RunTime:0.000177s ]
NOTIC: [8] Undefined index: title D:\SoftDownload\wamp\www\feiystudy\article\Application\Runtime\Cache\Admin\1e63603cb0c0765e0de965aee951a747.php 第 5 行.
NOTIC: [8] Undefined variable: edita D:\SoftDownload\wamp\www\feiystudy\article\Application\Runtime\Cache\Admin\1e63603cb0c0765e0de965aee951a747.php 第 63 行.
INFO: Run Behavior\ParseTemplateBehavior [ RunTime:0.006752s ]
INFO: [ view_parse ] --END-- [ RunTime:0.006865s ]
INFO: [ view_filter ] --START--
INFO: Run Behavior\WriteHtmlCacheBehavior [ RunTime:0.000501s ]
INFO: [ view_filter ] --END-- [ RunTime:0.000606s ]
INFO: [ app_end ] --START--
INFO: Run Behavior\ShowPageTraceBehavior [ RunTime:0.000543s ]
INFO: [ app_end ] --END-- [ RunTime:0.000640s ]

[ 2017-09-18T20:46:47+08:00 ] ::1 /feiystudy/article/index.php/Admin/Cate/handleAdd.html
INFO: [ app_init ] --START--
INFO: Run Behavior\BuildLiteBehavior [ RunTime:0.000023s ]
INFO: [ app_init ] --END-- [ RunTime:0.000363s ]
INFO: [ app_begin ] --START--
INFO: Run Behavior\ReadHtmlCacheBehavior [ RunTime:0.000359s ]
INFO: [ app_begin ] --END-- [ RunTime:0.000469s ]
SQL: SHOW COLUMNS FROM `feiy_article` [ RunTime:0.0057s ]
NOTIC: [8] Undefined index: validate D:\SoftDownload\wamp\www\feiystudy\article\ThinkPHP\Library\Think\Model.class.php 第 1185 行.
NOTIC: [8] Undefined index: auto D:\SoftDownload\wamp\www\feiystudy\article\ThinkPHP\Library\Think\Model.class.php 第 1128 行.
SQL: SHOW COLUMNS FROM `feiy_cate` [ RunTime:0.0032s ]
SQL: SELECT * FROM `feiy_cate` WHERE `name` = 'adaa' LIMIT 1   [ RunTime:0.0003s ]
SQL: INSERT INTO `feiy_cate` (`name`,`pid`) VALUES ('adaa','0') [ RunTime:0.0035s ]
INFO: [ view_parse ] --START--
INFO: [ template_filter ] --START--
INFO: Run Behavior\ContentReplaceBehavior [ RunTime:0.000082s ]
INFO: [ template_filter ] --END-- [ RunTime:0.000207s ]
INFO: Run Behavior\ParseTemplateBehavior [ RunTime:0.005683s ]
INFO: [ view_parse ] --END-- [ RunTime:0.005847s ]
INFO: [ view_filter ] --START--
INFO: Run Behavior\WriteHtmlCacheBehavior [ RunTime:0.000680s ]
INFO: [ view_filter ] --END-- [ RunTime:0.000800s ]
INFO: [ app_end ] --START--
INFO: Run Behavior\ShowPageTraceBehavior [ RunTime:0.000612s ]
INFO: [ app_end ] --END-- [ RunTime:0.000703s ]

[ 2017-09-18T20:46:48+08:00 ] ::1 /feiystudy/article/index.php/Admin/Cate/lists.html
INFO: [ app_init ] --START--
INFO: Run Behavior\BuildLiteBehavior [ RunTime:0.000057s ]
INFO: [ app_init ] --END-- [ RunTime:0.000921s ]
INFO: [ app_begin ] --START--
INFO: Run Behavior\ReadHtmlCacheBehavior [ RunTime:0.000729s ]
INFO: [ app_begin ] --END-- [ RunTime:0.000925s ]
SQL: SHOW COLUMNS FROM `feiy_cate` [ RunTime:0.0049s ]
SQL: SELECT t1.*,t2.name as pname FROM feiy_cate t1 left JOIN feiy_cate as t2 on t1.pid = t2.cateid   [ RunTime:0.0003s ]
INFO: [ view_parse ] --START--
INFO: [ template_filter ] --START--
INFO: Run Behavior\ContentReplaceBehavior [ RunTime:0.000058s ]
INFO: [ template_filter ] --END-- [ RunTime:0.000152s ]
NOTIC: [8] Undefined index: title D:\SoftDownload\wamp\www\feiystudy\article\Application\Runtime\Cache\Admin\761bd6d3753c4667d3750f040418af5e.php 第 5 行.
NOTIC: [8] Use of undefined constant pname - assumed 'pname' D:\SoftDownload\wamp\www\feiystudy\article\Application\Runtime\Cache\Admin\761bd6d3753c4667d3750f040418af5e.php 第 81 行.
NOTIC: [8] Undefined index: articleid D:\SoftDownload\wamp\www\feiystudy\article\Application\Runtime\Cache\Admin\761bd6d3753c4667d3750f040418af5e.php 第 90 行.
NOTIC: [8] Use of undefined constant pname - assumed 'pname' D:\SoftDownload\wamp\www\feiystudy\article\Application\Runtime\Cache\Admin\761bd6d3753c4667d3750f040418af5e.php 第 81 行.
NOTIC: [8] Undefined index: articleid D:\SoftDownload\wamp\www\feiystudy\article\Application\Runtime\Cache\Admin\761bd6d3753c4667d3750f040418af5e.php 第 90 行.
NOTIC: [8] Use of undefined constant pname - assumed 'pname' D:\SoftDownload\wamp\www\feiystudy\article\Application\Runtime\Cache\Admin\761bd6d3753c4667d3750f040418af5e.php 第 81 行.
NOTIC: [8] Undefined index: articleid D:\SoftDownload\wamp\www\feiystudy\article\Application\Runtime\Cache\Admin\761bd6d3753c4667d3750f040418af5e.php 第 90 行.
NOTIC: [8] Use of undefined constant pname - assumed 'pname' D:\SoftDownload\wamp\www\feiystudy\article\Application\Runtime\Cache\Admin\761bd6d3753c4667d3750f040418af5e.php 第 81 行.
NOTIC: [8] Undefined index: articleid D:\SoftDownload\wamp\www\feiystudy\article\Application\Runtime\Cache\Admin\761bd6d3753c4667d3750f040418af5e.php 第 90 行.
NOTIC: [8] Use of undefined constant pname - assumed 'pname' D:\SoftDownload\wamp\www\feiystudy\article\Application\Runtime\Cache\Admin\761bd6d3753c4667d3750f040418af5e.php 第 81 行.
NOTIC: [8] Undefined index: articleid D:\SoftDownload\wamp\www\feiystudy\article\Application\Runtime\Cache\Admin\761bd6d3753c4667d3750f040418af5e.php 第 90 行.
NOTIC: [8] Use of undefined constant pname - assumed 'pname' D:\SoftDownload\wamp\www\feiystudy\article\Application\Runtime\Cache\Admin\761bd6d3753c4667d3750f040418af5e.php 第 81 行.
NOTIC: [8] Undefined index: articleid D:\SoftDownload\wamp\www\feiystudy\article\Application\Runtime\Cache\Admin\761bd6d3753c4667d3750f040418af5e.php 第 90 行.
NOTIC: [8] Use of undefined constant pname - assumed 'pname' D:\SoftDownload\wamp\www\feiystudy\article\Application\Runtime\Cache\Admin\761bd6d3753c4667d3750f040418af5e.php 第 81 行.
NOTIC: [8] Undefined index: articleid D:\SoftDownload\wamp\www\feiystudy\article\Application\Runtime\Cache\Admin\761bd6d3753c4667d3750f040418af5e.php 第 90 行.
NOTIC: [8] Use of undefined constant pname - assumed 'pname' D:\SoftDownload\wamp\www\feiystudy\article\Application\Runtime\Cache\Admin\761bd6d3753c4667d3750f040418af5e.php 第 81 行.
NOTIC: [8] Undefined index: articleid D:\SoftDownload\wamp\www\feiystudy\article\Application\Runtime\Cache\Admin\761bd6d3753c4667d3750f040418af5e.php 第 90 行.
NOTIC: [8] Use of undefined constant pname - assumed 'pname' D:\SoftDownload\wamp\www\feiystudy\article\Application\Runtime\Cache\Admin\761bd6d3753c4667d3750f040418af5e.php 第 81 行.
NOTIC: [8] Undefined index: articleid D:\SoftDownload\wamp\www\feiystudy\article\Application\Runtime\Cache\Admin\761bd6d3753c4667d3750f040418af5e.php 第 90 行.
NOTIC: [8] Undefined variable: page D:\SoftDownload\wamp\www\feiystudy\article\Application\Runtime\Cache\Admin\761bd6d3753c4667d3750f040418af5e.php 第 93 行.
INFO: Run Behavior\ParseTemplateBehavior [ RunTime:0.010889s ]
INFO: [ view_parse ] --END-- [ RunTime:0.010982s ]
INFO: [ view_filter ] --START--
INFO: Run Behavior\WriteHtmlCacheBehavior [ RunTime:0.000355s ]
INFO: [ view_filter ] --END-- [ RunTime:0.000442s ]
INFO: [ app_end ] --START--
INFO: Run Behavior\ShowPageTraceBehavior [ RunTime:0.000507s ]
INFO: [ app_end ] --END-- [ RunTime:0.000600s ]
NOTIC: [2] Cannot modify header information - headers already sent by (output started at D:\SoftDownload\wamp\www\feiystudy\article\ThinkPHP\Library\Think\View.class.php:95) D:\SoftDownload\wamp\www\feiystudy\article\index.php 第 28 行.

[ 2017-09-18T20:47:13+08:00 ] ::1 /feiystudy/article/index.php/Admin/Cate/lists.html
INFO: [ app_init ] --START--
INFO: Run Behavior\BuildLiteBehavior [ RunTime:0.000022s ]
INFO: [ app_init ] --END-- [ RunTime:0.000410s ]
INFO: [ app_begin ] --START--
INFO: Run Behavior\ReadHtmlCacheBehavior [ RunTime:0.000469s ]
INFO: [ app_begin ] --END-- [ RunTime:0.000568s ]
SQL: SHOW COLUMNS FROM `feiy_cate` [ RunTime:0.0077s ]
SQL: SELECT t1.*,t2.name as pname FROM feiy_cate t1 left JOIN feiy_cate as t2 on t1.pid = t2.cateid   [ RunTime:0.0003s ]
INFO: [ view_parse ] --START--
INFO: [ template_filter ] --START--
INFO: Run Behavior\ContentReplaceBehavior [ RunTime:0.000060s ]
INFO: [ template_filter ] --END-- [ RunTime:0.000150s ]
NOTIC: [8] Undefined index: title D:\SoftDownload\wamp\www\feiystudy\article\Application\Runtime\Cache\Admin\761bd6d3753c4667d3750f040418af5e.php 第 5 行.
NOTIC: [8] Use of undefined constant pname - assumed 'pname' D:\SoftDownload\wamp\www\feiystudy\article\Application\Runtime\Cache\Admin\761bd6d3753c4667d3750f040418af5e.php 第 81 行.
NOTIC: [8] Undefined index: articleid D:\SoftDownload\wamp\www\feiystudy\article\Application\Runtime\Cache\Admin\761bd6d3753c4667d3750f040418af5e.php 第 90 行.
NOTIC: [8] Use of undefined constant pname - assumed 'pname' D:\SoftDownload\wamp\www\feiystudy\article\Application\Runtime\Cache\Admin\761bd6d3753c4667d3750f040418af5e.php 第 81 行.
NOTIC: [8] Undefined index: articleid D:\SoftDownload\wamp\www\feiystudy\article\Application\Runtime\Cache\Admin\761bd6d3753c4667d3750f040418af5e.php 第 90 行.
NOTIC: [8] Use of undefined constant pname - assumed 'pname' D:\SoftDownload\wamp\www\feiystudy\article\Application\Runtime\Cache\Admin\761bd6d3753c4667d3750f040418af5e.php 第 81 行.
NOTIC: [8] Undefined index: articleid D:\SoftDownload\wamp\www\feiystudy\article\Application\Runtime\Cache\Admin\761bd6d3753c4667d3750f040418af5e.php 第 90 行.
NOTIC: [8] Use of undefined constant pname - assumed 'pname' D:\SoftDownload\wamp\www\feiystudy\article\Application\Runtime\Cache\Admin\761bd6d3753c4667d3750f040418af5e.php 第 81 行.
NOTIC: [8] Undefined index: articleid D:\SoftDownload\wamp\www\feiystudy\article\Application\Runtime\Cache\Admin\761bd6d3753c4667d3750f040418af5e.php 第 90 行.
NOTIC: [8] Use of undefined constant pname - assumed 'pname' D:\SoftDownload\wamp\www\feiystudy\article\Application\Runtime\Cache\Admin\761bd6d3753c4667d3750f040418af5e.php 第 81 行.
NOTIC: [8] Undefined index: articleid D:\SoftDownload\wamp\www\feiystudy\article\Application\Runtime\Cache\Admin\761bd6d3753c4667d3750f040418af5e.php 第 90 行.
NOTIC: [8] Use of undefined constant pname - assumed 'pname' D:\SoftDownload\wamp\www\feiystudy\article\Application\Runtime\Cache\Admin\761bd6d3753c4667d3750f040418af5e.php 第 81 行.
NOTIC: [8] Undefined index: articleid D:\SoftDownload\wamp\www\feiystudy\article\Application\Runtime\Cache\Admin\761bd6d3753c4667d3750f040418af5e.php 第 90 行.
NOTIC: [8] Use of undefined constant pname - assumed 'pname' D:\SoftDownload\wamp\www\feiystudy\article\Application\Runtime\Cache\Admin\761bd6d3753c4667d3750f040418af5e.php 第 81 行.
NOTIC: [8] Undefined index: articleid D:\SoftDownload\wamp\www\feiystudy\article\Application\Runtime\Cache\Admin\761bd6d3753c4667d3750f040418af5e.php 第 90 行.
NOTIC: [8] Use of undefined constant pname - assumed 'pname' D:\SoftDownload\wamp\www\feiystudy\article\Application\Runtime\Cache\Admin\761bd6d3753c4667d3750f040418af5e.php 第 81 行.
NOTIC: [8] Undefined index: articleid D:\SoftDownload\wamp\www\feiystudy\article\Application\Runtime\Cache\Admin\761bd6d3753c4667d3750f040418af5e.php 第 90 行.
NOTIC: [8] Use of undefined constant pname - assumed 'pname' D:\SoftDownload\wamp\www\feiystudy\article\Application\Runtime\Cache\Admin\761bd6d3753c4667d3750f040418af5e.php 第 81 行.
NOTIC: [8] Undefined index: articleid D:\SoftDownload\wamp\www\feiystudy\article\Application\Runtime\Cache\Admin\761bd6d3753c4667d3750f040418af5e.php 第 90 行.
NOTIC: [8] Undefined variable: page D:\SoftDownload\wamp\www\feiystudy\article\Application\Runtime\Cache\Admin\761bd6d3753c4667d3750f040418af5e.php 第 93 行.
INFO: Run Behavior\ParseTemplateBehavior [ RunTime:0.011855s ]
INFO: [ view_parse ] --END-- [ RunTime:0.011952s ]
INFO: [ view_filter ] --START--
INFO: Run Behavior\WriteHtmlCacheBehavior [ RunTime:0.000299s ]
INFO: [ view_filter ] --END-- [ RunTime:0.000386s ]
INFO: [ app_end ] --START--
INFO: Run Behavior\ShowPageTraceBehavior [ RunTime:0.000540s ]
INFO: [ app_end ] --END-- [ RunTime:0.000692s ]
NOTIC: [2] Cannot modify header information - headers already sent by (output started at D:\SoftDownload\wamp\www\feiystudy\article\ThinkPHP\Library\Think\View.class.php:95) D:\SoftDownload\wamp\www\feiystudy\article\index.php 第 28 行.

[ 2017-09-18T20:47:14+08:00 ] ::1 /feiystudy/article/index.php/Admin/Cate/lists.html
INFO: [ app_init ] --START--
INFO: Run Behavior\BuildLiteBehavior [ RunTime:0.000022s ]
INFO: [ app_init ] --END-- [ RunTime:0.000358s ]
INFO: [ app_begin ] --START--
INFO: Run Behavior\ReadHtmlCacheBehavior [ RunTime:0.000379s ]
INFO: [ app_begin ] --END-- [ RunTime:0.000483s ]
SQL: SHOW COLUMNS FROM `feiy_cate` [ RunTime:0.0043s ]
SQL: SELECT t1.*,t2.name as pname FROM feiy_cate t1 left JOIN feiy_cate as t2 on t1.pid = t2.cateid   [ RunTime:0.0004s ]
INFO: [ view_parse ] --START--
INFO: [ template_filter ] --START--
INFO: Run Behavior\ContentReplaceBehavior [ RunTime:0.000071s ]
INFO: [ template_filter ] --END-- [ RunTime:0.000210s ]
NOTIC: [8] Undefined index: title D:\SoftDownload\wamp\www\feiystudy\article\Application\Runtime\Cache\Admin\761bd6d3753c4667d3750f040418af5e.php 第 5 行.
NOTIC: [8] Use of undefined constant pname - assumed 'pname' D:\SoftDownload\wamp\www\feiystudy\article\Application\Runtime\Cache\Admin\761bd6d3753c4667d3750f040418af5e.php 第 81 行.
NOTIC: [8] Undefined index: articleid D:\SoftDownload\wamp\www\feiystudy\article\Application\Runtime\Cache\Admin\761bd6d3753c4667d3750f040418af5e.php 第 90 行.
NOTIC: [8] Use of undefined constant pname - assumed 'pname' D:\SoftDownload\wamp\www\feiystudy\article\Application\Runtime\Cache\Admin\761bd6d3753c4667d3750f040418af5e.php 第 81 行.
NOTIC: [8] Undefined index: articleid D:\SoftDownload\wamp\www\feiystudy\article\Application\Runtime\Cache\Admin\761bd6d3753c4667d3750f040418af5e.php 第 90 行.
NOTIC: [8] Use of undefined constant pname - assumed 'pname' D:\SoftDownload\wamp\www\feiystudy\article\Application\Runtime\Cache\Admin\761bd6d3753c4667d3750f040418af5e.php 第 81 行.
NOTIC: [8] Undefined index: articleid D:\SoftDownload\wamp\www\feiystudy\article\Application\Runtime\Cache\Admin\761bd6d3753c4667d3750f040418af5e.php 第 90 行.
NOTIC: [8] Use of undefined constant pname - assumed 'pname' D:\SoftDownload\wamp\www\feiystudy\article\Application\Runtime\Cache\Admin\761bd6d3753c4667d3750f040418af5e.php 第 81 行.
NOTIC: [8] Undefined index: articleid D:\SoftDownload\wamp\www\feiystudy\article\Application\Runtime\Cache\Admin\761bd6d3753c4667d3750f040418af5e.php 第 90 行.
NOTIC: [8] Use of undefined constant pname - assumed 'pname' D:\SoftDownload\wamp\www\feiystudy\article\Application\Runtime\Cache\Admin\761bd6d3753c4667d3750f040418af5e.php 第 81 行.
NOTIC: [8] Undefined index: articleid D:\SoftDownload\wamp\www\feiystudy\article\Application\Runtime\Cache\Admin\761bd6d3753c4667d3750f040418af5e.php 第 90 行.
NOTIC: [8] Use of undefined constant pname - assumed 'pname' D:\SoftDownload\wamp\www\feiystudy\article\Application\Runtime\Cache\Admin\761bd6d3753c4667d3750f040418af5e.php 第 81 行.
NOTIC: [8] Undefined index: articleid D:\SoftDownload\wamp\www\feiystudy\article\Application\Runtime\Cache\Admin\761bd6d3753c4667d3750f040418af5e.php 第 90 行.
NOTIC: [8] Use of undefined constant pname - assumed 'pname' D:\SoftDownload\wamp\www\feiystudy\article\Application\Runtime\Cache\Admin\761bd6d3753c4667d3750f040418af5e.php 第 81 行.
NOTIC: [8] Undefined index: articleid D:\SoftDownload\wamp\www\feiystudy\article\Application\Runtime\Cache\Admin\761bd6d3753c4667d3750f040418af5e.php 第 90 行.
NOTIC: [8] Use of undefined constant pname - assumed 'pname' D:\SoftDownload\wamp\www\feiystudy\article\Application\Runtime\Cache\Admin\761bd6d3753c4667d3750f040418af5e.php 第 81 行.
NOTIC: [8] Undefined index: articleid D:\SoftDownload\wamp\www\feiystudy\article\Application\Runtime\Cache\Admin\761bd6d3753c4667d3750f040418af5e.php 第 90 行.
NOTIC: [8] Use of undefined constant pname - assumed 'pname' D:\SoftDownload\wamp\www\feiystudy\article\Application\Runtime\Cache\Admin\761bd6d3753c4667d3750f040418af5e.php 第 81 行.
NOTIC: [8] Undefined index: articleid D:\SoftDownload\wamp\www\feiystudy\article\Application\Runtime\Cache\Admin\761bd6d3753c4667d3750f040418af5e.php 第 90 行.
NOTIC: [8] Undefined variable: page D:\SoftDownload\wamp\www\feiystudy\article\Application\Runtime\Cache\Admin\761bd6d3753c4667d3750f040418af5e.php 第 93 行.
INFO: Run Behavior\ParseTemplateBehavior [ RunTime:0.012170s ]
INFO: [ view_parse ] --END-- [ RunTime:0.012272s ]
INFO: [ view_filter ] --START--
INFO: Run Behavior\WriteHtmlCacheBehavior [ RunTime:0.000352s ]
INFO: [ view_filter ] --END-- [ RunTime:0.000444s ]
INFO: [ app_end ] --START--
INFO: Run Behavior\ShowPageTraceBehavior [ RunTime:0.000800s ]
INFO: [ app_end ] --END-- [ RunTime:0.000935s ]
NOTIC: [2] Cannot modify header information - headers already sent by (output started at D:\SoftDownload\wamp\www\feiystudy\article\ThinkPHP\Library\Think\View.class.php:95) D:\SoftDownload\wamp\www\feiystudy\article\index.php 第 28 行.

[ 2017-09-18T20:47:15+08:00 ] ::1 /feiystudy/article/index.php/Admin/Cate/add.html
INFO: [ app_init ] --START--
INFO: Run Behavior\BuildLiteBehavior [ RunTime:0.000024s ]
INFO: [ app_init ] --END-- [ RunTime:0.000381s ]
INFO: [ app_begin ] --START--
INFO: Run Behavior\ReadHtmlCacheBehavior [ RunTime:0.000492s ]
INFO: [ app_begin ] --END-- [ RunTime:0.000604s ]
SQL: SHOW COLUMNS FROM `feiy_cate` [ RunTime:0.0041s ]
SQL: SELECT * FROM `feiy_cate`  [ RunTime:0.0002s ]
INFO: [ view_parse ] --START--
INFO: [ template_filter ] --START--
INFO: Run Behavior\ContentReplaceBehavior [ RunTime:0.000060s ]
INFO: [ template_filter ] --END-- [ RunTime:0.000173s ]
NOTIC: [8] Undefined index: title D:\SoftDownload\wamp\www\feiystudy\article\Application\Runtime\Cache\Admin\1e63603cb0c0765e0de965aee951a747.php 第 5 行.
NOTIC: [8] Undefined variable: edita D:\SoftDownload\wamp\www\feiystudy\article\Application\Runtime\Cache\Admin\1e63603cb0c0765e0de965aee951a747.php 第 63 行.
INFO: Run Behavior\ParseTemplateBehavior [ RunTime:0.007060s ]
INFO: [ view_parse ] --END-- [ RunTime:0.007186s ]
INFO: [ view_filter ] --START--
INFO: Run Behavior\WriteHtmlCacheBehavior [ RunTime:0.000662s ]
INFO: [ view_filter ] --END-- [ RunTime:0.000798s ]
INFO: [ app_end ] --START--
INFO: Run Behavior\ShowPageTraceBehavior [ RunTime:0.001025s ]
INFO: [ app_end ] --END-- [ RunTime:0.001134s ]

[ 2017-09-18T20:47:17+08:00 ] ::1 /feiystudy/article/index.php/Admin/Cate/handleAdd.html
INFO: [ app_init ] --START--
INFO: Run Behavior\BuildLiteBehavior [ RunTime:0.000034s ]
INFO: [ app_init ] --END-- [ RunTime:0.000490s ]
INFO: [ app_begin ] --START--
INFO: Run Behavior\ReadHtmlCacheBehavior [ RunTime:0.000345s ]
INFO: [ app_begin ] --END-- [ RunTime:0.000452s ]
SQL: SHOW COLUMNS FROM `feiy_article` [ RunTime:0.0044s ]
NOTIC: [8] Undefined index: validate D:\SoftDownload\wamp\www\feiystudy\article\ThinkPHP\Library\Think\Model.class.php 第 1185 行.
NOTIC: [8] Undefined index: auto D:\SoftDownload\wamp\www\feiystudy\article\ThinkPHP\Library\Think\Model.class.php 第 1128 行.

[ 2017-09-18T20:48:16+08:00 ] ::1 /feiystudy/article/index.php/Admin/Cate/handleAdd.html
INFO: [ app_init ] --START--
INFO: Run Behavior\BuildLiteBehavior [ RunTime:0.000021s ]
INFO: [ app_init ] --END-- [ RunTime:0.000369s ]
INFO: [ app_begin ] --START--
INFO: Run Behavior\ReadHtmlCacheBehavior [ RunTime:0.000515s ]
INFO: [ app_begin ] --END-- [ RunTime:0.000632s ]
SQL: SHOW COLUMNS FROM `feiy_article` [ RunTime:0.2871s ]
NOTIC: [8] Undefined index: validate D:\SoftDownload\wamp\www\feiystudy\article\ThinkPHP\Library\Think\Model.class.php 第 1185 行.
NOTIC: [8] Undefined index: auto D:\SoftDownload\wamp\www\feiystudy\article\ThinkPHP\Library\Think\Model.class.php 第 1128 行.

[ 2017-09-18T20:51:31+08:00 ] ::1 /feiystudy/article/index.php/Admin/Article/lists.html
INFO: [ app_init ] --START--
INFO: Run Behavior\BuildLiteBehavior [ RunTime:0.000021s ]
INFO: [ app_init ] --END-- [ RunTime:0.000392s ]
INFO: [ app_begin ] --START--
INFO: Run Behavior\ReadHtmlCacheBehavior [ RunTime:0.000480s ]
INFO: [ app_begin ] --END-- [ RunTime:0.000580s ]
NOTIC: [2048] Declaration of Admin\Model\ArticleModel::delete() should be compatible with Think\Model::delete($options = Array) D:\SoftDownload\wamp\www\feiystudy\article\Application\Admin\Model\ArticleModel.class.php 第 4 行.
SQL: SHOW COLUMNS FROM `feiy_article` [ RunTime:0.0046s ]
SQL: SELECT COUNT(*) AS tp_count FROM `feiy_article` WHERE `is_del` = 1 LIMIT 1   [ RunTime:0.0003s ]
SQL: SELECT * FROM `feiy_article` WHERE `is_del` = 1 ORDER BY articleid desc LIMIT 0,1   [ RunTime:0.0003s ]
NOTIC: [8] Undefined variable: sql D:\SoftDownload\wamp\www\feiystudy\article\Application\Admin\Model\ArticleModel.class.php 第 25 行.
INFO: [ view_parse ] --START--
INFO: [ template_filter ] --START--
INFO: Run Behavior\ContentReplaceBehavior [ RunTime:0.000067s ]
INFO: [ template_filter ] --END-- [ RunTime:0.000179s ]
INFO: Run Behavior\ParseTemplateBehavior [ RunTime:0.008864s ]
INFO: [ view_parse ] --END-- [ RunTime:0.008996s ]
INFO: [ view_filter ] --START--
INFO: Run Behavior\WriteHtmlCacheBehavior [ RunTime:0.000559s ]
INFO: [ view_filter ] --END-- [ RunTime:0.000648s ]
INFO: [ app_end ] --START--
INFO: Run Behavior\ShowPageTraceBehavior [ RunTime:0.000501s ]
INFO: [ app_end ] --END-- [ RunTime:0.000589s ]

[ 2017-09-18T20:56:58+08:00 ] ::1 /feiystudy/article/index.php/Admin/Article/lists.html
INFO: [ app_init ] --START--
INFO: Run Behavior\BuildLiteBehavior [ RunTime:0.000022s ]
INFO: [ app_init ] --END-- [ RunTime:0.000381s ]
INFO: [ app_begin ] --START--
INFO: Run Behavior\ReadHtmlCacheBehavior [ RunTime:0.000471s ]
INFO: [ app_begin ] --END-- [ RunTime:0.000570s ]
NOTIC: [2048] Declaration of Admin\Model\ArticleModel::delete() should be compatible with Think\Model::delete($options = Array) D:\SoftDownload\wamp\www\feiystudy\article\Application\Admin\Model\ArticleModel.class.php 第 4 行.
SQL: SHOW COLUMNS FROM `feiy_article` [ RunTime:0.0029s ]
SQL: SELECT COUNT(*) AS tp_count FROM `feiy_article` WHERE `is_del` = 1 LIMIT 1   [ RunTime:0.0002s ]
SQL: SELECT * FROM `feiy_article` WHERE `is_del` = 1 ORDER BY articleid desc LIMIT 0,1   [ RunTime:0.0002s ]
NOTIC: [8] Undefined variable: sql D:\SoftDownload\wamp\www\feiystudy\article\Application\Admin\Model\ArticleModel.class.php 第 25 行.
INFO: [ view_parse ] --START--
INFO: [ template_filter ] --START--
INFO: Run Behavior\ContentReplaceBehavior [ RunTime:0.000062s ]
INFO: [ template_filter ] --END-- [ RunTime:0.000168s ]
INFO: Run Behavior\ParseTemplateBehavior [ RunTime:0.008474s ]
INFO: [ view_parse ] --END-- [ RunTime:0.008570s ]
INFO: [ view_filter ] --START--
INFO: Run Behavior\WriteHtmlCacheBehavior [ RunTime:0.000367s ]
INFO: [ view_filter ] --END-- [ RunTime:0.000452s ]
INFO: [ app_end ] --START--
INFO: Run Behavior\ShowPageTraceBehavior [ RunTime:0.000535s ]
INFO: [ app_end ] --END-- [ RunTime:0.000624s ]

[ 2017-09-18T20:57:01+08:00 ] ::1 /feiystudy/article/index.php/Admin/Article/lists.html
INFO: [ app_init ] --START--
INFO: Run Behavior\BuildLiteBehavior [ RunTime:0.000021s ]
INFO: [ app_init ] --END-- [ RunTime:0.000339s ]
INFO: [ app_begin ] --START--
INFO: Run Behavior\ReadHtmlCacheBehavior [ RunTime:0.000352s ]
INFO: [ app_begin ] --END-- [ RunTime:0.000453s ]
NOTIC: [2048] Declaration of Admin\Model\ArticleModel::delete() should be compatible with Think\Model::delete($options = Array) D:\SoftDownload\wamp\www\feiystudy\article\Application\Admin\Model\ArticleModel.class.php 第 4 行.
SQL: SHOW COLUMNS FROM `feiy_article` [ RunTime:0.0052s ]
SQL: SELECT COUNT(*) AS tp_count FROM `feiy_article` WHERE `is_del` = 1 LIMIT 1   [ RunTime:0.0002s ]
SQL: SELECT * FROM `feiy_article` WHERE `is_del` = 1 ORDER BY articleid desc LIMIT 0,1   [ RunTime:0.0002s ]
NOTIC: [8] Undefined variable: sql D:\SoftDownload\wamp\www\feiystudy\article\Application\Admin\Model\ArticleModel.class.php 第 25 行.
INFO: [ view_parse ] --START--
INFO: [ template_filter ] --START--
INFO: Run Behavior\ContentReplaceBehavior [ RunTime:0.000062s ]
INFO: [ template_filter ] --END-- [ RunTime:0.000171s ]
INFO: Run Behavior\ParseTemplateBehavior [ RunTime:0.008045s ]
INFO: [ view_parse ] --END-- [ RunTime:0.008142s ]
INFO: [ view_filter ] --START--
INFO: Run Behavior\WriteHtmlCacheBehavior [ RunTime:0.000366s ]
INFO: [ view_filter ] --END-- [ RunTime:0.000456s ]
INFO: [ app_end ] --START--
INFO: Run Behavior\ShowPageTraceBehavior [ RunTime:0.000505s ]
INFO: [ app_end ] --END-- [ RunTime:0.000598s ]

[ 2017-09-18T20:57:28+08:00 ] ::1 /feiystudy/article/index.php/Admin/Article/lists.html
INFO: [ app_init ] --START--
INFO: Run Behavior\BuildLiteBehavior [ RunTime:0.000020s ]
INFO: [ app_init ] --END-- [ RunTime:0.000349s ]
INFO: [ app_begin ] --START--
INFO: Run Behavior\ReadHtmlCacheBehavior [ RunTime:0.000334s ]
INFO: [ app_begin ] --END-- [ RunTime:0.000425s ]
NOTIC: [2048] Declaration of Admin\Model\ArticleModel::delete() should be compatible with Think\Model::delete($options = Array) D:\SoftDownload\wamp\www\feiystudy\article\Application\Admin\Model\ArticleModel.class.php 第 4 行.
SQL: SHOW COLUMNS FROM `feiy_article` [ RunTime:0.0056s ]
SQL: SELECT COUNT(*) AS tp_count FROM `feiy_article` WHERE `is_del` = 1 LIMIT 1   [ RunTime:0.0003s ]
SQL: SELECT * FROM `feiy_article` WHERE `is_del` = 1 ORDER BY articleid desc LIMIT 0,1   [ RunTime:0.0003s ]
NOTIC: [8] Undefined variable: sql D:\SoftDownload\wamp\www\feiystudy\article\Application\Admin\Model\ArticleModel.class.php 第 25 行.
INFO: [ view_parse ] --START--
INFO: [ template_filter ] --START--
INFO: Run Behavior\ContentReplaceBehavior [ RunTime:0.000060s ]
INFO: [ template_filter ] --END-- [ RunTime:0.000197s ]
INFO: Run Behavior\ParseTemplateBehavior [ RunTime:0.008116s ]
INFO: [ view_parse ] --END-- [ RunTime:0.008207s ]
INFO: [ view_filter ] --START--
INFO: Run Behavior\WriteHtmlCacheBehavior [ RunTime:0.000346s ]
INFO: [ view_filter ] --END-- [ RunTime:0.000429s ]
INFO: [ app_end ] --START--
INFO: Run Behavior\ShowPageTraceBehavior [ RunTime:0.000474s ]
INFO: [ app_end ] --END-- [ RunTime:0.000563s ]

[ 2017-09-18T20:57:31+08:00 ] ::1 /feiystudy/article/index.php/Admin/Article/lists.html
INFO: [ app_init ] --START--
INFO: Run Behavior\BuildLiteBehavior [ RunTime:0.000021s ]
INFO: [ app_init ] --END-- [ RunTime:0.000331s ]
INFO: [ app_begin ] --START--
INFO: Run Behavior\ReadHtmlCacheBehavior [ RunTime:0.000355s ]
INFO: [ app_begin ] --END-- [ RunTime:0.000453s ]
NOTIC: [2048] Declaration of Admin\Model\ArticleModel::delete() should be compatible with Think\Model::delete($options = Array) D:\SoftDownload\wamp\www\feiystudy\article\Application\Admin\Model\ArticleModel.class.php 第 4 行.
SQL: SHOW COLUMNS FROM `feiy_article` [ RunTime:0.0047s ]
SQL: SELECT COUNT(*) AS tp_count FROM `feiy_article` WHERE `is_del` = 1 LIMIT 1   [ RunTime:0.0002s ]
SQL: SELECT * FROM `feiy_article` WHERE `is_del` = 1 ORDER BY articleid desc LIMIT 0,1   [ RunTime:0.0002s ]
NOTIC: [8] Undefined variable: sql D:\SoftDownload\wamp\www\feiystudy\article\Application\Admin\Model\ArticleModel.class.php 第 25 行.
INFO: [ view_parse ] --START--
INFO: [ template_filter ] --START--
INFO: Run Behavior\ContentReplaceBehavior [ RunTime:0.000065s ]
INFO: [ template_filter ] --END-- [ RunTime:0.000177s ]
INFO: Run Behavior\ParseTemplateBehavior [ RunTime:0.008414s ]
INFO: [ view_parse ] --END-- [ RunTime:0.008513s ]
INFO: [ view_filter ] --START--
INFO: Run Behavior\WriteHtmlCacheBehavior [ RunTime:0.000376s ]
INFO: [ view_filter ] --END-- [ RunTime:0.000466s ]
INFO: [ app_end ] --START--
INFO: Run Behavior\ShowPageTraceBehavior [ RunTime:0.000507s ]
INFO: [ app_end ] --END-- [ RunTime:0.000602s ]

[ 2017-09-18T20:57:32+08:00 ] ::1 /feiystudy/article/index.php/Admin/Article/add.html
INFO: [ app_init ] --START--
INFO: Run Behavior\BuildLiteBehavior [ RunTime:0.000021s ]
INFO: [ app_init ] --END-- [ RunTime:0.000337s ]
INFO: [ app_begin ] --START--
INFO: Run Behavior\ReadHtmlCacheBehavior [ RunTime:0.000799s ]
INFO: [ app_begin ] --END-- [ RunTime:0.000976s ]
SQL: SHOW COLUMNS FROM `feiy_cate` [ RunTime:0.0040s ]
SQL: SELECT * FROM `feiy_cate`  [ RunTime:0.0002s ]
INFO: [ view_parse ] --START--
INFO: [ template_filter ] --START--
INFO: Run Behavior\ContentReplaceBehavior [ RunTime:0.000068s ]
INFO: [ template_filter ] --END-- [ RunTime:0.000178s ]
NOTIC: [8] Undefined index: title D:\SoftDownload\wamp\www\feiystudy\article\Application\Runtime\Cache\Admin\e16cf278f1c326e72baf6415dbd5ab87.php 第 5 行.
NOTIC: [8] Undefined variable: edita D:\SoftDownload\wamp\www\feiystudy\article\Application\Runtime\Cache\Admin\e16cf278f1c326e72baf6415dbd5ab87.php 第 63 行.
INFO: Run Behavior\ParseTemplateBehavior [ RunTime:0.007516s ]
INFO: [ view_parse ] --END-- [ RunTime:0.007617s ]
INFO: [ view_filter ] --START--
INFO: Run Behavior\WriteHtmlCacheBehavior [ RunTime:0.000385s ]
INFO: [ view_filter ] --END-- [ RunTime:0.000478s ]
INFO: [ app_end ] --START--
INFO: Run Behavior\ShowPageTraceBehavior [ RunTime:0.000646s ]
INFO: [ app_end ] --END-- [ RunTime:0.000747s ]

[ 2017-09-18T20:57:44+08:00 ] ::1 /feiystudy/article/index.php/Admin/Article/handleAdd.html
INFO: [ app_init ] --START--
INFO: Run Behavior\BuildLiteBehavior [ RunTime:0.000021s ]
INFO: [ app_init ] --END-- [ RunTime:0.000346s ]
INFO: [ app_begin ] --START--
INFO: Run Behavior\ReadHtmlCacheBehavior [ RunTime:0.000343s ]
INFO: [ app_begin ] --END-- [ RunTime:0.000443s ]
SQL: SHOW COLUMNS FROM `feiy_article` [ RunTime:0.1202s ]

[ 2017-09-18T20:58:57+08:00 ] ::1 /feiystudy/article/index.php/Admin/Article/add.html
INFO: [ app_init ] --START--
INFO: Run Behavior\BuildLiteBehavior [ RunTime:0.000021s ]
INFO: [ app_init ] --END-- [ RunTime:0.000331s ]
INFO: [ app_begin ] --START--
INFO: Run Behavior\ReadHtmlCacheBehavior [ RunTime:0.000350s ]
INFO: [ app_begin ] --END-- [ RunTime:0.000448s ]
SQL: SHOW COLUMNS FROM `feiy_cate` [ RunTime:0.0042s ]
SQL: SELECT * FROM `feiy_cate`  [ RunTime:0.0003s ]
INFO: [ view_parse ] --START--
INFO: [ template_filter ] --START--
INFO: Run Behavior\ContentReplaceBehavior [ RunTime:0.000068s ]
INFO: [ template_filter ] --END-- [ RunTime:0.000181s ]
NOTIC: [8] Undefined index: title D:\SoftDownload\wamp\www\feiystudy\article\Application\Runtime\Cache\Admin\e16cf278f1c326e72baf6415dbd5ab87.php 第 5 行.
NOTIC: [8] Undefined variable: edita D:\SoftDownload\wamp\www\feiystudy\article\Application\Runtime\Cache\Admin\e16cf278f1c326e72baf6415dbd5ab87.php 第 63 行.
INFO: Run Behavior\ParseTemplateBehavior [ RunTime:0.007458s ]
INFO: [ view_parse ] --END-- [ RunTime:0.007556s ]
INFO: [ view_filter ] --START--
INFO: Run Behavior\WriteHtmlCacheBehavior [ RunTime:0.000373s ]
INFO: [ view_filter ] --END-- [ RunTime:0.000463s ]
INFO: [ app_end ] --START--
INFO: Run Behavior\ShowPageTraceBehavior [ RunTime:0.000496s ]
INFO: [ app_end ] --END-- [ RunTime:0.000588s ]

[ 2017-09-18T20:58:58+08:00 ] ::1 /feiystudy/article/index.php/Admin/Article/handleAdd.html
INFO: [ app_init ] --START--
INFO: Run Behavior\BuildLiteBehavior [ RunTime:0.000021s ]
INFO: [ app_init ] --END-- [ RunTime:0.000332s ]
INFO: [ app_begin ] --START--
INFO: Run Behavior\ReadHtmlCacheBehavior [ RunTime:0.000359s ]
INFO: [ app_begin ] --END-- [ RunTime:0.000473s ]
SQL: SHOW COLUMNS FROM `feiy_article` [ RunTime:0.0073s ]

[ 2017-09-18T21:03:29+08:00 ] ::1 /feiystudy/article/index.php/Admin/Article/add.html
INFO: [ app_init ] --START--
INFO: Run Behavior\BuildLiteBehavior [ RunTime:0.000022s ]
INFO: [ app_init ] --END-- [ RunTime:0.000394s ]
INFO: [ app_begin ] --START--
INFO: Run Behavior\ReadHtmlCacheBehavior [ RunTime:0.000468s ]
INFO: [ app_begin ] --END-- [ RunTime:0.000566s ]
SQL: SHOW COLUMNS FROM `feiy_cate` [ RunTime:0.0039s ]
SQL: SELECT * FROM `feiy_cate`  [ RunTime:0.0002s ]
INFO: [ view_parse ] --START--
INFO: [ template_filter ] --START--
INFO: Run Behavior\ContentReplaceBehavior [ RunTime:0.000062s ]
INFO: [ template_filter ] --END-- [ RunTime:0.000169s ]
NOTIC: [8] Undefined index: title D:\SoftDownload\wamp\www\feiystudy\article\Application\Runtime\Cache\Admin\e16cf278f1c326e72baf6415dbd5ab87.php 第 5 行.
NOTIC: [8] Undefined variable: edita D:\SoftDownload\wamp\www\feiystudy\article\Application\Runtime\Cache\Admin\e16cf278f1c326e72baf6415dbd5ab87.php 第 63 行.
NOTIC: [8] Undefined variable: edita D:\SoftDownload\wamp\www\feiystudy\article\Application\Runtime\Cache\Admin\e16cf278f1c326e72baf6415dbd5ab87.php 第 67 行.
NOTIC: [8] Undefined variable: edita D:\SoftDownload\wamp\www\feiystudy\article\Application\Runtime\Cache\Admin\e16cf278f1c326e72baf6415dbd5ab87.php 第 79 行.
INFO: Run Behavior\ParseTemplateBehavior [ RunTime:0.005976s ]
INFO: [ view_parse ] --END-- [ RunTime:0.006072s ]
INFO: [ view_filter ] --START--
INFO: Run Behavior\WriteHtmlCacheBehavior [ RunTime:0.000297s ]
INFO: [ view_filter ] --END-- [ RunTime:0.000389s ]
INFO: [ app_end ] --START--
INFO: Run Behavior\ShowPageTraceBehavior [ RunTime:0.000510s ]
INFO: [ app_end ] --END-- [ RunTime:0.000602s ]

[ 2017-09-18T21:06:53+08:00 ] ::1 /feiystudy/article/index.php/Admin/Article/add.html
INFO: [ app_init ] --START--
INFO: Run Behavior\BuildLiteBehavior [ RunTime:0.000021s ]
INFO: [ app_init ] --END-- [ RunTime:0.000371s ]
INFO: [ app_begin ] --START--
INFO: Run Behavior\ReadHtmlCacheBehavior [ RunTime:0.000460s ]
INFO: [ app_begin ] --END-- [ RunTime:0.000560s ]
SQL: SHOW COLUMNS FROM `feiy_cate` [ RunTime:0.2079s ]
SQL: SELECT * FROM `feiy_cate`  [ RunTime:0.0007s ]
INFO: [ view_parse ] --START--
INFO: [ template_filter ] --START--
INFO: Run Behavior\ContentReplaceBehavior [ RunTime:0.000168s ]
INFO: [ template_filter ] --END-- [ RunTime:0.000434s ]
NOTIC: [8] Undefined index: title D:\SoftDownload\wamp\www\feiystudy\article\Application\Runtime\Cache\Admin\e16cf278f1c326e72baf6415dbd5ab87.php 第 5 行.
NOTIC: [8] Undefined variable: edita D:\SoftDownload\wamp\www\feiystudy\article\Application\Runtime\Cache\Admin\e16cf278f1c326e72baf6415dbd5ab87.php 第 63 行.
NOTIC: [8] Undefined variable: edita D:\SoftDownload\wamp\www\feiystudy\article\Application\Runtime\Cache\Admin\e16cf278f1c326e72baf6415dbd5ab87.php 第 67 行.
NOTIC: [8] Undefined variable: edita D:\SoftDownload\wamp\www\feiystudy\article\Application\Runtime\Cache\Admin\e16cf278f1c326e72baf6415dbd5ab87.php 第 79 行.
INFO: Run Behavior\ParseTemplateBehavior [ RunTime:0.025677s ]
INFO: [ view_parse ] --END-- [ RunTime:0.026003s ]
INFO: [ view_filter ] --START--
INFO: Run Behavior\WriteHtmlCacheBehavior [ RunTime:0.001002s ]
INFO: [ view_filter ] --END-- [ RunTime:0.001244s ]
INFO: [ app_end ] --START--
INFO: Run Behavior\ShowPageTraceBehavior [ RunTime:0.001356s ]
INFO: [ app_end ] --END-- [ RunTime:0.001606s ]

[ 2017-09-18T21:07:09+08:00 ] ::1 /feiystudy/article/index.php/Admin/Article/add.html?title=&des=&cateid=%E5%85%89%E6%98%8E%E8%89%AF%E7%9F%A5&content=
INFO: [ app_init ] --START--
INFO: Run Behavior\BuildLiteBehavior [ RunTime:0.000022s ]
INFO: [ app_init ] --END-- [ RunTime:0.000376s ]
INFO: [ app_begin ] --START--
INFO: Run Behavior\ReadHtmlCacheBehavior [ RunTime:0.000469s ]
INFO: [ app_begin ] --END-- [ RunTime:0.000567s ]
SQL: SHOW COLUMNS FROM `feiy_cate` [ RunTime:0.0068s ]
SQL: SELECT * FROM `feiy_cate`  [ RunTime:0.0002s ]
INFO: [ view_parse ] --START--
INFO: [ template_filter ] --START--
INFO: Run Behavior\ContentReplaceBehavior [ RunTime:0.000064s ]
INFO: [ template_filter ] --END-- [ RunTime:0.000160s ]
NOTIC: [8] Undefined index: title D:\SoftDownload\wamp\www\feiystudy\article\Application\Runtime\Cache\Admin\e16cf278f1c326e72baf6415dbd5ab87.php 第 5 行.
NOTIC: [8] Undefined variable: edita D:\SoftDownload\wamp\www\feiystudy\article\Application\Runtime\Cache\Admin\e16cf278f1c326e72baf6415dbd5ab87.php 第 63 行.
NOTIC: [8] Undefined variable: edita D:\SoftDownload\wamp\www\feiystudy\article\Application\Runtime\Cache\Admin\e16cf278f1c326e72baf6415dbd5ab87.php 第 67 行.
NOTIC: [8] Undefined variable: edita D:\SoftDownload\wamp\www\feiystudy\article\Application\Runtime\Cache\Admin\e16cf278f1c326e72baf6415dbd5ab87.php 第 79 行.
INFO: Run Behavior\ParseTemplateBehavior [ RunTime:0.007112s ]
INFO: [ view_parse ] --END-- [ RunTime:0.007221s ]
INFO: [ view_filter ] --START--
INFO: Run Behavior\WriteHtmlCacheBehavior [ RunTime:0.000310s ]
INFO: [ view_filter ] --END-- [ RunTime:0.000395s ]
INFO: [ app_end ] --START--
INFO: Run Behavior\ShowPageTraceBehavior [ RunTime:0.000487s ]
INFO: [ app_end ] --END-- [ RunTime:0.000574s ]

[ 2017-09-18T21:07:58+08:00 ] ::1 /feiystudy/article/index.php/Admin/Article/add.html?title=&des=&cateid=%E5%85%89%E6%98%8E%E8%89%AF%E7%9F%A5&content=
INFO: [ app_init ] --START--
INFO: Run Behavior\BuildLiteBehavior [ RunTime:0.000021s ]
INFO: [ app_init ] --END-- [ RunTime:0.000343s ]
INFO: [ app_begin ] --START--
INFO: Run Behavior\ReadHtmlCacheBehavior [ RunTime:0.000355s ]
INFO: [ app_begin ] --END-- [ RunTime:0.000452s ]
SQL: SHOW COLUMNS FROM `feiy_cate` [ RunTime:0.0041s ]
SQL: SELECT * FROM `feiy_cate`  [ RunTime:0.0002s ]
INFO: [ view_parse ] --START--
INFO: [ template_filter ] --START--
INFO: Run Behavior\ContentReplaceBehavior [ RunTime:0.000061s ]
INFO: [ template_filter ] --END-- [ RunTime:0.000155s ]
NOTIC: [8] Undefined index: title D:\SoftDownload\wamp\www\feiystudy\article\Application\Runtime\Cache\Admin\e16cf278f1c326e72baf6415dbd5ab87.php 第 5 行.
NOTIC: [8] Undefined variable: edita D:\SoftDownload\wamp\www\feiystudy\article\Application\Runtime\Cache\Admin\e16cf278f1c326e72baf6415dbd5ab87.php 第 63 行.
NOTIC: [8] Undefined variable: edita D:\SoftDownload\wamp\www\feiystudy\article\Application\Runtime\Cache\Admin\e16cf278f1c326e72baf6415dbd5ab87.php 第 67 行.
NOTIC: [8] Undefined variable: edita D:\SoftDownload\wamp\www\feiystudy\article\Application\Runtime\Cache\Admin\e16cf278f1c326e72baf6415dbd5ab87.php 第 79 行.
INFO: Run Behavior\ParseTemplateBehavior [ RunTime:0.007043s ]
INFO: [ view_parse ] --END-- [ RunTime:0.007168s ]
INFO: [ view_filter ] --START--
INFO: Run Behavior\WriteHtmlCacheBehavior [ RunTime:0.000207s ]
INFO: [ view_filter ] --END-- [ RunTime:0.000322s ]
INFO: [ app_end ] --START--
INFO: Run Behavior\ShowPageTraceBehavior [ RunTime:0.000750s ]
INFO: [ app_end ] --END-- [ RunTime:0.000850s ]

[ 2017-09-18T21:07:59+08:00 ] ::1 /feiystudy/article/index.php/Admin/Article/handleAdd.html
INFO: [ app_init ] --START--
INFO: Run Behavior\BuildLiteBehavior [ RunTime:0.000022s ]
INFO: [ app_init ] --END-- [ RunTime:0.000342s ]
INFO: [ app_begin ] --START--
INFO: Run Behavior\ReadHtmlCacheBehavior [ RunTime:0.000391s ]
INFO: [ app_begin ] --END-- [ RunTime:0.000500s ]
SQL: SHOW COLUMNS FROM `feiy_article` [ RunTime:0.0043s ]

[ 2017-09-18T21:10:39+08:00 ] ::1 /feiystudy/article/index.php/Admin/Article/add.html?title=&des=&cateid=%E5%85%89%E6%98%8E%E8%89%AF%E7%9F%A5&content=
INFO: [ app_init ] --START--
INFO: Run Behavior\BuildLiteBehavior [ RunTime:0.000020s ]
INFO: [ app_init ] --END-- [ RunTime:0.000372s ]
INFO: [ app_begin ] --START--
INFO: Run Behavior\ReadHtmlCacheBehavior [ RunTime:0.000639s ]
INFO: [ app_begin ] --END-- [ RunTime:0.000749s ]
SQL: SHOW COLUMNS FROM `feiy_cate` [ RunTime:0.0062s ]
SQL: SELECT * FROM `feiy_cate`  [ RunTime:0.0003s ]
INFO: [ view_parse ] --START--
INFO: [ template_filter ] --START--
INFO: Run Behavior\ContentReplaceBehavior [ RunTime:0.000068s ]
INFO: [ template_filter ] --END-- [ RunTime:0.000177s ]
NOTIC: [8] Undefined index: title D:\SoftDownload\wamp\www\feiystudy\article\Application\Runtime\Cache\Admin\e16cf278f1c326e72baf6415dbd5ab87.php 第 5 行.
NOTIC: [8] Undefined variable: edita D:\SoftDownload\wamp\www\feiystudy\article\Application\Runtime\Cache\Admin\e16cf278f1c326e72baf6415dbd5ab87.php 第 63 行.
NOTIC: [8] Undefined variable: edita D:\SoftDownload\wamp\www\feiystudy\article\Application\Runtime\Cache\Admin\e16cf278f1c326e72baf6415dbd5ab87.php 第 67 行.
NOTIC: [8] Undefined variable: edita D:\SoftDownload\wamp\www\feiystudy\article\Application\Runtime\Cache\Admin\e16cf278f1c326e72baf6415dbd5ab87.php 第 79 行.
INFO: Run Behavior\ParseTemplateBehavior [ RunTime:0.007735s ]
INFO: [ view_parse ] --END-- [ RunTime:0.007837s ]
INFO: [ view_filter ] --START--
INFO: Run Behavior\WriteHtmlCacheBehavior [ RunTime:0.000404s ]
INFO: [ view_filter ] --END-- [ RunTime:0.000496s ]
INFO: [ app_end ] --START--
INFO: Run Behavior\ShowPageTraceBehavior [ RunTime:0.000513s ]
INFO: [ app_end ] --END-- [ RunTime:0.000606s ]

[ 2017-09-18T21:10:42+08:00 ] ::1 /feiystudy/article/index.php/Admin/Article/handleAdd.html
INFO: [ app_init ] --START--
INFO: Run Behavior\BuildLiteBehavior [ RunTime:0.000022s ]
INFO: [ app_init ] --END-- [ RunTime:0.000344s ]
INFO: [ app_begin ] --START--
INFO: Run Behavior\ReadHtmlCacheBehavior [ RunTime:0.000374s ]
INFO: [ app_begin ] --END-- [ RunTime:0.000482s ]
SQL: SHOW COLUMNS FROM `feiy_article` [ RunTime:0.0086s ]

