[ 2017-09-15T19:55:35+08:00 ] ::1 /feiystudy/article/index.php/Admin/Index/index
INFO: [ app_init ] --START--
INFO: Run Behavior\BuildLiteBehavior [ RunTime:0.000021s ]
INFO: [ app_init ] --END-- [ RunTime:0.000661s ]
INFO: [ app_begin ] --START--
INFO: Run Behavior\ReadHtmlCacheBehavior [ RunTime:0.000779s ]
INFO: [ app_begin ] --END-- [ RunTime:0.000877s ]

[ 2017-09-15T19:55:35+08:00 ] ::1 /feiystudy/article/index.php/Admin/Access/login.html
INFO: [ app_init ] --START--
INFO: Run Behavior\BuildLiteBehavior [ RunTime:0.000019s ]
INFO: [ app_init ] --END-- [ RunTime:0.000338s ]
INFO: [ app_begin ] --START--
INFO: Run Behavior\ReadHtmlCacheBehavior [ RunTime:0.000350s ]
INFO: [ app_begin ] --END-- [ RunTime:0.000456s ]
INFO: [ view_parse ] --START--
INFO: [ template_filter ] --START--
INFO: Run Behavior\ContentReplaceBehavior [ RunTime:0.000641s ]
INFO: [ template_filter ] --END-- [ RunTime:0.000740s ]
INFO: Run Behavior\ParseTemplateBehavior [ RunTime:0.007405s ]
INFO: [ view_parse ] --END-- [ RunTime:0.007505s ]
INFO: [ view_filter ] --START--
INFO: Run Behavior\WriteHtmlCacheBehavior [ RunTime:0.000581s ]
INFO: [ view_filter ] --END-- [ RunTime:0.000669s ]
INFO: [ app_end ] --START--
INFO: Run Behavior\ShowPageTraceBehavior [ RunTime:0.000918s ]
INFO: [ app_end ] --END-- [ RunTime:0.001007s ]

[ 2017-09-15T19:55:35+08:00 ] ::1 /feiystudy/article/index.php/Admin/Access/code
INFO: [ app_init ] --START--
INFO: Run Behavior\BuildLiteBehavior [ RunTime:0.000023s ]
INFO: [ app_init ] --END-- [ RunTime:0.000422s ]
INFO: [ app_begin ] --START--
INFO: Run Behavior\ReadHtmlCacheBehavior [ RunTime:0.000555s ]
INFO: [ app_begin ] --END-- [ RunTime:0.000664s ]
INFO: [ app_end ] --START--
INFO: Run Behavior\ShowPageTraceBehavior [ RunTime:0.000475s ]
INFO: [ app_end ] --END-- [ RunTime:0.000580s ]

[ 2017-09-15T19:55:36+08:00 ] ::1 /feiystudy/article/index.php/Admin/Index/index
INFO: [ app_init ] --START--
INFO: Run Behavior\BuildLiteBehavior [ RunTime:0.000020s ]
INFO: [ app_init ] --END-- [ RunTime:0.000331s ]
INFO: [ app_begin ] --START--
INFO: Run Behavior\ReadHtmlCacheBehavior [ RunTime:0.000409s ]
INFO: [ app_begin ] --END-- [ RunTime:0.000511s ]

[ 2017-09-15T19:55:36+08:00 ] ::1 /feiystudy/article/index.php/Admin/Access/code
INFO: [ app_init ] --START--
INFO: Run Behavior\BuildLiteBehavior [ RunTime:0.000022s ]
INFO: [ app_init ] --END-- [ RunTime:0.000338s ]
INFO: [ app_begin ] --START--
INFO: Run Behavior\ReadHtmlCacheBehavior [ RunTime:0.000369s ]
INFO: [ app_begin ] --END-- [ RunTime:0.000465s ]
INFO: [ app_end ] --START--
INFO: Run Behavior\ShowPageTraceBehavior [ RunTime:0.000419s ]
INFO: [ app_end ] --END-- [ RunTime:0.000535s ]

[ 2017-09-15T19:55:47+08:00 ] ::1 /feiystudy/article/index.php/Admin/Access/handle.html
INFO: [ app_init ] --START--
INFO: Run Behavior\BuildLiteBehavior [ RunTime:0.000020s ]
INFO: [ app_init ] --END-- [ RunTime:0.000335s ]
INFO: [ app_begin ] --START--
INFO: Run Behavior\ReadHtmlCacheBehavior [ RunTime:0.000346s ]
INFO: [ app_begin ] --END-- [ RunTime:0.000428s ]
SQL: SHOW COLUMNS FROM `feiy_user` [ RunTime:0.0066s ]
NOTIC: [8] Undefined index: validate D:\SoftDownload\wamp\www\feiystudy\article\ThinkPHP\Library\Think\Model.class.php 第 1185 行.
NOTIC: [8] Undefined index: auto D:\SoftDownload\wamp\www\feiystudy\article\ThinkPHP\Library\Think\Model.class.php 第 1128 行.
SQL: SELECT * FROM `feiy_user` WHERE `username` = 'admin ' AND `password` = 'e10adc3949ba59abbe56e057f20f883e' LIMIT 1   [ RunTime:0.0025s ]

[ 2017-09-15T19:55:47+08:00 ] ::1 /feiystudy/article/index.php/Admin/Index/index.html
INFO: [ app_init ] --START--
INFO: Run Behavior\BuildLiteBehavior [ RunTime:0.000023s ]
INFO: [ app_init ] --END-- [ RunTime:0.000367s ]
INFO: [ app_begin ] --START--
INFO: Run Behavior\ReadHtmlCacheBehavior [ RunTime:0.000388s ]
INFO: [ app_begin ] --END-- [ RunTime:0.000491s ]
INFO: [ view_parse ] --START--
INFO: [ template_filter ] --START--
INFO: Run Behavior\ContentReplaceBehavior [ RunTime:0.000061s ]
INFO: [ template_filter ] --END-- [ RunTime:0.000175s ]
NOTIC: [8] Use of undefined constant get_client_ip - assumed 'get_client_ip' D:\SoftDownload\wamp\www\feiystudy\article\Application\Runtime\Cache\Admin\b595b808c2ebeeeb0478ffc30bb4e87a.php 第 46 行.
INFO: Run Behavior\ParseTemplateBehavior [ RunTime:0.007255s ]
INFO: [ view_parse ] --END-- [ RunTime:0.007355s ]
INFO: [ view_filter ] --START--
INFO: Run Behavior\WriteHtmlCacheBehavior [ RunTime:0.000362s ]
INFO: [ view_filter ] --END-- [ RunTime:0.000454s ]
INFO: [ app_end ] --START--
INFO: Run Behavior\ShowPageTraceBehavior [ RunTime:0.000348s ]
INFO: [ app_end ] --END-- [ RunTime:0.000440s ]

[ 2017-09-15T19:55:48+08:00 ] ::1 /feiystudy/article/index.php/Admin/Cate/lists.html
INFO: [ app_init ] --START--
INFO: Run Behavior\BuildLiteBehavior [ RunTime:0.000019s ]
INFO: [ app_init ] --END-- [ RunTime:0.000326s ]
INFO: [ app_begin ] --START--
INFO: Run Behavior\ReadHtmlCacheBehavior [ RunTime:0.000348s ]
INFO: [ app_begin ] --END-- [ RunTime:0.000444s ]
SQL: SHOW COLUMNS FROM `feiy_cate` [ RunTime:0.0036s ]
SQL: SELECT t1.*,t2.name as pname FROM feiy_cate t1 left JOIN feiy_cate as t2 on t1.pid = t2.cateid   [ RunTime:0.0018s ]
INFO: [ view_parse ] --START--
INFO: [ template_filter ] --START--
INFO: Run Behavior\ContentReplaceBehavior [ RunTime:0.000060s ]
INFO: [ template_filter ] --END-- [ RunTime:0.000172s ]
NOTIC: [8] Undefined index: title D:\SoftDownload\wamp\www\feiystudy\article\Application\Runtime\Cache\Admin\761bd6d3753c4667d3750f040418af5e.php 第 5 行.
NOTIC: [8] Use of undefined constant pname - assumed 'pname' D:\SoftDownload\wamp\www\feiystudy\article\Application\Runtime\Cache\Admin\761bd6d3753c4667d3750f040418af5e.php 第 81 行.
NOTIC: [8] Undefined index: articleid D:\SoftDownload\wamp\www\feiystudy\article\Application\Runtime\Cache\Admin\761bd6d3753c4667d3750f040418af5e.php 第 85 行.
NOTIC: [8] Use of undefined constant pname - assumed 'pname' D:\SoftDownload\wamp\www\feiystudy\article\Application\Runtime\Cache\Admin\761bd6d3753c4667d3750f040418af5e.php 第 81 行.
NOTIC: [8] Undefined index: articleid D:\SoftDownload\wamp\www\feiystudy\article\Application\Runtime\Cache\Admin\761bd6d3753c4667d3750f040418af5e.php 第 85 行.
NOTIC: [8] Use of undefined constant pname - assumed 'pname' D:\SoftDownload\wamp\www\feiystudy\article\Application\Runtime\Cache\Admin\761bd6d3753c4667d3750f040418af5e.php 第 81 行.
NOTIC: [8] Undefined index: articleid D:\SoftDownload\wamp\www\feiystudy\article\Application\Runtime\Cache\Admin\761bd6d3753c4667d3750f040418af5e.php 第 85 行.
NOTIC: [8] Use of undefined constant pname - assumed 'pname' D:\SoftDownload\wamp\www\feiystudy\article\Application\Runtime\Cache\Admin\761bd6d3753c4667d3750f040418af5e.php 第 81 行.
NOTIC: [8] Undefined index: articleid D:\SoftDownload\wamp\www\feiystudy\article\Application\Runtime\Cache\Admin\761bd6d3753c4667d3750f040418af5e.php 第 85 行.
NOTIC: [8] Use of undefined constant pname - assumed 'pname' D:\SoftDownload\wamp\www\feiystudy\article\Application\Runtime\Cache\Admin\761bd6d3753c4667d3750f040418af5e.php 第 81 行.
NOTIC: [8] Undefined index: articleid D:\SoftDownload\wamp\www\feiystudy\article\Application\Runtime\Cache\Admin\761bd6d3753c4667d3750f040418af5e.php 第 85 行.
NOTIC: [8] Undefined variable: page D:\SoftDownload\wamp\www\feiystudy\article\Application\Runtime\Cache\Admin\761bd6d3753c4667d3750f040418af5e.php 第 88 行.
INFO: Run Behavior\ParseTemplateBehavior [ RunTime:0.012570s ]
INFO: [ view_parse ] --END-- [ RunTime:0.012663s ]
INFO: [ view_filter ] --START--
INFO: Run Behavior\WriteHtmlCacheBehavior [ RunTime:0.000355s ]
INFO: [ view_filter ] --END-- [ RunTime:0.000443s ]
INFO: [ app_end ] --START--
INFO: Run Behavior\ShowPageTraceBehavior [ RunTime:0.000431s ]
INFO: [ app_end ] --END-- [ RunTime:0.000557s ]
NOTIC: [2] Cannot modify header information - headers already sent by (output started at D:\SoftDownload\wamp\www\feiystudy\article\ThinkPHP\Library\Think\View.class.php:95) D:\SoftDownload\wamp\www\feiystudy\article\index.php 第 28 行.

[ 2017-09-15T20:02:02+08:00 ] ::1 /feiystudy/article/index.php/Admin/Cate/lists.html
INFO: [ app_init ] --START--
INFO: Run Behavior\BuildLiteBehavior [ RunTime:0.000022s ]
INFO: [ app_init ] --END-- [ RunTime:0.000383s ]
INFO: [ app_begin ] --START--
INFO: Run Behavior\ReadHtmlCacheBehavior [ RunTime:0.000460s ]
INFO: [ app_begin ] --END-- [ RunTime:0.000559s ]
SQL: SHOW COLUMNS FROM `feiy_cate` [ RunTime:0.0043s ]
SQL: SELECT t1.*,t2.name as pname FROM feiy_cate t1 left JOIN feiy_cate as t2 on t1.pid = t2.cateid   [ RunTime:0.0003s ]
INFO: [ view_parse ] --START--
INFO: [ template_filter ] --START--
INFO: Run Behavior\ContentReplaceBehavior [ RunTime:0.000061s ]
INFO: [ template_filter ] --END-- [ RunTime:0.000166s ]
NOTIC: [8] Undefined index: title D:\SoftDownload\wamp\www\feiystudy\article\Application\Runtime\Cache\Admin\761bd6d3753c4667d3750f040418af5e.php 第 5 行.
NOTIC: [8] Use of undefined constant pname - assumed 'pname' D:\SoftDownload\wamp\www\feiystudy\article\Application\Runtime\Cache\Admin\761bd6d3753c4667d3750f040418af5e.php 第 81 行.
NOTIC: [8] Undefined index: articleid D:\SoftDownload\wamp\www\feiystudy\article\Application\Runtime\Cache\Admin\761bd6d3753c4667d3750f040418af5e.php 第 85 行.
NOTIC: [8] Use of undefined constant pname - assumed 'pname' D:\SoftDownload\wamp\www\feiystudy\article\Application\Runtime\Cache\Admin\761bd6d3753c4667d3750f040418af5e.php 第 81 行.
NOTIC: [8] Undefined index: articleid D:\SoftDownload\wamp\www\feiystudy\article\Application\Runtime\Cache\Admin\761bd6d3753c4667d3750f040418af5e.php 第 85 行.
NOTIC: [8] Use of undefined constant pname - assumed 'pname' D:\SoftDownload\wamp\www\feiystudy\article\Application\Runtime\Cache\Admin\761bd6d3753c4667d3750f040418af5e.php 第 81 行.
NOTIC: [8] Undefined index: articleid D:\SoftDownload\wamp\www\feiystudy\article\Application\Runtime\Cache\Admin\761bd6d3753c4667d3750f040418af5e.php 第 85 行.
NOTIC: [8] Use of undefined constant pname - assumed 'pname' D:\SoftDownload\wamp\www\feiystudy\article\Application\Runtime\Cache\Admin\761bd6d3753c4667d3750f040418af5e.php 第 81 行.
NOTIC: [8] Undefined index: articleid D:\SoftDownload\wamp\www\feiystudy\article\Application\Runtime\Cache\Admin\761bd6d3753c4667d3750f040418af5e.php 第 85 行.
NOTIC: [8] Use of undefined constant pname - assumed 'pname' D:\SoftDownload\wamp\www\feiystudy\article\Application\Runtime\Cache\Admin\761bd6d3753c4667d3750f040418af5e.php 第 81 行.
NOTIC: [8] Undefined index: articleid D:\SoftDownload\wamp\www\feiystudy\article\Application\Runtime\Cache\Admin\761bd6d3753c4667d3750f040418af5e.php 第 85 行.
NOTIC: [8] Use of undefined constant pname - assumed 'pname' D:\SoftDownload\wamp\www\feiystudy\article\Application\Runtime\Cache\Admin\761bd6d3753c4667d3750f040418af5e.php 第 81 行.
NOTIC: [8] Undefined index: articleid D:\SoftDownload\wamp\www\feiystudy\article\Application\Runtime\Cache\Admin\761bd6d3753c4667d3750f040418af5e.php 第 85 行.
NOTIC: [8] Use of undefined constant pname - assumed 'pname' D:\SoftDownload\wamp\www\feiystudy\article\Application\Runtime\Cache\Admin\761bd6d3753c4667d3750f040418af5e.php 第 81 行.
NOTIC: [8] Undefined index: articleid D:\SoftDownload\wamp\www\feiystudy\article\Application\Runtime\Cache\Admin\761bd6d3753c4667d3750f040418af5e.php 第 85 行.
NOTIC: [8] Use of undefined constant pname - assumed 'pname' D:\SoftDownload\wamp\www\feiystudy\article\Application\Runtime\Cache\Admin\761bd6d3753c4667d3750f040418af5e.php 第 81 行.
NOTIC: [8] Undefined index: articleid D:\SoftDownload\wamp\www\feiystudy\article\Application\Runtime\Cache\Admin\761bd6d3753c4667d3750f040418af5e.php 第 85 行.
NOTIC: [8] Undefined variable: page D:\SoftDownload\wamp\www\feiystudy\article\Application\Runtime\Cache\Admin\761bd6d3753c4667d3750f040418af5e.php 第 88 行.
INFO: Run Behavior\ParseTemplateBehavior [ RunTime:0.011279s ]
INFO: [ view_parse ] --END-- [ RunTime:0.011403s ]
INFO: [ view_filter ] --START--
INFO: Run Behavior\WriteHtmlCacheBehavior [ RunTime:0.000442s ]
INFO: [ view_filter ] --END-- [ RunTime:0.000563s ]
INFO: [ app_end ] --START--
INFO: Run Behavior\ShowPageTraceBehavior [ RunTime:0.000566s ]
INFO: [ app_end ] --END-- [ RunTime:0.000664s ]
NOTIC: [2] Cannot modify header information - headers already sent by (output started at D:\SoftDownload\wamp\www\feiystudy\article\ThinkPHP\Library\Think\View.class.php:95) D:\SoftDownload\wamp\www\feiystudy\article\index.php 第 28 行.

[ 2017-09-15T20:30:20+08:00 ] ::1 /feiystudy/article/index.php/Admin/Cate/lists.html
INFO: [ app_init ] --START--
INFO: Run Behavior\BuildLiteBehavior [ RunTime:0.000027s ]
INFO: [ app_init ] --END-- [ RunTime:0.000421s ]
INFO: [ app_begin ] --START--
INFO: Run Behavior\ReadHtmlCacheBehavior [ RunTime:0.000485s ]
INFO: [ app_begin ] --END-- [ RunTime:0.000590s ]
SQL: SHOW COLUMNS FROM `feiy_cate` [ RunTime:0.0027s ]
SQL: SELECT t1.*,t2.name as pname FROM feiy_cate t1 left JOIN feiy_cate as t2 on t1.pid = t2.cateid   [ RunTime:0.0003s ]
INFO: [ view_parse ] --START--
INFO: [ template_filter ] --START--
INFO: Run Behavior\ContentReplaceBehavior [ RunTime:0.000063s ]
INFO: [ template_filter ] --END-- [ RunTime:0.000176s ]
NOTIC: [8] Undefined offset: 0 D:\SoftDownload\wamp\www\feiystudy\article\Application\Runtime\Cache\Admin\761bd6d3753c4667d3750f040418af5e.php 第 5 行.
NOTIC: [2] Illegal string offset 'cateid' D:\SoftDownload\wamp\www\feiystudy\article\Application\Runtime\Cache\Admin\761bd6d3753c4667d3750f040418af5e.php 第 70 行.
NOTIC: [2] Illegal string offset 'pid' D:\SoftDownload\wamp\www\feiystudy\article\Application\Runtime\Cache\Admin\761bd6d3753c4667d3750f040418af5e.php 第 80 行.
NOTIC: [2] Illegal string offset 'pname' D:\SoftDownload\wamp\www\feiystudy\article\Application\Runtime\Cache\Admin\761bd6d3753c4667d3750f040418af5e.php 第 80 行.
NOTIC: [8] Use of undefined constant pname - assumed 'pname' D:\SoftDownload\wamp\www\feiystudy\article\Application\Runtime\Cache\Admin\761bd6d3753c4667d3750f040418af5e.php 第 81 行.
NOTIC: [2] Illegal string offset 'name' D:\SoftDownload\wamp\www\feiystudy\article\Application\Runtime\Cache\Admin\761bd6d3753c4667d3750f040418af5e.php 第 84 行.
NOTIC: [2] Illegal string offset 'cateid' D:\SoftDownload\wamp\www\feiystudy\article\Application\Runtime\Cache\Admin\761bd6d3753c4667d3750f040418af5e.php 第 85 行.
NOTIC: [2] Illegal string offset 'articleid' D:\SoftDownload\wamp\www\feiystudy\article\Application\Runtime\Cache\Admin\761bd6d3753c4667d3750f040418af5e.php 第 85 行.
NOTIC: [2] Illegal string offset 'cateid' D:\SoftDownload\wamp\www\feiystudy\article\Application\Runtime\Cache\Admin\761bd6d3753c4667d3750f040418af5e.php 第 70 行.
NOTIC: [2] Illegal string offset 'pid' D:\SoftDownload\wamp\www\feiystudy\article\Application\Runtime\Cache\Admin\761bd6d3753c4667d3750f040418af5e.php 第 80 行.
NOTIC: [2] Illegal string offset 'pname' D:\SoftDownload\wamp\www\feiystudy\article\Application\Runtime\Cache\Admin\761bd6d3753c4667d3750f040418af5e.php 第 80 行.
NOTIC: [8] Use of undefined constant pname - assumed 'pname' D:\SoftDownload\wamp\www\feiystudy\article\Application\Runtime\Cache\Admin\761bd6d3753c4667d3750f040418af5e.php 第 81 行.
NOTIC: [2] Illegal string offset 'name' D:\SoftDownload\wamp\www\feiystudy\article\Application\Runtime\Cache\Admin\761bd6d3753c4667d3750f040418af5e.php 第 84 行.
NOTIC: [2] Illegal string offset 'cateid' D:\SoftDownload\wamp\www\feiystudy\article\Application\Runtime\Cache\Admin\761bd6d3753c4667d3750f040418af5e.php 第 85 行.
NOTIC: [2] Illegal string offset 'articleid' D:\SoftDownload\wamp\www\feiystudy\article\Application\Runtime\Cache\Admin\761bd6d3753c4667d3750f040418af5e.php 第 85 行.
NOTIC: [2] Illegal string offset 'cateid' D:\SoftDownload\wamp\www\feiystudy\article\Application\Runtime\Cache\Admin\761bd6d3753c4667d3750f040418af5e.php 第 70 行.
NOTIC: [2] Illegal string offset 'pid' D:\SoftDownload\wamp\www\feiystudy\article\Application\Runtime\Cache\Admin\761bd6d3753c4667d3750f040418af5e.php 第 80 行.
NOTIC: [8] Use of undefined constant pname - assumed 'pname' D:\SoftDownload\wamp\www\feiystudy\article\Application\Runtime\Cache\Admin\761bd6d3753c4667d3750f040418af5e.php 第 81 行.
NOTIC: [2] Illegal string offset 'name' D:\SoftDownload\wamp\www\feiystudy\article\Application\Runtime\Cache\Admin\761bd6d3753c4667d3750f040418af5e.php 第 84 行.
NOTIC: [2] Illegal string offset 'cateid' D:\SoftDownload\wamp\www\feiystudy\article\Application\Runtime\Cache\Admin\761bd6d3753c4667d3750f040418af5e.php 第 85 行.
NOTIC: [2] Illegal string offset 'articleid' D:\SoftDownload\wamp\www\feiystudy\article\Application\Runtime\Cache\Admin\761bd6d3753c4667d3750f040418af5e.php 第 85 行.
NOTIC: [8] Use of undefined constant pname - assumed 'pname' D:\SoftDownload\wamp\www\feiystudy\article\Application\Runtime\Cache\Admin\761bd6d3753c4667d3750f040418af5e.php 第 81 行.
NOTIC: [8] Use of undefined constant pname - assumed 'pname' D:\SoftDownload\wamp\www\feiystudy\article\Application\Runtime\Cache\Admin\761bd6d3753c4667d3750f040418af5e.php 第 81 行.
NOTIC: [8] Undefined variable: page D:\SoftDownload\wamp\www\feiystudy\article\Application\Runtime\Cache\Admin\761bd6d3753c4667d3750f040418af5e.php 第 88 行.
INFO: Run Behavior\ParseTemplateBehavior [ RunTime:0.010871s ]
INFO: [ view_parse ] --END-- [ RunTime:0.011010s ]
INFO: [ view_filter ] --START--
INFO: Run Behavior\WriteHtmlCacheBehavior [ RunTime:0.000403s ]
INFO: [ view_filter ] --END-- [ RunTime:0.000493s ]
INFO: [ app_end ] --START--
INFO: Run Behavior\ShowPageTraceBehavior [ RunTime:0.000566s ]
INFO: [ app_end ] --END-- [ RunTime:0.000663s ]
NOTIC: [2] Cannot modify header information - headers already sent by (output started at D:\SoftDownload\wamp\www\feiystudy\article\ThinkPHP\Library\Think\View.class.php:95) D:\SoftDownload\wamp\www\feiystudy\article\index.php 第 28 行.

[ 2017-09-15T20:30:28+08:00 ] ::1 /feiystudy/article/index.php/Admin/Cate/lists.html
INFO: [ app_init ] --START--
INFO: Run Behavior\BuildLiteBehavior [ RunTime:0.000025s ]
INFO: [ app_init ] --END-- [ RunTime:0.000372s ]
INFO: [ app_begin ] --START--
INFO: Run Behavior\ReadHtmlCacheBehavior [ RunTime:0.000529s ]
INFO: [ app_begin ] --END-- [ RunTime:0.000642s ]
SQL: SHOW COLUMNS FROM `feiy_cate` [ RunTime:0.0038s ]
SQL: SELECT t1.*,t2.name as pname FROM feiy_cate t1 left JOIN feiy_cate as t2 on t1.pid = t2.cateid   [ RunTime:0.0003s ]
INFO: [ view_parse ] --START--
INFO: [ template_filter ] --START--
INFO: Run Behavior\ContentReplaceBehavior [ RunTime:0.000060s ]
INFO: [ template_filter ] --END-- [ RunTime:0.000166s ]
NOTIC: [8] Undefined offset: 0 D:\SoftDownload\wamp\www\feiystudy\article\Application\Runtime\Cache\Admin\761bd6d3753c4667d3750f040418af5e.php 第 5 行.
NOTIC: [2] Illegal string offset 'cateid' D:\SoftDownload\wamp\www\feiystudy\article\Application\Runtime\Cache\Admin\761bd6d3753c4667d3750f040418af5e.php 第 70 行.
NOTIC: [2] Illegal string offset 'pid' D:\SoftDownload\wamp\www\feiystudy\article\Application\Runtime\Cache\Admin\761bd6d3753c4667d3750f040418af5e.php 第 80 行.
NOTIC: [2] Illegal string offset 'pname' D:\SoftDownload\wamp\www\feiystudy\article\Application\Runtime\Cache\Admin\761bd6d3753c4667d3750f040418af5e.php 第 80 行.
NOTIC: [8] Use of undefined constant pname - assumed 'pname' D:\SoftDownload\wamp\www\feiystudy\article\Application\Runtime\Cache\Admin\761bd6d3753c4667d3750f040418af5e.php 第 81 行.
NOTIC: [2] Illegal string offset 'name' D:\SoftDownload\wamp\www\feiystudy\article\Application\Runtime\Cache\Admin\761bd6d3753c4667d3750f040418af5e.php 第 84 行.
NOTIC: [2] Illegal string offset 'cateid' D:\SoftDownload\wamp\www\feiystudy\article\Application\Runtime\Cache\Admin\761bd6d3753c4667d3750f040418af5e.php 第 85 行.
NOTIC: [2] Illegal string offset 'articleid' D:\SoftDownload\wamp\www\feiystudy\article\Application\Runtime\Cache\Admin\761bd6d3753c4667d3750f040418af5e.php 第 85 行.
NOTIC: [2] Illegal string offset 'cateid' D:\SoftDownload\wamp\www\feiystudy\article\Application\Runtime\Cache\Admin\761bd6d3753c4667d3750f040418af5e.php 第 70 行.
NOTIC: [2] Illegal string offset 'pid' D:\SoftDownload\wamp\www\feiystudy\article\Application\Runtime\Cache\Admin\761bd6d3753c4667d3750f040418af5e.php 第 80 行.
NOTIC: [2] Illegal string offset 'pname' D:\SoftDownload\wamp\www\feiystudy\article\Application\Runtime\Cache\Admin\761bd6d3753c4667d3750f040418af5e.php 第 80 行.
NOTIC: [8] Use of undefined constant pname - assumed 'pname' D:\SoftDownload\wamp\www\feiystudy\article\Application\Runtime\Cache\Admin\761bd6d3753c4667d3750f040418af5e.php 第 81 行.
NOTIC: [2] Illegal string offset 'name' D:\SoftDownload\wamp\www\feiystudy\article\Application\Runtime\Cache\Admin\761bd6d3753c4667d3750f040418af5e.php 第 84 行.
NOTIC: [2] Illegal string offset 'cateid' D:\SoftDownload\wamp\www\feiystudy\article\Application\Runtime\Cache\Admin\761bd6d3753c4667d3750f040418af5e.php 第 85 行.
NOTIC: [2] Illegal string offset 'articleid' D:\SoftDownload\wamp\www\feiystudy\article\Application\Runtime\Cache\Admin\761bd6d3753c4667d3750f040418af5e.php 第 85 行.
NOTIC: [2] Illegal string offset 'cateid' D:\SoftDownload\wamp\www\feiystudy\article\Application\Runtime\Cache\Admin\761bd6d3753c4667d3750f040418af5e.php 第 70 行.
NOTIC: [2] Illegal string offset 'pid' D:\SoftDownload\wamp\www\feiystudy\article\Application\Runtime\Cache\Admin\761bd6d3753c4667d3750f040418af5e.php 第 80 行.
NOTIC: [8] Use of undefined constant pname - assumed 'pname' D:\SoftDownload\wamp\www\feiystudy\article\Application\Runtime\Cache\Admin\761bd6d3753c4667d3750f040418af5e.php 第 81 行.
NOTIC: [2] Illegal string offset 'name' D:\SoftDownload\wamp\www\feiystudy\article\Application\Runtime\Cache\Admin\761bd6d3753c4667d3750f040418af5e.php 第 84 行.
NOTIC: [2] Illegal string offset 'cateid' D:\SoftDownload\wamp\www\feiystudy\article\Application\Runtime\Cache\Admin\761bd6d3753c4667d3750f040418af5e.php 第 85 行.
NOTIC: [2] Illegal string offset 'articleid' D:\SoftDownload\wamp\www\feiystudy\article\Application\Runtime\Cache\Admin\761bd6d3753c4667d3750f040418af5e.php 第 85 行.
NOTIC: [8] Use of undefined constant pname - assumed 'pname' D:\SoftDownload\wamp\www\feiystudy\article\Application\Runtime\Cache\Admin\761bd6d3753c4667d3750f040418af5e.php 第 81 行.
NOTIC: [8] Use of undefined constant pname - assumed 'pname' D:\SoftDownload\wamp\www\feiystudy\article\Application\Runtime\Cache\Admin\761bd6d3753c4667d3750f040418af5e.php 第 81 行.
NOTIC: [8] Undefined variable: page D:\SoftDownload\wamp\www\feiystudy\article\Application\Runtime\Cache\Admin\761bd6d3753c4667d3750f040418af5e.php 第 88 行.
INFO: Run Behavior\ParseTemplateBehavior [ RunTime:0.010151s ]
INFO: [ view_parse ] --END-- [ RunTime:0.010249s ]
INFO: [ view_filter ] --START--
INFO: Run Behavior\WriteHtmlCacheBehavior [ RunTime:0.000309s ]
INFO: [ view_filter ] --END-- [ RunTime:0.000398s ]
INFO: [ app_end ] --START--
INFO: Run Behavior\ShowPageTraceBehavior [ RunTime:0.000512s ]
INFO: [ app_end ] --END-- [ RunTime:0.000605s ]
NOTIC: [2] Cannot modify header information - headers already sent by (output started at D:\SoftDownload\wamp\www\feiystudy\article\ThinkPHP\Library\Think\View.class.php:95) D:\SoftDownload\wamp\www\feiystudy\article\index.php 第 28 行.

[ 2017-09-15T20:30:48+08:00 ] ::1 /feiystudy/article/index.php/Admin/Cate/lists.html
INFO: [ app_init ] --START--
INFO: Run Behavior\BuildLiteBehavior [ RunTime:0.000023s ]
INFO: [ app_init ] --END-- [ RunTime:0.000378s ]
INFO: [ app_begin ] --START--
INFO: Run Behavior\ReadHtmlCacheBehavior [ RunTime:0.000353s ]
INFO: [ app_begin ] --END-- [ RunTime:0.000450s ]
SQL: SHOW COLUMNS FROM `feiy_cate` [ RunTime:0.0045s ]
SQL: SELECT t1.*,t2.name as pname FROM feiy_cate t1 left JOIN feiy_cate as t2 on t1.pid = t2.cateid   [ RunTime:0.0002s ]
INFO: [ view_parse ] --START--
INFO: [ template_filter ] --START--
INFO: Run Behavior\ContentReplaceBehavior [ RunTime:0.000060s ]
INFO: [ template_filter ] --END-- [ RunTime:0.000165s ]
NOTIC: [8] Undefined offset: 0 D:\SoftDownload\wamp\www\feiystudy\article\Application\Runtime\Cache\Admin\761bd6d3753c4667d3750f040418af5e.php 第 5 行.
NOTIC: [2] Illegal string offset 'cateid' D:\SoftDownload\wamp\www\feiystudy\article\Application\Runtime\Cache\Admin\761bd6d3753c4667d3750f040418af5e.php 第 70 行.
NOTIC: [2] Illegal string offset 'pid' D:\SoftDownload\wamp\www\feiystudy\article\Application\Runtime\Cache\Admin\761bd6d3753c4667d3750f040418af5e.php 第 80 行.
NOTIC: [2] Illegal string offset 'pname' D:\SoftDownload\wamp\www\feiystudy\article\Application\Runtime\Cache\Admin\761bd6d3753c4667d3750f040418af5e.php 第 80 行.
NOTIC: [8] Use of undefined constant pname - assumed 'pname' D:\SoftDownload\wamp\www\feiystudy\article\Application\Runtime\Cache\Admin\761bd6d3753c4667d3750f040418af5e.php 第 81 行.
NOTIC: [2] Illegal string offset 'name' D:\SoftDownload\wamp\www\feiystudy\article\Application\Runtime\Cache\Admin\761bd6d3753c4667d3750f040418af5e.php 第 84 行.
NOTIC: [2] Illegal string offset 'cateid' D:\SoftDownload\wamp\www\feiystudy\article\Application\Runtime\Cache\Admin\761bd6d3753c4667d3750f040418af5e.php 第 85 行.
NOTIC: [2] Illegal string offset 'articleid' D:\SoftDownload\wamp\www\feiystudy\article\Application\Runtime\Cache\Admin\761bd6d3753c4667d3750f040418af5e.php 第 85 行.
NOTIC: [2] Illegal string offset 'cateid' D:\SoftDownload\wamp\www\feiystudy\article\Application\Runtime\Cache\Admin\761bd6d3753c4667d3750f040418af5e.php 第 70 行.
NOTIC: [2] Illegal string offset 'pid' D:\SoftDownload\wamp\www\feiystudy\article\Application\Runtime\Cache\Admin\761bd6d3753c4667d3750f040418af5e.php 第 80 行.
NOTIC: [2] Illegal string offset 'pname' D:\SoftDownload\wamp\www\feiystudy\article\Application\Runtime\Cache\Admin\761bd6d3753c4667d3750f040418af5e.php 第 80 行.
NOTIC: [8] Use of undefined constant pname - assumed 'pname' D:\SoftDownload\wamp\www\feiystudy\article\Application\Runtime\Cache\Admin\761bd6d3753c4667d3750f040418af5e.php 第 81 行.
NOTIC: [2] Illegal string offset 'name' D:\SoftDownload\wamp\www\feiystudy\article\Application\Runtime\Cache\Admin\761bd6d3753c4667d3750f040418af5e.php 第 84 行.
NOTIC: [2] Illegal string offset 'cateid' D:\SoftDownload\wamp\www\feiystudy\article\Application\Runtime\Cache\Admin\761bd6d3753c4667d3750f040418af5e.php 第 85 行.
NOTIC: [2] Illegal string offset 'articleid' D:\SoftDownload\wamp\www\feiystudy\article\Application\Runtime\Cache\Admin\761bd6d3753c4667d3750f040418af5e.php 第 85 行.
NOTIC: [2] Illegal string offset 'cateid' D:\SoftDownload\wamp\www\feiystudy\article\Application\Runtime\Cache\Admin\761bd6d3753c4667d3750f040418af5e.php 第 70 行.
NOTIC: [2] Illegal string offset 'pid' D:\SoftDownload\wamp\www\feiystudy\article\Application\Runtime\Cache\Admin\761bd6d3753c4667d3750f040418af5e.php 第 80 行.
NOTIC: [8] Use of undefined constant pname - assumed 'pname' D:\SoftDownload\wamp\www\feiystudy\article\Application\Runtime\Cache\Admin\761bd6d3753c4667d3750f040418af5e.php 第 81 行.
NOTIC: [2] Illegal string offset 'name' D:\SoftDownload\wamp\www\feiystudy\article\Application\Runtime\Cache\Admin\761bd6d3753c4667d3750f040418af5e.php 第 84 行.
NOTIC: [2] Illegal string offset 'cateid' D:\SoftDownload\wamp\www\feiystudy\article\Application\Runtime\Cache\Admin\761bd6d3753c4667d3750f040418af5e.php 第 85 行.
NOTIC: [2] Illegal string offset 'articleid' D:\SoftDownload\wamp\www\feiystudy\article\Application\Runtime\Cache\Admin\761bd6d3753c4667d3750f040418af5e.php 第 85 行.
NOTIC: [8] Use of undefined constant pname - assumed 'pname' D:\SoftDownload\wamp\www\feiystudy\article\Application\Runtime\Cache\Admin\761bd6d3753c4667d3750f040418af5e.php 第 81 行.
NOTIC: [8] Use of undefined constant pname - assumed 'pname' D:\SoftDownload\wamp\www\feiystudy\article\Application\Runtime\Cache\Admin\761bd6d3753c4667d3750f040418af5e.php 第 81 行.
NOTIC: [8] Undefined variable: page D:\SoftDownload\wamp\www\feiystudy\article\Application\Runtime\Cache\Admin\761bd6d3753c4667d3750f040418af5e.php 第 88 行.
INFO: Run Behavior\ParseTemplateBehavior [ RunTime:0.009401s ]
INFO: [ view_parse ] --END-- [ RunTime:0.009505s ]
INFO: [ view_filter ] --START--
INFO: Run Behavior\WriteHtmlCacheBehavior [ RunTime:0.000284s ]
INFO: [ view_filter ] --END-- [ RunTime:0.000381s ]
INFO: [ app_end ] --START--
INFO: Run Behavior\ShowPageTraceBehavior [ RunTime:0.000570s ]
INFO: [ app_end ] --END-- [ RunTime:0.000666s ]
NOTIC: [2] Cannot modify header information - headers already sent by (output started at D:\SoftDownload\wamp\www\feiystudy\article\ThinkPHP\Library\Think\View.class.php:95) D:\SoftDownload\wamp\www\feiystudy\article\index.php 第 28 行.

[ 2017-09-15T20:31:00+08:00 ] ::1 /feiystudy/article/index.php/Admin/Cate/lists.html
INFO: [ app_init ] --START--
INFO: Run Behavior\BuildLiteBehavior [ RunTime:0.000021s ]
INFO: [ app_init ] --END-- [ RunTime:0.000334s ]
INFO: [ app_begin ] --START--
INFO: Run Behavior\ReadHtmlCacheBehavior [ RunTime:0.000352s ]
INFO: [ app_begin ] --END-- [ RunTime:0.000449s ]
SQL: SHOW COLUMNS FROM `feiy_cate` [ RunTime:0.0044s ]
SQL: SELECT t1.*,t2.name as pname FROM feiy_cate t1 left JOIN feiy_cate as t2 on t1.pid = t2.cateid   [ RunTime:0.0003s ]
INFO: [ view_parse ] --START--
INFO: [ template_filter ] --START--
INFO: Run Behavior\ContentReplaceBehavior [ RunTime:0.000070s ]
INFO: [ template_filter ] --END-- [ RunTime:0.000201s ]
NOTIC: [8] Undefined offset: 0 D:\SoftDownload\wamp\www\feiystudy\article\Application\Runtime\Cache\Admin\761bd6d3753c4667d3750f040418af5e.php 第 5 行.
NOTIC: [2] Illegal string offset 'cateid' D:\SoftDownload\wamp\www\feiystudy\article\Application\Runtime\Cache\Admin\761bd6d3753c4667d3750f040418af5e.php 第 70 行.
NOTIC: [2] Illegal string offset 'pid' D:\SoftDownload\wamp\www\feiystudy\article\Application\Runtime\Cache\Admin\761bd6d3753c4667d3750f040418af5e.php 第 80 行.
NOTIC: [2] Illegal string offset 'pname' D:\SoftDownload\wamp\www\feiystudy\article\Application\Runtime\Cache\Admin\761bd6d3753c4667d3750f040418af5e.php 第 80 行.
NOTIC: [8] Use of undefined constant pname - assumed 'pname' D:\SoftDownload\wamp\www\feiystudy\article\Application\Runtime\Cache\Admin\761bd6d3753c4667d3750f040418af5e.php 第 81 行.
NOTIC: [2] Illegal string offset 'name' D:\SoftDownload\wamp\www\feiystudy\article\Application\Runtime\Cache\Admin\761bd6d3753c4667d3750f040418af5e.php 第 84 行.
NOTIC: [2] Illegal string offset 'cateid' D:\SoftDownload\wamp\www\feiystudy\article\Application\Runtime\Cache\Admin\761bd6d3753c4667d3750f040418af5e.php 第 85 行.
NOTIC: [2] Illegal string offset 'articleid' D:\SoftDownload\wamp\www\feiystudy\article\Application\Runtime\Cache\Admin\761bd6d3753c4667d3750f040418af5e.php 第 85 行.
NOTIC: [2] Illegal string offset 'cateid' D:\SoftDownload\wamp\www\feiystudy\article\Application\Runtime\Cache\Admin\761bd6d3753c4667d3750f040418af5e.php 第 70 行.
NOTIC: [2] Illegal string offset 'pid' D:\SoftDownload\wamp\www\feiystudy\article\Application\Runtime\Cache\Admin\761bd6d3753c4667d3750f040418af5e.php 第 80 行.
NOTIC: [2] Illegal string offset 'pname' D:\SoftDownload\wamp\www\feiystudy\article\Application\Runtime\Cache\Admin\761bd6d3753c4667d3750f040418af5e.php 第 80 行.
NOTIC: [8] Use of undefined constant pname - assumed 'pname' D:\SoftDownload\wamp\www\feiystudy\article\Application\Runtime\Cache\Admin\761bd6d3753c4667d3750f040418af5e.php 第 81 行.
NOTIC: [2] Illegal string offset 'name' D:\SoftDownload\wamp\www\feiystudy\article\Application\Runtime\Cache\Admin\761bd6d3753c4667d3750f040418af5e.php 第 84 行.
NOTIC: [2] Illegal string offset 'cateid' D:\SoftDownload\wamp\www\feiystudy\article\Application\Runtime\Cache\Admin\761bd6d3753c4667d3750f040418af5e.php 第 85 行.
NOTIC: [2] Illegal string offset 'articleid' D:\SoftDownload\wamp\www\feiystudy\article\Application\Runtime\Cache\Admin\761bd6d3753c4667d3750f040418af5e.php 第 85 行.
NOTIC: [2] Illegal string offset 'cateid' D:\SoftDownload\wamp\www\feiystudy\article\Application\Runtime\Cache\Admin\761bd6d3753c4667d3750f040418af5e.php 第 70 行.
NOTIC: [2] Illegal string offset 'pid' D:\SoftDownload\wamp\www\feiystudy\article\Application\Runtime\Cache\Admin\761bd6d3753c4667d3750f040418af5e.php 第 80 行.
NOTIC: [8] Use of undefined constant pname - assumed 'pname' D:\SoftDownload\wamp\www\feiystudy\article\Application\Runtime\Cache\Admin\761bd6d3753c4667d3750f040418af5e.php 第 81 行.
NOTIC: [2] Illegal string offset 'name' D:\SoftDownload\wamp\www\feiystudy\article\Application\Runtime\Cache\Admin\761bd6d3753c4667d3750f040418af5e.php 第 84 行.
NOTIC: [2] Illegal string offset 'cateid' D:\SoftDownload\wamp\www\feiystudy\article\Application\Runtime\Cache\Admin\761bd6d3753c4667d3750f040418af5e.php 第 85 行.
NOTIC: [2] Illegal string offset 'articleid' D:\SoftDownload\wamp\www\feiystudy\article\Application\Runtime\Cache\Admin\761bd6d3753c4667d3750f040418af5e.php 第 85 行.
NOTIC: [8] Use of undefined constant pname - assumed 'pname' D:\SoftDownload\wamp\www\feiystudy\article\Application\Runtime\Cache\Admin\761bd6d3753c4667d3750f040418af5e.php 第 81 行.
NOTIC: [8] Use of undefined constant pname - assumed 'pname' D:\SoftDownload\wamp\www\feiystudy\article\Application\Runtime\Cache\Admin\761bd6d3753c4667d3750f040418af5e.php 第 81 行.
NOTIC: [8] Undefined variable: page D:\SoftDownload\wamp\www\feiystudy\article\Application\Runtime\Cache\Admin\761bd6d3753c4667d3750f040418af5e.php 第 88 行.
INFO: Run Behavior\ParseTemplateBehavior [ RunTime:0.009919s ]
INFO: [ view_parse ] --END-- [ RunTime:0.010031s ]
INFO: [ view_filter ] --START--
INFO: Run Behavior\WriteHtmlCacheBehavior [ RunTime:0.000253s ]
INFO: [ view_filter ] --END-- [ RunTime:0.000343s ]
INFO: [ app_end ] --START--
INFO: Run Behavior\ShowPageTraceBehavior [ RunTime:0.000488s ]
INFO: [ app_end ] --END-- [ RunTime:0.000582s ]
NOTIC: [2] Cannot modify header information - headers already sent by (output started at D:\SoftDownload\wamp\www\feiystudy\article\ThinkPHP\Library\Think\View.class.php:95) D:\SoftDownload\wamp\www\feiystudy\article\index.php 第 28 行.

[ 2017-09-15T20:31:06+08:00 ] ::1 /feiystudy/article/index.php/Admin/Cate/lists.html
INFO: [ app_init ] --START--
INFO: Run Behavior\BuildLiteBehavior [ RunTime:0.000020s ]
INFO: [ app_init ] --END-- [ RunTime:0.000333s ]
INFO: [ app_begin ] --START--
INFO: Run Behavior\ReadHtmlCacheBehavior [ RunTime:0.000354s ]
INFO: [ app_begin ] --END-- [ RunTime:0.000452s ]
SQL: SHOW COLUMNS FROM `feiy_cate` [ RunTime:0.0074s ]
SQL: SELECT t1.*,t2.name as pname FROM feiy_cate t1 left JOIN feiy_cate as t2 on t1.pid = t2.cateid   [ RunTime:0.0002s ]
INFO: [ view_parse ] --START--
INFO: [ template_filter ] --START--
INFO: Run Behavior\ContentReplaceBehavior [ RunTime:0.000055s ]
INFO: [ template_filter ] --END-- [ RunTime:0.000157s ]
NOTIC: [8] Undefined offset: 0 D:\SoftDownload\wamp\www\feiystudy\article\Application\Runtime\Cache\Admin\761bd6d3753c4667d3750f040418af5e.php 第 5 行.
NOTIC: [2] Illegal string offset 'cateid' D:\SoftDownload\wamp\www\feiystudy\article\Application\Runtime\Cache\Admin\761bd6d3753c4667d3750f040418af5e.php 第 70 行.
NOTIC: [2] Illegal string offset 'pid' D:\SoftDownload\wamp\www\feiystudy\article\Application\Runtime\Cache\Admin\761bd6d3753c4667d3750f040418af5e.php 第 80 行.
NOTIC: [2] Illegal string offset 'pname' D:\SoftDownload\wamp\www\feiystudy\article\Application\Runtime\Cache\Admin\761bd6d3753c4667d3750f040418af5e.php 第 80 行.
NOTIC: [8] Use of undefined constant pname - assumed 'pname' D:\SoftDownload\wamp\www\feiystudy\article\Application\Runtime\Cache\Admin\761bd6d3753c4667d3750f040418af5e.php 第 81 行.
NOTIC: [2] Illegal string offset 'name' D:\SoftDownload\wamp\www\feiystudy\article\Application\Runtime\Cache\Admin\761bd6d3753c4667d3750f040418af5e.php 第 84 行.
NOTIC: [2] Illegal string offset 'cateid' D:\SoftDownload\wamp\www\feiystudy\article\Application\Runtime\Cache\Admin\761bd6d3753c4667d3750f040418af5e.php 第 85 行.
NOTIC: [2] Illegal string offset 'articleid' D:\SoftDownload\wamp\www\feiystudy\article\Application\Runtime\Cache\Admin\761bd6d3753c4667d3750f040418af5e.php 第 85 行.
NOTIC: [2] Illegal string offset 'cateid' D:\SoftDownload\wamp\www\feiystudy\article\Application\Runtime\Cache\Admin\761bd6d3753c4667d3750f040418af5e.php 第 70 行.
NOTIC: [2] Illegal string offset 'pid' D:\SoftDownload\wamp\www\feiystudy\article\Application\Runtime\Cache\Admin\761bd6d3753c4667d3750f040418af5e.php 第 80 行.
NOTIC: [2] Illegal string offset 'pname' D:\SoftDownload\wamp\www\feiystudy\article\Application\Runtime\Cache\Admin\761bd6d3753c4667d3750f040418af5e.php 第 80 行.
NOTIC: [8] Use of undefined constant pname - assumed 'pname' D:\SoftDownload\wamp\www\feiystudy\article\Application\Runtime\Cache\Admin\761bd6d3753c4667d3750f040418af5e.php 第 81 行.
NOTIC: [2] Illegal string offset 'name' D:\SoftDownload\wamp\www\feiystudy\article\Application\Runtime\Cache\Admin\761bd6d3753c4667d3750f040418af5e.php 第 84 行.
NOTIC: [2] Illegal string offset 'cateid' D:\SoftDownload\wamp\www\feiystudy\article\Application\Runtime\Cache\Admin\761bd6d3753c4667d3750f040418af5e.php 第 85 行.
NOTIC: [2] Illegal string offset 'articleid' D:\SoftDownload\wamp\www\feiystudy\article\Application\Runtime\Cache\Admin\761bd6d3753c4667d3750f040418af5e.php 第 85 行.
NOTIC: [2] Illegal string offset 'cateid' D:\SoftDownload\wamp\www\feiystudy\article\Application\Runtime\Cache\Admin\761bd6d3753c4667d3750f040418af5e.php 第 70 行.
NOTIC: [2] Illegal string offset 'pid' D:\SoftDownload\wamp\www\feiystudy\article\Application\Runtime\Cache\Admin\761bd6d3753c4667d3750f040418af5e.php 第 80 行.
NOTIC: [8] Use of undefined constant pname - assumed 'pname' D:\SoftDownload\wamp\www\feiystudy\article\Application\Runtime\Cache\Admin\761bd6d3753c4667d3750f040418af5e.php 第 81 行.
NOTIC: [2] Illegal string offset 'name' D:\SoftDownload\wamp\www\feiystudy\article\Application\Runtime\Cache\Admin\761bd6d3753c4667d3750f040418af5e.php 第 84 行.
NOTIC: [2] Illegal string offset 'cateid' D:\SoftDownload\wamp\www\feiystudy\article\Application\Runtime\Cache\Admin\761bd6d3753c4667d3750f040418af5e.php 第 85 行.
NOTIC: [2] Illegal string offset 'articleid' D:\SoftDownload\wamp\www\feiystudy\article\Application\Runtime\Cache\Admin\761bd6d3753c4667d3750f040418af5e.php 第 85 行.
NOTIC: [8] Use of undefined constant pname - assumed 'pname' D:\SoftDownload\wamp\www\feiystudy\article\Application\Runtime\Cache\Admin\761bd6d3753c4667d3750f040418af5e.php 第 81 行.
NOTIC: [8] Use of undefined constant pname - assumed 'pname' D:\SoftDownload\wamp\www\feiystudy\article\Application\Runtime\Cache\Admin\761bd6d3753c4667d3750f040418af5e.php 第 81 行.
NOTIC: [8] Undefined variable: page D:\SoftDownload\wamp\www\feiystudy\article\Application\Runtime\Cache\Admin\761bd6d3753c4667d3750f040418af5e.php 第 88 行.
INFO: Run Behavior\ParseTemplateBehavior [ RunTime:0.009062s ]
INFO: [ view_parse ] --END-- [ RunTime:0.009208s ]
INFO: [ view_filter ] --START--
INFO: Run Behavior\WriteHtmlCacheBehavior [ RunTime:0.000207s ]
INFO: [ view_filter ] --END-- [ RunTime:0.000288s ]
INFO: [ app_end ] --START--
INFO: Run Behavior\ShowPageTraceBehavior [ RunTime:0.000490s ]
INFO: [ app_end ] --END-- [ RunTime:0.000595s ]
NOTIC: [2] Cannot modify header information - headers already sent by (output started at D:\SoftDownload\wamp\www\feiystudy\article\ThinkPHP\Library\Think\View.class.php:95) D:\SoftDownload\wamp\www\feiystudy\article\index.php 第 28 行.

[ 2017-09-15T20:31:44+08:00 ] ::1 /feiystudy/article/index.php/Admin/Cate/lists.html
INFO: [ app_init ] --START--
INFO: Run Behavior\BuildLiteBehavior [ RunTime:0.000021s ]
INFO: [ app_init ] --END-- [ RunTime:0.000331s ]
INFO: [ app_begin ] --START--
INFO: Run Behavior\ReadHtmlCacheBehavior [ RunTime:0.000384s ]
INFO: [ app_begin ] --END-- [ RunTime:0.000486s ]
SQL: SHOW COLUMNS FROM `feiy_cate` [ RunTime:0.0070s ]
SQL: SELECT t1.*,t2.name as pname FROM feiy_cate t1 left JOIN feiy_cate as t2 on t1.pid = t2.cateid   [ RunTime:0.0004s ]
INFO: [ view_parse ] --START--
INFO: [ template_filter ] --START--
INFO: Run Behavior\ContentReplaceBehavior [ RunTime:0.000057s ]
INFO: [ template_filter ] --END-- [ RunTime:0.000157s ]
NOTIC: [8] Undefined index: title D:\SoftDownload\wamp\www\feiystudy\article\Application\Runtime\Cache\Admin\761bd6d3753c4667d3750f040418af5e.php 第 5 行.
NOTIC: [8] Use of undefined constant pname - assumed 'pname' D:\SoftDownload\wamp\www\feiystudy\article\Application\Runtime\Cache\Admin\761bd6d3753c4667d3750f040418af5e.php 第 81 行.
NOTIC: [8] Undefined index: articleid D:\SoftDownload\wamp\www\feiystudy\article\Application\Runtime\Cache\Admin\761bd6d3753c4667d3750f040418af5e.php 第 85 行.
NOTIC: [8] Use of undefined constant pname - assumed 'pname' D:\SoftDownload\wamp\www\feiystudy\article\Application\Runtime\Cache\Admin\761bd6d3753c4667d3750f040418af5e.php 第 81 行.
NOTIC: [8] Undefined index: articleid D:\SoftDownload\wamp\www\feiystudy\article\Application\Runtime\Cache\Admin\761bd6d3753c4667d3750f040418af5e.php 第 85 行.
NOTIC: [8] Use of undefined constant pname - assumed 'pname' D:\SoftDownload\wamp\www\feiystudy\article\Application\Runtime\Cache\Admin\761bd6d3753c4667d3750f040418af5e.php 第 81 行.
NOTIC: [8] Undefined index: articleid D:\SoftDownload\wamp\www\feiystudy\article\Application\Runtime\Cache\Admin\761bd6d3753c4667d3750f040418af5e.php 第 85 行.
NOTIC: [8] Use of undefined constant pname - assumed 'pname' D:\SoftDownload\wamp\www\feiystudy\article\Application\Runtime\Cache\Admin\761bd6d3753c4667d3750f040418af5e.php 第 81 行.
NOTIC: [8] Undefined index: articleid D:\SoftDownload\wamp\www\feiystudy\article\Application\Runtime\Cache\Admin\761bd6d3753c4667d3750f040418af5e.php 第 85 行.
NOTIC: [8] Use of undefined constant pname - assumed 'pname' D:\SoftDownload\wamp\www\feiystudy\article\Application\Runtime\Cache\Admin\761bd6d3753c4667d3750f040418af5e.php 第 81 行.
NOTIC: [8] Undefined index: articleid D:\SoftDownload\wamp\www\feiystudy\article\Application\Runtime\Cache\Admin\761bd6d3753c4667d3750f040418af5e.php 第 85 行.
NOTIC: [8] Undefined variable: page D:\SoftDownload\wamp\www\feiystudy\article\Application\Runtime\Cache\Admin\761bd6d3753c4667d3750f040418af5e.php 第 88 行.
INFO: Run Behavior\ParseTemplateBehavior [ RunTime:0.008821s ]
INFO: [ view_parse ] --END-- [ RunTime:0.008920s ]
INFO: [ view_filter ] --START--
INFO: Run Behavior\WriteHtmlCacheBehavior [ RunTime:0.000197s ]
INFO: [ view_filter ] --END-- [ RunTime:0.000282s ]
INFO: [ app_end ] --START--
INFO: Run Behavior\ShowPageTraceBehavior [ RunTime:0.000455s ]
INFO: [ app_end ] --END-- [ RunTime:0.000544s ]
NOTIC: [2] Cannot modify header information - headers already sent by (output started at D:\SoftDownload\wamp\www\feiystudy\article\ThinkPHP\Library\Think\View.class.php:95) D:\SoftDownload\wamp\www\feiystudy\article\index.php 第 28 行.

[ 2017-09-15T21:56:12+08:00 ] ::1 /feiystudy/article/index.php/Admin/Index/index
INFO: [ app_init ] --START--
INFO: Run Behavior\BuildLiteBehavior [ RunTime:0.000020s ]
INFO: [ app_init ] --END-- [ RunTime:0.000374s ]
INFO: [ app_begin ] --START--
INFO: Run Behavior\ReadHtmlCacheBehavior [ RunTime:0.000497s ]
INFO: [ app_begin ] --END-- [ RunTime:0.000593s ]

[ 2017-09-15T21:56:12+08:00 ] ::1 /feiystudy/article/index.php/Admin/Access/login.html
INFO: [ app_init ] --START--
INFO: Run Behavior\BuildLiteBehavior [ RunTime:0.000020s ]
INFO: [ app_init ] --END-- [ RunTime:0.000328s ]
INFO: [ app_begin ] --START--
INFO: Run Behavior\ReadHtmlCacheBehavior [ RunTime:0.000338s ]
INFO: [ app_begin ] --END-- [ RunTime:0.000431s ]
INFO: [ view_parse ] --START--
INFO: [ template_filter ] --START--
INFO: Run Behavior\ContentReplaceBehavior [ RunTime:0.000065s ]
INFO: [ template_filter ] --END-- [ RunTime:0.000162s ]
INFO: Run Behavior\ParseTemplateBehavior [ RunTime:0.006040s ]
INFO: [ view_parse ] --END-- [ RunTime:0.006134s ]
INFO: [ view_filter ] --START--
INFO: Run Behavior\WriteHtmlCacheBehavior [ RunTime:0.000286s ]
INFO: [ view_filter ] --END-- [ RunTime:0.000372s ]
INFO: [ app_end ] --START--
INFO: Run Behavior\ShowPageTraceBehavior [ RunTime:0.000515s ]
INFO: [ app_end ] --END-- [ RunTime:0.000605s ]

[ 2017-09-15T21:56:12+08:00 ] ::1 /feiystudy/article/index.php/Admin/Access/code
INFO: [ app_init ] --START--
INFO: Run Behavior\BuildLiteBehavior [ RunTime:0.000020s ]
INFO: [ app_init ] --END-- [ RunTime:0.000372s ]
INFO: [ app_begin ] --START--
INFO: Run Behavior\ReadHtmlCacheBehavior [ RunTime:0.000333s ]
INFO: [ app_begin ] --END-- [ RunTime:0.000460s ]
INFO: [ app_end ] --START--
INFO: Run Behavior\ShowPageTraceBehavior [ RunTime:0.000503s ]
INFO: [ app_end ] --END-- [ RunTime:0.000610s ]

[ 2017-09-15T21:56:12+08:00 ] ::1 /feiystudy/article/index.php/Admin/Index/index
INFO: [ app_init ] --START--
INFO: Run Behavior\BuildLiteBehavior [ RunTime:0.000021s ]
INFO: [ app_init ] --END-- [ RunTime:0.000343s ]
INFO: [ app_begin ] --START--
INFO: Run Behavior\ReadHtmlCacheBehavior [ RunTime:0.000365s ]
INFO: [ app_begin ] --END-- [ RunTime:0.000457s ]

[ 2017-09-15T21:56:12+08:00 ] ::1 /feiystudy/article/index.php/Admin/Access/code
INFO: [ app_init ] --START--
INFO: Run Behavior\BuildLiteBehavior [ RunTime:0.000023s ]
INFO: [ app_init ] --END-- [ RunTime:0.000461s ]
INFO: [ app_begin ] --START--
INFO: Run Behavior\ReadHtmlCacheBehavior [ RunTime:0.000445s ]
INFO: [ app_begin ] --END-- [ RunTime:0.000552s ]
INFO: [ app_end ] --START--
INFO: Run Behavior\ShowPageTraceBehavior [ RunTime:0.000660s ]
INFO: [ app_end ] --END-- [ RunTime:0.000800s ]

[ 2017-09-15T21:56:26+08:00 ] ::1 /feiystudy/article/index.php/Admin/Access/handle.html
INFO: [ app_init ] --START--
INFO: Run Behavior\BuildLiteBehavior [ RunTime:0.000021s ]
INFO: [ app_init ] --END-- [ RunTime:0.000369s ]
INFO: [ app_begin ] --START--
INFO: Run Behavior\ReadHtmlCacheBehavior [ RunTime:0.000472s ]
INFO: [ app_begin ] --END-- [ RunTime:0.000561s ]
SQL: SHOW COLUMNS FROM `feiy_user` [ RunTime:0.0050s ]
NOTIC: [8] Undefined index: validate D:\SoftDownload\wamp\www\feiystudy\article\ThinkPHP\Library\Think\Model.class.php 第 1185 行.
NOTIC: [8] Undefined index: auto D:\SoftDownload\wamp\www\feiystudy\article\ThinkPHP\Library\Think\Model.class.php 第 1128 行.
SQL: SELECT * FROM `feiy_user` WHERE `username` = 'admin ' AND `password` = 'e10adc3949ba59abbe56e057f20f883e' LIMIT 1   [ RunTime:0.0003s ]

[ 2017-09-15T21:56:26+08:00 ] ::1 /feiystudy/article/index.php/Admin/Index/index.html
INFO: [ app_init ] --START--
INFO: Run Behavior\BuildLiteBehavior [ RunTime:0.000022s ]
INFO: [ app_init ] --END-- [ RunTime:0.000442s ]
INFO: [ app_begin ] --START--
INFO: Run Behavior\ReadHtmlCacheBehavior [ RunTime:0.000368s ]
INFO: [ app_begin ] --END-- [ RunTime:0.000466s ]
INFO: [ view_parse ] --START--
INFO: [ template_filter ] --START--
INFO: Run Behavior\ContentReplaceBehavior [ RunTime:0.000100s ]
INFO: [ template_filter ] --END-- [ RunTime:0.000239s ]
NOTIC: [8] Use of undefined constant get_client_ip - assumed 'get_client_ip' D:\SoftDownload\wamp\www\feiystudy\article\Application\Runtime\Cache\Admin\b595b808c2ebeeeb0478ffc30bb4e87a.php 第 46 行.
INFO: Run Behavior\ParseTemplateBehavior [ RunTime:0.007357s ]
INFO: [ view_parse ] --END-- [ RunTime:0.007462s ]
INFO: [ view_filter ] --START--
INFO: Run Behavior\WriteHtmlCacheBehavior [ RunTime:0.000797s ]
INFO: [ view_filter ] --END-- [ RunTime:0.001022s ]
INFO: [ app_end ] --START--
INFO: Run Behavior\ShowPageTraceBehavior [ RunTime:0.000672s ]
INFO: [ app_end ] --END-- [ RunTime:0.000776s ]

[ 2017-09-15T21:56:27+08:00 ] ::1 /feiystudy/article/index.php/Admin/Cate/lists.html
INFO: [ app_init ] --START--
INFO: Run Behavior\BuildLiteBehavior [ RunTime:0.000020s ]
INFO: [ app_init ] --END-- [ RunTime:0.000334s ]
INFO: [ app_begin ] --START--
INFO: Run Behavior\ReadHtmlCacheBehavior [ RunTime:0.000509s ]
INFO: [ app_begin ] --END-- [ RunTime:0.000617s ]
SQL: SHOW COLUMNS FROM `feiy_cate` [ RunTime:0.0063s ]
SQL: SELECT t1.*,t2.name as pname FROM feiy_cate t1 left JOIN feiy_cate as t2 on t1.pid = t2.cateid   [ RunTime:0.0003s ]
INFO: [ view_parse ] --START--
INFO: [ template_filter ] --START--
INFO: Run Behavior\ContentReplaceBehavior [ RunTime:0.000058s ]
INFO: [ template_filter ] --END-- [ RunTime:0.000162s ]
NOTIC: [8] Undefined index: title D:\SoftDownload\wamp\www\feiystudy\article\Application\Runtime\Cache\Admin\761bd6d3753c4667d3750f040418af5e.php 第 5 行.
NOTIC: [8] Use of undefined constant pname - assumed 'pname' D:\SoftDownload\wamp\www\feiystudy\article\Application\Runtime\Cache\Admin\761bd6d3753c4667d3750f040418af5e.php 第 81 行.
NOTIC: [8] Undefined index: articleid D:\SoftDownload\wamp\www\feiystudy\article\Application\Runtime\Cache\Admin\761bd6d3753c4667d3750f040418af5e.php 第 85 行.
NOTIC: [8] Use of undefined constant pname - assumed 'pname' D:\SoftDownload\wamp\www\feiystudy\article\Application\Runtime\Cache\Admin\761bd6d3753c4667d3750f040418af5e.php 第 81 行.
NOTIC: [8] Undefined index: articleid D:\SoftDownload\wamp\www\feiystudy\article\Application\Runtime\Cache\Admin\761bd6d3753c4667d3750f040418af5e.php 第 85 行.
NOTIC: [8] Use of undefined constant pname - assumed 'pname' D:\SoftDownload\wamp\www\feiystudy\article\Application\Runtime\Cache\Admin\761bd6d3753c4667d3750f040418af5e.php 第 81 行.
NOTIC: [8] Undefined index: articleid D:\SoftDownload\wamp\www\feiystudy\article\Application\Runtime\Cache\Admin\761bd6d3753c4667d3750f040418af5e.php 第 85 行.
NOTIC: [8] Use of undefined constant pname - assumed 'pname' D:\SoftDownload\wamp\www\feiystudy\article\Application\Runtime\Cache\Admin\761bd6d3753c4667d3750f040418af5e.php 第 81 行.
NOTIC: [8] Undefined index: articleid D:\SoftDownload\wamp\www\feiystudy\article\Application\Runtime\Cache\Admin\761bd6d3753c4667d3750f040418af5e.php 第 85 行.
NOTIC: [8] Use of undefined constant pname - assumed 'pname' D:\SoftDownload\wamp\www\feiystudy\article\Application\Runtime\Cache\Admin\761bd6d3753c4667d3750f040418af5e.php 第 81 行.
NOTIC: [8] Undefined index: articleid D:\SoftDownload\wamp\www\feiystudy\article\Application\Runtime\Cache\Admin\761bd6d3753c4667d3750f040418af5e.php 第 85 行.
NOTIC: [8] Undefined variable: page D:\SoftDownload\wamp\www\feiystudy\article\Application\Runtime\Cache\Admin\761bd6d3753c4667d3750f040418af5e.php 第 88 行.
INFO: Run Behavior\ParseTemplateBehavior [ RunTime:0.010506s ]
INFO: [ view_parse ] --END-- [ RunTime:0.010604s ]
INFO: [ view_filter ] --START--
INFO: Run Behavior\WriteHtmlCacheBehavior [ RunTime:0.000427s ]
INFO: [ view_filter ] --END-- [ RunTime:0.000513s ]
INFO: [ app_end ] --START--
INFO: Run Behavior\ShowPageTraceBehavior [ RunTime:0.000334s ]
INFO: [ app_end ] --END-- [ RunTime:0.000422s ]
NOTIC: [2] Cannot modify header information - headers already sent by (output started at D:\SoftDownload\wamp\www\feiystudy\article\ThinkPHP\Library\Think\View.class.php:95) D:\SoftDownload\wamp\www\feiystudy\article\index.php 第 28 行.

[ 2017-09-15T22:07:13+08:00 ] ::1 /feiystudy/article/index.php/Admin/Cate/lists.html
INFO: [ app_init ] --START--
INFO: Run Behavior\BuildLiteBehavior [ RunTime:0.000021s ]
INFO: [ app_init ] --END-- [ RunTime:0.000384s ]
INFO: [ app_begin ] --START--
INFO: Run Behavior\ReadHtmlCacheBehavior [ RunTime:0.000471s ]
INFO: [ app_begin ] --END-- [ RunTime:0.000570s ]
SQL: SHOW COLUMNS FROM `feiy_cate` [ RunTime:0.0043s ]
SQL: SELECT t1.*,t2.name as pname FROM feiy_cate t1 left JOIN feiy_cate as t2 on t1.pid = t2.cateid   [ RunTime:0.0003s ]
INFO: [ view_parse ] --START--
INFO: [ template_filter ] --START--
INFO: Run Behavior\ContentReplaceBehavior [ RunTime:0.000064s ]
INFO: [ template_filter ] --END-- [ RunTime:0.000181s ]
NOTIC: [8] Undefined offset: 0 D:\SoftDownload\wamp\www\feiystudy\article\Application\Runtime\Cache\Admin\761bd6d3753c4667d3750f040418af5e.php 第 5 行.
NOTIC: [2] Illegal string offset 'cateid' D:\SoftDownload\wamp\www\feiystudy\article\Application\Runtime\Cache\Admin\761bd6d3753c4667d3750f040418af5e.php 第 70 行.
NOTIC: [2] Illegal string offset 'pid' D:\SoftDownload\wamp\www\feiystudy\article\Application\Runtime\Cache\Admin\761bd6d3753c4667d3750f040418af5e.php 第 80 行.
NOTIC: [2] Illegal string offset 'pname' D:\SoftDownload\wamp\www\feiystudy\article\Application\Runtime\Cache\Admin\761bd6d3753c4667d3750f040418af5e.php 第 80 行.
NOTIC: [8] Use of undefined constant pname - assumed 'pname' D:\SoftDownload\wamp\www\feiystudy\article\Application\Runtime\Cache\Admin\761bd6d3753c4667d3750f040418af5e.php 第 81 行.
NOTIC: [2] Illegal string offset 'name' D:\SoftDownload\wamp\www\feiystudy\article\Application\Runtime\Cache\Admin\761bd6d3753c4667d3750f040418af5e.php 第 84 行.
NOTIC: [2] Illegal string offset 'cateid' D:\SoftDownload\wamp\www\feiystudy\article\Application\Runtime\Cache\Admin\761bd6d3753c4667d3750f040418af5e.php 第 85 行.
NOTIC: [2] Illegal string offset 'articleid' D:\SoftDownload\wamp\www\feiystudy\article\Application\Runtime\Cache\Admin\761bd6d3753c4667d3750f040418af5e.php 第 85 行.
NOTIC: [2] Illegal string offset 'cateid' D:\SoftDownload\wamp\www\feiystudy\article\Application\Runtime\Cache\Admin\761bd6d3753c4667d3750f040418af5e.php 第 70 行.
NOTIC: [2] Illegal string offset 'pid' D:\SoftDownload\wamp\www\feiystudy\article\Application\Runtime\Cache\Admin\761bd6d3753c4667d3750f040418af5e.php 第 80 行.
NOTIC: [2] Illegal string offset 'pname' D:\SoftDownload\wamp\www\feiystudy\article\Application\Runtime\Cache\Admin\761bd6d3753c4667d3750f040418af5e.php 第 80 行.
NOTIC: [8] Use of undefined constant pname - assumed 'pname' D:\SoftDownload\wamp\www\feiystudy\article\Application\Runtime\Cache\Admin\761bd6d3753c4667d3750f040418af5e.php 第 81 行.
NOTIC: [2] Illegal string offset 'name' D:\SoftDownload\wamp\www\feiystudy\article\Application\Runtime\Cache\Admin\761bd6d3753c4667d3750f040418af5e.php 第 84 行.
NOTIC: [2] Illegal string offset 'cateid' D:\SoftDownload\wamp\www\feiystudy\article\Application\Runtime\Cache\Admin\761bd6d3753c4667d3750f040418af5e.php 第 85 行.
NOTIC: [2] Illegal string offset 'articleid' D:\SoftDownload\wamp\www\feiystudy\article\Application\Runtime\Cache\Admin\761bd6d3753c4667d3750f040418af5e.php 第 85 行.
NOTIC: [2] Illegal string offset 'cateid' D:\SoftDownload\wamp\www\feiystudy\article\Application\Runtime\Cache\Admin\761bd6d3753c4667d3750f040418af5e.php 第 70 行.
NOTIC: [2] Illegal string offset 'pid' D:\SoftDownload\wamp\www\feiystudy\article\Application\Runtime\Cache\Admin\761bd6d3753c4667d3750f040418af5e.php 第 80 行.
NOTIC: [8] Use of undefined constant pname - assumed 'pname' D:\SoftDownload\wamp\www\feiystudy\article\Application\Runtime\Cache\Admin\761bd6d3753c4667d3750f040418af5e.php 第 81 行.
NOTIC: [2] Illegal string offset 'name' D:\SoftDownload\wamp\www\feiystudy\article\Application\Runtime\Cache\Admin\761bd6d3753c4667d3750f040418af5e.php 第 84 行.
NOTIC: [2] Illegal string offset 'cateid' D:\SoftDownload\wamp\www\feiystudy\article\Application\Runtime\Cache\Admin\761bd6d3753c4667d3750f040418af5e.php 第 85 行.
NOTIC: [2] Illegal string offset 'articleid' D:\SoftDownload\wamp\www\feiystudy\article\Application\Runtime\Cache\Admin\761bd6d3753c4667d3750f040418af5e.php 第 85 行.
NOTIC: [8] Use of undefined constant pname - assumed 'pname' D:\SoftDownload\wamp\www\feiystudy\article\Application\Runtime\Cache\Admin\761bd6d3753c4667d3750f040418af5e.php 第 81 行.
NOTIC: [8] Use of undefined constant pname - assumed 'pname' D:\SoftDownload\wamp\www\feiystudy\article\Application\Runtime\Cache\Admin\761bd6d3753c4667d3750f040418af5e.php 第 81 行.
NOTIC: [8] Undefined variable: page D:\SoftDownload\wamp\www\feiystudy\article\Application\Runtime\Cache\Admin\761bd6d3753c4667d3750f040418af5e.php 第 88 行.
INFO: Run Behavior\ParseTemplateBehavior [ RunTime:0.010441s ]
INFO: [ view_parse ] --END-- [ RunTime:0.010543s ]
INFO: [ view_filter ] --START--
INFO: Run Behavior\WriteHtmlCacheBehavior [ RunTime:0.000366s ]
INFO: [ view_filter ] --END-- [ RunTime:0.000456s ]
INFO: [ app_end ] --START--
INFO: Run Behavior\ShowPageTraceBehavior [ RunTime:0.000476s ]
INFO: [ app_end ] --END-- [ RunTime:0.000569s ]
NOTIC: [2] Cannot modify header information - headers already sent by (output started at D:\SoftDownload\wamp\www\feiystudy\article\ThinkPHP\Library\Think\View.class.php:95) D:\SoftDownload\wamp\www\feiystudy\article\index.php 第 28 行.

[ 2017-09-15T22:10:14+08:00 ] ::1 /feiystudy/article/index.php/Admin/Cate/lists.html
INFO: [ app_init ] --START--
INFO: Run Behavior\BuildLiteBehavior [ RunTime:0.000022s ]
INFO: [ app_init ] --END-- [ RunTime:0.000375s ]
INFO: [ app_begin ] --START--
INFO: Run Behavior\ReadHtmlCacheBehavior [ RunTime:0.000466s ]
INFO: [ app_begin ] --END-- [ RunTime:0.000566s ]
SQL: SHOW COLUMNS FROM `feiy_cate` [ RunTime:0.0067s ]
SQL: SELECT t1.*,t2.name as pname FROM feiy_cate t1 left JOIN feiy_cate as t2 on t1.pid = t2.cateid   [ RunTime:0.0003s ]
INFO: [ view_parse ] --START--
INFO: [ template_filter ] --START--
INFO: Run Behavior\ContentReplaceBehavior [ RunTime:0.000076s ]
INFO: [ template_filter ] --END-- [ RunTime:0.000185s ]
NOTIC: [8] Undefined index: title D:\SoftDownload\wamp\www\feiystudy\article\Application\Runtime\Cache\Admin\761bd6d3753c4667d3750f040418af5e.php 第 5 行.
NOTIC: [8] Use of undefined constant pname - assumed 'pname' D:\SoftDownload\wamp\www\feiystudy\article\Application\Runtime\Cache\Admin\761bd6d3753c4667d3750f040418af5e.php 第 81 行.
NOTIC: [8] Undefined index: articleid D:\SoftDownload\wamp\www\feiystudy\article\Application\Runtime\Cache\Admin\761bd6d3753c4667d3750f040418af5e.php 第 85 行.
NOTIC: [8] Use of undefined constant pname - assumed 'pname' D:\SoftDownload\wamp\www\feiystudy\article\Application\Runtime\Cache\Admin\761bd6d3753c4667d3750f040418af5e.php 第 81 行.
NOTIC: [8] Undefined index: articleid D:\SoftDownload\wamp\www\feiystudy\article\Application\Runtime\Cache\Admin\761bd6d3753c4667d3750f040418af5e.php 第 85 行.
NOTIC: [8] Use of undefined constant pname - assumed 'pname' D:\SoftDownload\wamp\www\feiystudy\article\Application\Runtime\Cache\Admin\761bd6d3753c4667d3750f040418af5e.php 第 81 行.
NOTIC: [8] Undefined index: articleid D:\SoftDownload\wamp\www\feiystudy\article\Application\Runtime\Cache\Admin\761bd6d3753c4667d3750f040418af5e.php 第 85 行.
NOTIC: [8] Use of undefined constant pname - assumed 'pname' D:\SoftDownload\wamp\www\feiystudy\article\Application\Runtime\Cache\Admin\761bd6d3753c4667d3750f040418af5e.php 第 81 行.
NOTIC: [8] Undefined index: articleid D:\SoftDownload\wamp\www\feiystudy\article\Application\Runtime\Cache\Admin\761bd6d3753c4667d3750f040418af5e.php 第 85 行.
NOTIC: [8] Use of undefined constant pname - assumed 'pname' D:\SoftDownload\wamp\www\feiystudy\article\Application\Runtime\Cache\Admin\761bd6d3753c4667d3750f040418af5e.php 第 81 行.
NOTIC: [8] Undefined index: articleid D:\SoftDownload\wamp\www\feiystudy\article\Application\Runtime\Cache\Admin\761bd6d3753c4667d3750f040418af5e.php 第 85 行.
NOTIC: [8] Use of undefined constant pname - assumed 'pname' D:\SoftDownload\wamp\www\feiystudy\article\Application\Runtime\Cache\Admin\761bd6d3753c4667d3750f040418af5e.php 第 81 行.
NOTIC: [8] Undefined index: articleid D:\SoftDownload\wamp\www\feiystudy\article\Application\Runtime\Cache\Admin\761bd6d3753c4667d3750f040418af5e.php 第 85 行.
NOTIC: [8] Use of undefined constant pname - assumed 'pname' D:\SoftDownload\wamp\www\feiystudy\article\Application\Runtime\Cache\Admin\761bd6d3753c4667d3750f040418af5e.php 第 81 行.
NOTIC: [8] Undefined index: articleid D:\SoftDownload\wamp\www\feiystudy\article\Application\Runtime\Cache\Admin\761bd6d3753c4667d3750f040418af5e.php 第 85 行.
NOTIC: [8] Use of undefined constant pname - assumed 'pname' D:\SoftDownload\wamp\www\feiystudy\article\Application\Runtime\Cache\Admin\761bd6d3753c4667d3750f040418af5e.php 第 81 行.
NOTIC: [8] Undefined index: articleid D:\SoftDownload\wamp\www\feiystudy\article\Application\Runtime\Cache\Admin\761bd6d3753c4667d3750f040418af5e.php 第 85 行.
NOTIC: [8] Undefined variable: page D:\SoftDownload\wamp\www\feiystudy\article\Application\Runtime\Cache\Admin\761bd6d3753c4667d3750f040418af5e.php 第 88 行.
INFO: Run Behavior\ParseTemplateBehavior [ RunTime:0.011004s ]
INFO: [ view_parse ] --END-- [ RunTime:0.011108s ]
INFO: [ view_filter ] --START--
INFO: Run Behavior\WriteHtmlCacheBehavior [ RunTime:0.000363s ]
INFO: [ view_filter ] --END-- [ RunTime:0.000455s ]
INFO: [ app_end ] --START--
INFO: Run Behavior\ShowPageTraceBehavior [ RunTime:0.000609s ]
INFO: [ app_end ] --END-- [ RunTime:0.000786s ]
NOTIC: [2] Cannot modify header information - headers already sent by (output started at D:\SoftDownload\wamp\www\feiystudy\article\ThinkPHP\Library\Think\View.class.php:95) D:\SoftDownload\wamp\www\feiystudy\article\index.php 第 28 行.

[ 2017-09-15T22:10:21+08:00 ] ::1 /feiystudy/article/index.php/Admin/Cate/lists.html
INFO: [ app_init ] --START--
INFO: Run Behavior\BuildLiteBehavior [ RunTime:0.000021s ]
INFO: [ app_init ] --END-- [ RunTime:0.000372s ]
INFO: [ app_begin ] --START--
INFO: Run Behavior\ReadHtmlCacheBehavior [ RunTime:0.000464s ]
INFO: [ app_begin ] --END-- [ RunTime:0.000563s ]
SQL: SHOW COLUMNS FROM `feiy_cate` [ RunTime:0.0063s ]
SQL: SELECT t1.*,t2.name as pname FROM feiy_cate t1 left JOIN feiy_cate as t2 on t1.pid = t2.cateid   [ RunTime:0.0003s ]
INFO: [ view_parse ] --START--
INFO: [ template_filter ] --START--
INFO: Run Behavior\ContentReplaceBehavior [ RunTime:0.000064s ]
INFO: [ template_filter ] --END-- [ RunTime:0.000177s ]
NOTIC: [8] Undefined index: title D:\SoftDownload\wamp\www\feiystudy\article\Application\Runtime\Cache\Admin\761bd6d3753c4667d3750f040418af5e.php 第 5 行.
NOTIC: [8] Use of undefined constant pname - assumed 'pname' D:\SoftDownload\wamp\www\feiystudy\article\Application\Runtime\Cache\Admin\761bd6d3753c4667d3750f040418af5e.php 第 81 行.
NOTIC: [8] Undefined index: articleid D:\SoftDownload\wamp\www\feiystudy\article\Application\Runtime\Cache\Admin\761bd6d3753c4667d3750f040418af5e.php 第 85 行.
NOTIC: [8] Use of undefined constant pname - assumed 'pname' D:\SoftDownload\wamp\www\feiystudy\article\Application\Runtime\Cache\Admin\761bd6d3753c4667d3750f040418af5e.php 第 81 行.
NOTIC: [8] Undefined index: articleid D:\SoftDownload\wamp\www\feiystudy\article\Application\Runtime\Cache\Admin\761bd6d3753c4667d3750f040418af5e.php 第 85 行.
NOTIC: [8] Use of undefined constant pname - assumed 'pname' D:\SoftDownload\wamp\www\feiystudy\article\Application\Runtime\Cache\Admin\761bd6d3753c4667d3750f040418af5e.php 第 81 行.
NOTIC: [8] Undefined index: articleid D:\SoftDownload\wamp\www\feiystudy\article\Application\Runtime\Cache\Admin\761bd6d3753c4667d3750f040418af5e.php 第 85 行.
NOTIC: [8] Use of undefined constant pname - assumed 'pname' D:\SoftDownload\wamp\www\feiystudy\article\Application\Runtime\Cache\Admin\761bd6d3753c4667d3750f040418af5e.php 第 81 行.
NOTIC: [8] Undefined index: articleid D:\SoftDownload\wamp\www\feiystudy\article\Application\Runtime\Cache\Admin\761bd6d3753c4667d3750f040418af5e.php 第 85 行.
NOTIC: [8] Use of undefined constant pname - assumed 'pname' D:\SoftDownload\wamp\www\feiystudy\article\Application\Runtime\Cache\Admin\761bd6d3753c4667d3750f040418af5e.php 第 81 行.
NOTIC: [8] Undefined index: articleid D:\SoftDownload\wamp\www\feiystudy\article\Application\Runtime\Cache\Admin\761bd6d3753c4667d3750f040418af5e.php 第 85 行.
NOTIC: [8] Use of undefined constant pname - assumed 'pname' D:\SoftDownload\wamp\www\feiystudy\article\Application\Runtime\Cache\Admin\761bd6d3753c4667d3750f040418af5e.php 第 81 行.
NOTIC: [8] Undefined index: articleid D:\SoftDownload\wamp\www\feiystudy\article\Application\Runtime\Cache\Admin\761bd6d3753c4667d3750f040418af5e.php 第 85 行.
NOTIC: [8] Use of undefined constant pname - assumed 'pname' D:\SoftDownload\wamp\www\feiystudy\article\Application\Runtime\Cache\Admin\761bd6d3753c4667d3750f040418af5e.php 第 81 行.
NOTIC: [8] Undefined index: articleid D:\SoftDownload\wamp\www\feiystudy\article\Application\Runtime\Cache\Admin\761bd6d3753c4667d3750f040418af5e.php 第 85 行.
NOTIC: [8] Use of undefined constant pname - assumed 'pname' D:\SoftDownload\wamp\www\feiystudy\article\Application\Runtime\Cache\Admin\761bd6d3753c4667d3750f040418af5e.php 第 81 行.
NOTIC: [8] Undefined index: articleid D:\SoftDownload\wamp\www\feiystudy\article\Application\Runtime\Cache\Admin\761bd6d3753c4667d3750f040418af5e.php 第 85 行.
NOTIC: [8] Undefined variable: page D:\SoftDownload\wamp\www\feiystudy\article\Application\Runtime\Cache\Admin\761bd6d3753c4667d3750f040418af5e.php 第 88 行.
INFO: Run Behavior\ParseTemplateBehavior [ RunTime:0.010707s ]
INFO: [ view_parse ] --END-- [ RunTime:0.010821s ]
INFO: [ view_filter ] --START--
INFO: Run Behavior\WriteHtmlCacheBehavior [ RunTime:0.000395s ]
INFO: [ view_filter ] --END-- [ RunTime:0.000494s ]
INFO: [ app_end ] --START--
INFO: Run Behavior\ShowPageTraceBehavior [ RunTime:0.000513s ]
INFO: [ app_end ] --END-- [ RunTime:0.000606s ]
NOTIC: [2] Cannot modify header information - headers already sent by (output started at D:\SoftDownload\wamp\www\feiystudy\article\ThinkPHP\Library\Think\View.class.php:95) D:\SoftDownload\wamp\www\feiystudy\article\index.php 第 28 行.

[ 2017-09-15T22:11:57+08:00 ] ::1 /feiystudy/article/index.php/Admin/Cate/lists.html
INFO: [ app_init ] --START--
INFO: Run Behavior\BuildLiteBehavior [ RunTime:0.000021s ]
INFO: [ app_init ] --END-- [ RunTime:0.000335s ]
INFO: [ app_begin ] --START--
INFO: Run Behavior\ReadHtmlCacheBehavior [ RunTime:0.000358s ]
INFO: [ app_begin ] --END-- [ RunTime:0.000455s ]
SQL: SHOW COLUMNS FROM `feiy_cate` [ RunTime:0.0048s ]
SQL: SELECT t1.*,t2.name as pname FROM feiy_cate t1 right JOIN feiy_cate as t2 on t1.pid = t2.cateid   [ RunTime:0.0010s ]

[ 2017-09-15T22:12:05+08:00 ] ::1 /feiystudy/article/index.php/Admin/Cate/lists.html
INFO: [ app_init ] --START--
INFO: Run Behavior\BuildLiteBehavior [ RunTime:0.000021s ]
INFO: [ app_init ] --END-- [ RunTime:0.000343s ]
INFO: [ app_begin ] --START--
INFO: Run Behavior\ReadHtmlCacheBehavior [ RunTime:0.000352s ]
INFO: [ app_begin ] --END-- [ RunTime:0.000449s ]
SQL: SHOW COLUMNS FROM `feiy_cate` [ RunTime:0.0068s ]
SQL: SELECT t1.*,t2.name as pname FROM feiy_cate t1 left JOIN feiy_cate as t2 on t1.pid = t2.cateid   [ RunTime:0.0002s ]
INFO: [ view_parse ] --START--
INFO: [ template_filter ] --START--
INFO: Run Behavior\ContentReplaceBehavior [ RunTime:0.000058s ]
INFO: [ template_filter ] --END-- [ RunTime:0.000158s ]
NOTIC: [8] Undefined index: title D:\SoftDownload\wamp\www\feiystudy\article\Application\Runtime\Cache\Admin\761bd6d3753c4667d3750f040418af5e.php 第 5 行.
NOTIC: [8] Use of undefined constant pname - assumed 'pname' D:\SoftDownload\wamp\www\feiystudy\article\Application\Runtime\Cache\Admin\761bd6d3753c4667d3750f040418af5e.php 第 81 行.
NOTIC: [8] Undefined index: articleid D:\SoftDownload\wamp\www\feiystudy\article\Application\Runtime\Cache\Admin\761bd6d3753c4667d3750f040418af5e.php 第 85 行.
NOTIC: [8] Use of undefined constant pname - assumed 'pname' D:\SoftDownload\wamp\www\feiystudy\article\Application\Runtime\Cache\Admin\761bd6d3753c4667d3750f040418af5e.php 第 81 行.
NOTIC: [8] Undefined index: articleid D:\SoftDownload\wamp\www\feiystudy\article\Application\Runtime\Cache\Admin\761bd6d3753c4667d3750f040418af5e.php 第 85 行.
NOTIC: [8] Use of undefined constant pname - assumed 'pname' D:\SoftDownload\wamp\www\feiystudy\article\Application\Runtime\Cache\Admin\761bd6d3753c4667d3750f040418af5e.php 第 81 行.
NOTIC: [8] Undefined index: articleid D:\SoftDownload\wamp\www\feiystudy\article\Application\Runtime\Cache\Admin\761bd6d3753c4667d3750f040418af5e.php 第 85 行.
NOTIC: [8] Use of undefined constant pname - assumed 'pname' D:\SoftDownload\wamp\www\feiystudy\article\Application\Runtime\Cache\Admin\761bd6d3753c4667d3750f040418af5e.php 第 81 行.
NOTIC: [8] Undefined index: articleid D:\SoftDownload\wamp\www\feiystudy\article\Application\Runtime\Cache\Admin\761bd6d3753c4667d3750f040418af5e.php 第 85 行.
NOTIC: [8] Use of undefined constant pname - assumed 'pname' D:\SoftDownload\wamp\www\feiystudy\article\Application\Runtime\Cache\Admin\761bd6d3753c4667d3750f040418af5e.php 第 81 行.
NOTIC: [8] Undefined index: articleid D:\SoftDownload\wamp\www\feiystudy\article\Application\Runtime\Cache\Admin\761bd6d3753c4667d3750f040418af5e.php 第 85 行.
NOTIC: [8] Use of undefined constant pname - assumed 'pname' D:\SoftDownload\wamp\www\feiystudy\article\Application\Runtime\Cache\Admin\761bd6d3753c4667d3750f040418af5e.php 第 81 行.
NOTIC: [8] Undefined index: articleid D:\SoftDownload\wamp\www\feiystudy\article\Application\Runtime\Cache\Admin\761bd6d3753c4667d3750f040418af5e.php 第 85 行.
NOTIC: [8] Use of undefined constant pname - assumed 'pname' D:\SoftDownload\wamp\www\feiystudy\article\Application\Runtime\Cache\Admin\761bd6d3753c4667d3750f040418af5e.php 第 81 行.
NOTIC: [8] Undefined index: articleid D:\SoftDownload\wamp\www\feiystudy\article\Application\Runtime\Cache\Admin\761bd6d3753c4667d3750f040418af5e.php 第 85 行.
NOTIC: [8] Use of undefined constant pname - assumed 'pname' D:\SoftDownload\wamp\www\feiystudy\article\Application\Runtime\Cache\Admin\761bd6d3753c4667d3750f040418af5e.php 第 81 行.
NOTIC: [8] Undefined index: articleid D:\SoftDownload\wamp\www\feiystudy\article\Application\Runtime\Cache\Admin\761bd6d3753c4667d3750f040418af5e.php 第 85 行.
NOTIC: [8] Undefined variable: page D:\SoftDownload\wamp\www\feiystudy\article\Application\Runtime\Cache\Admin\761bd6d3753c4667d3750f040418af5e.php 第 88 行.
INFO: Run Behavior\ParseTemplateBehavior [ RunTime:0.010931s ]
INFO: [ view_parse ] --END-- [ RunTime:0.011059s ]
INFO: [ view_filter ] --START--
INFO: Run Behavior\WriteHtmlCacheBehavior [ RunTime:0.000322s ]
INFO: [ view_filter ] --END-- [ RunTime:0.000425s ]
INFO: [ app_end ] --START--
INFO: Run Behavior\ShowPageTraceBehavior [ RunTime:0.000472s ]
INFO: [ app_end ] --END-- [ RunTime:0.000589s ]
NOTIC: [2] Cannot modify header information - headers already sent by (output started at D:\SoftDownload\wamp\www\feiystudy\article\ThinkPHP\Library\Think\View.class.php:95) D:\SoftDownload\wamp\www\feiystudy\article\index.php 第 28 行.

[ 2017-09-15T22:14:58+08:00 ] ::1 /feiystudy/article/index.php/Admin/Cate/lists.html
INFO: [ app_init ] --START--
INFO: Run Behavior\BuildLiteBehavior [ RunTime:0.000020s ]
INFO: [ app_init ] --END-- [ RunTime:0.000376s ]
INFO: [ app_begin ] --START--
INFO: Run Behavior\ReadHtmlCacheBehavior [ RunTime:0.000578s ]
INFO: [ app_begin ] --END-- [ RunTime:0.000726s ]
SQL: SHOW COLUMNS FROM `feiy_cate` [ RunTime:0.1886s ]
SQL: SELECT t1.*,t2.name as pname FROM feiy_cate t1 left JOIN feiy_cate as t2 on t1.pid = t2.cateid   [ RunTime:0.0009s ]
INFO: [ view_parse ] --START--
INFO: [ template_filter ] --START--
INFO: Run Behavior\ContentReplaceBehavior [ RunTime:0.000238s ]
INFO: [ template_filter ] --END-- [ RunTime:0.000657s ]
NOTIC: [8] Undefined index: title D:\SoftDownload\wamp\www\feiystudy\article\Application\Runtime\Cache\Admin\761bd6d3753c4667d3750f040418af5e.php 第 5 行.
NOTIC: [8] Use of undefined constant pname - assumed 'pname' D:\SoftDownload\wamp\www\feiystudy\article\Application\Runtime\Cache\Admin\761bd6d3753c4667d3750f040418af5e.php 第 81 行.
NOTIC: [8] Undefined index: articleid D:\SoftDownload\wamp\www\feiystudy\article\Application\Runtime\Cache\Admin\761bd6d3753c4667d3750f040418af5e.php 第 85 行.
NOTIC: [8] Use of undefined constant pname - assumed 'pname' D:\SoftDownload\wamp\www\feiystudy\article\Application\Runtime\Cache\Admin\761bd6d3753c4667d3750f040418af5e.php 第 81 行.
NOTIC: [8] Undefined index: articleid D:\SoftDownload\wamp\www\feiystudy\article\Application\Runtime\Cache\Admin\761bd6d3753c4667d3750f040418af5e.php 第 85 行.
NOTIC: [8] Use of undefined constant pname - assumed 'pname' D:\SoftDownload\wamp\www\feiystudy\article\Application\Runtime\Cache\Admin\761bd6d3753c4667d3750f040418af5e.php 第 81 行.
NOTIC: [8] Undefined index: articleid D:\SoftDownload\wamp\www\feiystudy\article\Application\Runtime\Cache\Admin\761bd6d3753c4667d3750f040418af5e.php 第 85 行.
NOTIC: [8] Use of undefined constant pname - assumed 'pname' D:\SoftDownload\wamp\www\feiystudy\article\Application\Runtime\Cache\Admin\761bd6d3753c4667d3750f040418af5e.php 第 81 行.
NOTIC: [8] Undefined index: articleid D:\SoftDownload\wamp\www\feiystudy\article\Application\Runtime\Cache\Admin\761bd6d3753c4667d3750f040418af5e.php 第 85 行.
NOTIC: [8] Use of undefined constant pname - assumed 'pname' D:\SoftDownload\wamp\www\feiystudy\article\Application\Runtime\Cache\Admin\761bd6d3753c4667d3750f040418af5e.php 第 81 行.
NOTIC: [8] Undefined index: articleid D:\SoftDownload\wamp\www\feiystudy\article\Application\Runtime\Cache\Admin\761bd6d3753c4667d3750f040418af5e.php 第 85 行.
NOTIC: [8] Use of undefined constant pname - assumed 'pname' D:\SoftDownload\wamp\www\feiystudy\article\Application\Runtime\Cache\Admin\761bd6d3753c4667d3750f040418af5e.php 第 81 行.
NOTIC: [8] Undefined index: articleid D:\SoftDownload\wamp\www\feiystudy\article\Application\Runtime\Cache\Admin\761bd6d3753c4667d3750f040418af5e.php 第 85 行.
NOTIC: [8] Use of undefined constant pname - assumed 'pname' D:\SoftDownload\wamp\www\feiystudy\article\Application\Runtime\Cache\Admin\761bd6d3753c4667d3750f040418af5e.php 第 81 行.
NOTIC: [8] Undefined index: articleid D:\SoftDownload\wamp\www\feiystudy\article\Application\Runtime\Cache\Admin\761bd6d3753c4667d3750f040418af5e.php 第 85 行.
NOTIC: [8] Use of undefined constant pname - assumed 'pname' D:\SoftDownload\wamp\www\feiystudy\article\Application\Runtime\Cache\Admin\761bd6d3753c4667d3750f040418af5e.php 第 81 行.
NOTIC: [8] Undefined index: articleid D:\SoftDownload\wamp\www\feiystudy\article\Application\Runtime\Cache\Admin\761bd6d3753c4667d3750f040418af5e.php 第 85 行.
NOTIC: [8] Undefined variable: page D:\SoftDownload\wamp\www\feiystudy\article\Application\Runtime\Cache\Admin\761bd6d3753c4667d3750f040418af5e.php 第 88 行.
INFO: Run Behavior\ParseTemplateBehavior [ RunTime:0.035918s ]
INFO: [ view_parse ] --END-- [ RunTime:0.036209s ]
INFO: [ view_filter ] --START--
INFO: Run Behavior\WriteHtmlCacheBehavior [ RunTime:0.000657s ]
INFO: [ view_filter ] --END-- [ RunTime:0.000845s ]
INFO: [ app_end ] --START--
INFO: Run Behavior\ShowPageTraceBehavior [ RunTime:0.001033s ]
INFO: [ app_end ] --END-- [ RunTime:0.001222s ]
NOTIC: [2] Cannot modify header information - headers already sent by (output started at D:\SoftDownload\wamp\www\feiystudy\article\ThinkPHP\Library\Think\View.class.php:95) D:\SoftDownload\wamp\www\feiystudy\article\index.php 第 28 行.

[ 2017-09-15T22:17:47+08:00 ] ::1 /feiystudy/article/index.php/Admin/Cate/lists.html
INFO: [ app_init ] --START--
INFO: Run Behavior\BuildLiteBehavior [ RunTime:0.000037s ]
INFO: [ app_init ] --END-- [ RunTime:0.000435s ]
INFO: [ app_begin ] --START--
INFO: Run Behavior\ReadHtmlCacheBehavior [ RunTime:0.000515s ]
INFO: [ app_begin ] --END-- [ RunTime:0.000616s ]
SQL: SHOW COLUMNS FROM `feiy_cate` [ RunTime:0.2772s ]
SQL: SELECT t1.*,t2.name as pname FROM feiy_cate t1 left JOIN feiy_cate as t2 on t1.pid = t2.cateid   [ RunTime:0.0008s ]
INFO: [ view_parse ] --START--
INFO: [ template_filter ] --START--
INFO: Run Behavior\ContentReplaceBehavior [ RunTime:0.000257s ]
INFO: [ template_filter ] --END-- [ RunTime:0.000719s ]
NOTIC: [8] Undefined index: title D:\SoftDownload\wamp\www\feiystudy\article\Application\Runtime\Cache\Admin\761bd6d3753c4667d3750f040418af5e.php 第 5 行.
NOTIC: [8] Use of undefined constant pname - assumed 'pname' D:\SoftDownload\wamp\www\feiystudy\article\Application\Runtime\Cache\Admin\761bd6d3753c4667d3750f040418af5e.php 第 81 行.
NOTIC: [8] Undefined index: articleid D:\SoftDownload\wamp\www\feiystudy\article\Application\Runtime\Cache\Admin\761bd6d3753c4667d3750f040418af5e.php 第 85 行.
NOTIC: [8] Use of undefined constant pname - assumed 'pname' D:\SoftDownload\wamp\www\feiystudy\article\Application\Runtime\Cache\Admin\761bd6d3753c4667d3750f040418af5e.php 第 81 行.
NOTIC: [8] Undefined index: articleid D:\SoftDownload\wamp\www\feiystudy\article\Application\Runtime\Cache\Admin\761bd6d3753c4667d3750f040418af5e.php 第 85 行.
NOTIC: [8] Use of undefined constant pname - assumed 'pname' D:\SoftDownload\wamp\www\feiystudy\article\Application\Runtime\Cache\Admin\761bd6d3753c4667d3750f040418af5e.php 第 81 行.
NOTIC: [8] Undefined index: articleid D:\SoftDownload\wamp\www\feiystudy\article\Application\Runtime\Cache\Admin\761bd6d3753c4667d3750f040418af5e.php 第 85 行.
NOTIC: [8] Use of undefined constant pname - assumed 'pname' D:\SoftDownload\wamp\www\feiystudy\article\Application\Runtime\Cache\Admin\761bd6d3753c4667d3750f040418af5e.php 第 81 行.
NOTIC: [8] Undefined index: articleid D:\SoftDownload\wamp\www\feiystudy\article\Application\Runtime\Cache\Admin\761bd6d3753c4667d3750f040418af5e.php 第 85 行.
NOTIC: [8] Use of undefined constant pname - assumed 'pname' D:\SoftDownload\wamp\www\feiystudy\article\Application\Runtime\Cache\Admin\761bd6d3753c4667d3750f040418af5e.php 第 81 行.
NOTIC: [8] Undefined index: articleid D:\SoftDownload\wamp\www\feiystudy\article\Application\Runtime\Cache\Admin\761bd6d3753c4667d3750f040418af5e.php 第 85 行.
NOTIC: [8] Use of undefined constant pname - assumed 'pname' D:\SoftDownload\wamp\www\feiystudy\article\Application\Runtime\Cache\Admin\761bd6d3753c4667d3750f040418af5e.php 第 81 行.
NOTIC: [8] Undefined index: articleid D:\SoftDownload\wamp\www\feiystudy\article\Application\Runtime\Cache\Admin\761bd6d3753c4667d3750f040418af5e.php 第 85 行.
NOTIC: [8] Use of undefined constant pname - assumed 'pname' D:\SoftDownload\wamp\www\feiystudy\article\Application\Runtime\Cache\Admin\761bd6d3753c4667d3750f040418af5e.php 第 81 行.
NOTIC: [8] Undefined index: articleid D:\SoftDownload\wamp\www\feiystudy\article\Application\Runtime\Cache\Admin\761bd6d3753c4667d3750f040418af5e.php 第 85 行.
NOTIC: [8] Use of undefined constant pname - assumed 'pname' D:\SoftDownload\wamp\www\feiystudy\article\Application\Runtime\Cache\Admin\761bd6d3753c4667d3750f040418af5e.php 第 81 行.
NOTIC: [8] Undefined index: articleid D:\SoftDownload\wamp\www\feiystudy\article\Application\Runtime\Cache\Admin\761bd6d3753c4667d3750f040418af5e.php 第 85 行.
NOTIC: [8] Undefined variable: page D:\SoftDownload\wamp\www\feiystudy\article\Application\Runtime\Cache\Admin\761bd6d3753c4667d3750f040418af5e.php 第 88 行.
INFO: Run Behavior\ParseTemplateBehavior [ RunTime:0.036599s ]
INFO: [ view_parse ] --END-- [ RunTime:0.036917s ]
INFO: [ view_filter ] --START--
INFO: Run Behavior\WriteHtmlCacheBehavior [ RunTime:0.000788s ]
INFO: [ view_filter ] --END-- [ RunTime:0.001014s ]
INFO: [ app_end ] --START--
INFO: Run Behavior\ShowPageTraceBehavior [ RunTime:0.001916s ]
INFO: [ app_end ] --END-- [ RunTime:0.002285s ]
NOTIC: [2] Cannot modify header information - headers already sent by (output started at D:\SoftDownload\wamp\www\feiystudy\article\ThinkPHP\Library\Think\View.class.php:95) D:\SoftDownload\wamp\www\feiystudy\article\index.php 第 28 行.

[ 2017-09-15T22:18:32+08:00 ] ::1 /feiystudy/article/index.php/Admin/Cate/lists.html
INFO: [ app_init ] --START--
INFO: Run Behavior\BuildLiteBehavior [ RunTime:0.000022s ]
INFO: [ app_init ] --END-- [ RunTime:0.000348s ]
INFO: [ app_begin ] --START--
INFO: Run Behavior\ReadHtmlCacheBehavior [ RunTime:0.000563s ]
INFO: [ app_begin ] --END-- [ RunTime:0.000684s ]
SQL: SHOW COLUMNS FROM `feiy_cate` [ RunTime:0.0048s ]
SQL: SELECT t1.*,t2.name as pname FROM feiy_cate t1 left JOIN feiy_cate as t2 on t1.pid = t2.cateid   [ RunTime:0.0003s ]
INFO: [ view_parse ] --START--
INFO: [ template_filter ] --START--
INFO: Run Behavior\ContentReplaceBehavior [ RunTime:0.000058s ]
INFO: [ template_filter ] --END-- [ RunTime:0.000160s ]
NOTIC: [8] Undefined index: title D:\SoftDownload\wamp\www\feiystudy\article\Application\Runtime\Cache\Admin\761bd6d3753c4667d3750f040418af5e.php 第 5 行.
NOTIC: [8] Use of undefined constant pname - assumed 'pname' D:\SoftDownload\wamp\www\feiystudy\article\Application\Runtime\Cache\Admin\761bd6d3753c4667d3750f040418af5e.php 第 81 行.
NOTIC: [8] Undefined index: articleid D:\SoftDownload\wamp\www\feiystudy\article\Application\Runtime\Cache\Admin\761bd6d3753c4667d3750f040418af5e.php 第 85 行.
NOTIC: [8] Use of undefined constant pname - assumed 'pname' D:\SoftDownload\wamp\www\feiystudy\article\Application\Runtime\Cache\Admin\761bd6d3753c4667d3750f040418af5e.php 第 81 行.
NOTIC: [8] Undefined index: articleid D:\SoftDownload\wamp\www\feiystudy\article\Application\Runtime\Cache\Admin\761bd6d3753c4667d3750f040418af5e.php 第 85 行.
NOTIC: [8] Use of undefined constant pname - assumed 'pname' D:\SoftDownload\wamp\www\feiystudy\article\Application\Runtime\Cache\Admin\761bd6d3753c4667d3750f040418af5e.php 第 81 行.
NOTIC: [8] Undefined index: articleid D:\SoftDownload\wamp\www\feiystudy\article\Application\Runtime\Cache\Admin\761bd6d3753c4667d3750f040418af5e.php 第 85 行.
NOTIC: [8] Use of undefined constant pname - assumed 'pname' D:\SoftDownload\wamp\www\feiystudy\article\Application\Runtime\Cache\Admin\761bd6d3753c4667d3750f040418af5e.php 第 81 行.
NOTIC: [8] Undefined index: articleid D:\SoftDownload\wamp\www\feiystudy\article\Application\Runtime\Cache\Admin\761bd6d3753c4667d3750f040418af5e.php 第 85 行.
NOTIC: [8] Use of undefined constant pname - assumed 'pname' D:\SoftDownload\wamp\www\feiystudy\article\Application\Runtime\Cache\Admin\761bd6d3753c4667d3750f040418af5e.php 第 81 行.
NOTIC: [8] Undefined index: articleid D:\SoftDownload\wamp\www\feiystudy\article\Application\Runtime\Cache\Admin\761bd6d3753c4667d3750f040418af5e.php 第 85 行.
NOTIC: [8] Use of undefined constant pname - assumed 'pname' D:\SoftDownload\wamp\www\feiystudy\article\Application\Runtime\Cache\Admin\761bd6d3753c4667d3750f040418af5e.php 第 81 行.
NOTIC: [8] Undefined index: articleid D:\SoftDownload\wamp\www\feiystudy\article\Application\Runtime\Cache\Admin\761bd6d3753c4667d3750f040418af5e.php 第 85 行.
NOTIC: [8] Use of undefined constant pname - assumed 'pname' D:\SoftDownload\wamp\www\feiystudy\article\Application\Runtime\Cache\Admin\761bd6d3753c4667d3750f040418af5e.php 第 81 行.
NOTIC: [8] Undefined index: articleid D:\SoftDownload\wamp\www\feiystudy\article\Application\Runtime\Cache\Admin\761bd6d3753c4667d3750f040418af5e.php 第 85 行.
NOTIC: [8] Use of undefined constant pname - assumed 'pname' D:\SoftDownload\wamp\www\feiystudy\article\Application\Runtime\Cache\Admin\761bd6d3753c4667d3750f040418af5e.php 第 81 行.
NOTIC: [8] Undefined index: articleid D:\SoftDownload\wamp\www\feiystudy\article\Application\Runtime\Cache\Admin\761bd6d3753c4667d3750f040418af5e.php 第 85 行.
NOTIC: [8] Undefined variable: page D:\SoftDownload\wamp\www\feiystudy\article\Application\Runtime\Cache\Admin\761bd6d3753c4667d3750f040418af5e.php 第 88 行.
INFO: Run Behavior\ParseTemplateBehavior [ RunTime:0.011152s ]
INFO: [ view_parse ] --END-- [ RunTime:0.011296s ]
INFO: [ view_filter ] --START--
INFO: Run Behavior\WriteHtmlCacheBehavior [ RunTime:0.000208s ]
INFO: [ view_filter ] --END-- [ RunTime:0.000292s ]
INFO: [ app_end ] --START--
INFO: Run Behavior\ShowPageTraceBehavior [ RunTime:0.000785s ]
INFO: [ app_end ] --END-- [ RunTime:0.000893s ]
NOTIC: [2] Cannot modify header information - headers already sent by (output started at D:\SoftDownload\wamp\www\feiystudy\article\ThinkPHP\Library\Think\View.class.php:95) D:\SoftDownload\wamp\www\feiystudy\article\index.php 第 28 行.

[ 2017-09-15T22:18:40+08:00 ] ::1 /feiystudy/article/index.php/Admin/Cate/lists.html
INFO: [ app_init ] --START--
INFO: Run Behavior\BuildLiteBehavior [ RunTime:0.000021s ]
INFO: [ app_init ] --END-- [ RunTime:0.000332s ]
INFO: [ app_begin ] --START--
INFO: Run Behavior\ReadHtmlCacheBehavior [ RunTime:0.000352s ]
INFO: [ app_begin ] --END-- [ RunTime:0.000448s ]
SQL: SHOW COLUMNS FROM `feiy_cate` [ RunTime:0.0047s ]
SQL: SELECT t1.*,t2.name as pname FROM feiy_cate t1 left JOIN feiy_cate as t2 on t1.pid = t2.cateid   [ RunTime:0.0003s ]
INFO: [ view_parse ] --START--
INFO: [ template_filter ] --START--
INFO: Run Behavior\ContentReplaceBehavior [ RunTime:0.000061s ]
INFO: [ template_filter ] --END-- [ RunTime:0.000169s ]
NOTIC: [8] Undefined index: title D:\SoftDownload\wamp\www\feiystudy\article\Application\Runtime\Cache\Admin\761bd6d3753c4667d3750f040418af5e.php 第 5 行.
NOTIC: [8] Use of undefined constant pname - assumed 'pname' D:\SoftDownload\wamp\www\feiystudy\article\Application\Runtime\Cache\Admin\761bd6d3753c4667d3750f040418af5e.php 第 81 行.
NOTIC: [8] Undefined index: articleid D:\SoftDownload\wamp\www\feiystudy\article\Application\Runtime\Cache\Admin\761bd6d3753c4667d3750f040418af5e.php 第 85 行.
NOTIC: [8] Use of undefined constant pname - assumed 'pname' D:\SoftDownload\wamp\www\feiystudy\article\Application\Runtime\Cache\Admin\761bd6d3753c4667d3750f040418af5e.php 第 81 行.
NOTIC: [8] Undefined index: articleid D:\SoftDownload\wamp\www\feiystudy\article\Application\Runtime\Cache\Admin\761bd6d3753c4667d3750f040418af5e.php 第 85 行.
NOTIC: [8] Use of undefined constant pname - assumed 'pname' D:\SoftDownload\wamp\www\feiystudy\article\Application\Runtime\Cache\Admin\761bd6d3753c4667d3750f040418af5e.php 第 81 行.
NOTIC: [8] Undefined index: articleid D:\SoftDownload\wamp\www\feiystudy\article\Application\Runtime\Cache\Admin\761bd6d3753c4667d3750f040418af5e.php 第 85 行.
NOTIC: [8] Use of undefined constant pname - assumed 'pname' D:\SoftDownload\wamp\www\feiystudy\article\Application\Runtime\Cache\Admin\761bd6d3753c4667d3750f040418af5e.php 第 81 行.
NOTIC: [8] Undefined index: articleid D:\SoftDownload\wamp\www\feiystudy\article\Application\Runtime\Cache\Admin\761bd6d3753c4667d3750f040418af5e.php 第 85 行.
NOTIC: [8] Use of undefined constant pname - assumed 'pname' D:\SoftDownload\wamp\www\feiystudy\article\Application\Runtime\Cache\Admin\761bd6d3753c4667d3750f040418af5e.php 第 81 行.
NOTIC: [8] Undefined index: articleid D:\SoftDownload\wamp\www\feiystudy\article\Application\Runtime\Cache\Admin\761bd6d3753c4667d3750f040418af5e.php 第 85 行.
NOTIC: [8] Use of undefined constant pname - assumed 'pname' D:\SoftDownload\wamp\www\feiystudy\article\Application\Runtime\Cache\Admin\761bd6d3753c4667d3750f040418af5e.php 第 81 行.
NOTIC: [8] Undefined index: articleid D:\SoftDownload\wamp\www\feiystudy\article\Application\Runtime\Cache\Admin\761bd6d3753c4667d3750f040418af5e.php 第 85 行.
NOTIC: [8] Use of undefined constant pname - assumed 'pname' D:\SoftDownload\wamp\www\feiystudy\article\Application\Runtime\Cache\Admin\761bd6d3753c4667d3750f040418af5e.php 第 81 行.
NOTIC: [8] Undefined index: articleid D:\SoftDownload\wamp\www\feiystudy\article\Application\Runtime\Cache\Admin\761bd6d3753c4667d3750f040418af5e.php 第 85 行.
NOTIC: [8] Use of undefined constant pname - assumed 'pname' D:\SoftDownload\wamp\www\feiystudy\article\Application\Runtime\Cache\Admin\761bd6d3753c4667d3750f040418af5e.php 第 81 行.
NOTIC: [8] Undefined index: articleid D:\SoftDownload\wamp\www\feiystudy\article\Application\Runtime\Cache\Admin\761bd6d3753c4667d3750f040418af5e.php 第 85 行.
NOTIC: [8] Undefined variable: page D:\SoftDownload\wamp\www\feiystudy\article\Application\Runtime\Cache\Admin\761bd6d3753c4667d3750f040418af5e.php 第 88 行.
INFO: Run Behavior\ParseTemplateBehavior [ RunTime:0.010243s ]
INFO: [ view_parse ] --END-- [ RunTime:0.010349s ]
INFO: [ view_filter ] --START--
INFO: Run Behavior\WriteHtmlCacheBehavior [ RunTime:0.000209s ]
INFO: [ view_filter ] --END-- [ RunTime:0.000300s ]
INFO: [ app_end ] --START--
INFO: Run Behavior\ShowPageTraceBehavior [ RunTime:0.000476s ]
INFO: [ app_end ] --END-- [ RunTime:0.000568s ]
NOTIC: [2] Cannot modify header information - headers already sent by (output started at D:\SoftDownload\wamp\www\feiystudy\article\ThinkPHP\Library\Think\View.class.php:95) D:\SoftDownload\wamp\www\feiystudy\article\index.php 第 28 行.

[ 2017-09-15T22:21:56+08:00 ] ::1 /feiystudy/article/index.php/Admin/Cate/lists.html
INFO: [ app_init ] --START--
INFO: Run Behavior\BuildLiteBehavior [ RunTime:0.000022s ]
INFO: [ app_init ] --END-- [ RunTime:0.000384s ]
INFO: [ app_begin ] --START--
INFO: Run Behavior\ReadHtmlCacheBehavior [ RunTime:0.000475s ]
INFO: [ app_begin ] --END-- [ RunTime:0.000575s ]
SQL: SHOW COLUMNS FROM `feiy_cate` [ RunTime:0.0026s ]
SQL: SELECT t1.*,t2.name as pname FROM feiy_cate t1 left JOIN feiy_cate as t2 on t1.pid = t2.cateid   [ RunTime:0.0004s ]
INFO: [ view_parse ] --START--
INFO: [ template_filter ] --START--
INFO: Run Behavior\ContentReplaceBehavior [ RunTime:0.000081s ]
INFO: [ template_filter ] --END-- [ RunTime:0.000189s ]
NOTIC: [8] Undefined index: title D:\SoftDownload\wamp\www\feiystudy\article\Application\Runtime\Cache\Admin\761bd6d3753c4667d3750f040418af5e.php 第 5 行.
NOTIC: [8] Use of undefined constant pname - assumed 'pname' D:\SoftDownload\wamp\www\feiystudy\article\Application\Runtime\Cache\Admin\761bd6d3753c4667d3750f040418af5e.php 第 81 行.
NOTIC: [8] Undefined index: articleid D:\SoftDownload\wamp\www\feiystudy\article\Application\Runtime\Cache\Admin\761bd6d3753c4667d3750f040418af5e.php 第 90 行.
NOTIC: [8] Use of undefined constant pname - assumed 'pname' D:\SoftDownload\wamp\www\feiystudy\article\Application\Runtime\Cache\Admin\761bd6d3753c4667d3750f040418af5e.php 第 81 行.
NOTIC: [8] Undefined index: articleid D:\SoftDownload\wamp\www\feiystudy\article\Application\Runtime\Cache\Admin\761bd6d3753c4667d3750f040418af5e.php 第 90 行.
NOTIC: [8] Use of undefined constant pname - assumed 'pname' D:\SoftDownload\wamp\www\feiystudy\article\Application\Runtime\Cache\Admin\761bd6d3753c4667d3750f040418af5e.php 第 81 行.
NOTIC: [8] Undefined index: articleid D:\SoftDownload\wamp\www\feiystudy\article\Application\Runtime\Cache\Admin\761bd6d3753c4667d3750f040418af5e.php 第 90 行.
NOTIC: [8] Use of undefined constant pname - assumed 'pname' D:\SoftDownload\wamp\www\feiystudy\article\Application\Runtime\Cache\Admin\761bd6d3753c4667d3750f040418af5e.php 第 81 行.
NOTIC: [8] Undefined index: articleid D:\SoftDownload\wamp\www\feiystudy\article\Application\Runtime\Cache\Admin\761bd6d3753c4667d3750f040418af5e.php 第 90 行.
NOTIC: [8] Use of undefined constant pname - assumed 'pname' D:\SoftDownload\wamp\www\feiystudy\article\Application\Runtime\Cache\Admin\761bd6d3753c4667d3750f040418af5e.php 第 81 行.
NOTIC: [8] Undefined index: articleid D:\SoftDownload\wamp\www\feiystudy\article\Application\Runtime\Cache\Admin\761bd6d3753c4667d3750f040418af5e.php 第 90 行.
NOTIC: [8] Use of undefined constant pname - assumed 'pname' D:\SoftDownload\wamp\www\feiystudy\article\Application\Runtime\Cache\Admin\761bd6d3753c4667d3750f040418af5e.php 第 81 行.
NOTIC: [8] Undefined index: articleid D:\SoftDownload\wamp\www\feiystudy\article\Application\Runtime\Cache\Admin\761bd6d3753c4667d3750f040418af5e.php 第 90 行.
NOTIC: [8] Use of undefined constant pname - assumed 'pname' D:\SoftDownload\wamp\www\feiystudy\article\Application\Runtime\Cache\Admin\761bd6d3753c4667d3750f040418af5e.php 第 81 行.
NOTIC: [8] Undefined index: articleid D:\SoftDownload\wamp\www\feiystudy\article\Application\Runtime\Cache\Admin\761bd6d3753c4667d3750f040418af5e.php 第 90 行.
NOTIC: [8] Use of undefined constant pname - assumed 'pname' D:\SoftDownload\wamp\www\feiystudy\article\Application\Runtime\Cache\Admin\761bd6d3753c4667d3750f040418af5e.php 第 81 行.
NOTIC: [8] Undefined index: articleid D:\SoftDownload\wamp\www\feiystudy\article\Application\Runtime\Cache\Admin\761bd6d3753c4667d3750f040418af5e.php 第 90 行.
NOTIC: [8] Undefined variable: page D:\SoftDownload\wamp\www\feiystudy\article\Application\Runtime\Cache\Admin\761bd6d3753c4667d3750f040418af5e.php 第 93 行.
INFO: Run Behavior\ParseTemplateBehavior [ RunTime:0.010991s ]
INFO: [ view_parse ] --END-- [ RunTime:0.011103s ]
INFO: [ view_filter ] --START--
INFO: Run Behavior\WriteHtmlCacheBehavior [ RunTime:0.000326s ]
INFO: [ view_filter ] --END-- [ RunTime:0.000411s ]
INFO: [ app_end ] --START--
INFO: Run Behavior\ShowPageTraceBehavior [ RunTime:0.000622s ]
INFO: [ app_end ] --END-- [ RunTime:0.000714s ]
NOTIC: [2] Cannot modify header information - headers already sent by (output started at D:\SoftDownload\wamp\www\feiystudy\article\ThinkPHP\Library\Think\View.class.php:95) D:\SoftDownload\wamp\www\feiystudy\article\index.php 第 28 行.

[ 2017-09-15T22:22:32+08:00 ] ::1 /feiystudy/article/index.php/Admin/Cate/lists.html
INFO: [ app_init ] --START--
INFO: Run Behavior\BuildLiteBehavior [ RunTime:0.000021s ]
INFO: [ app_init ] --END-- [ RunTime:0.000343s ]
INFO: [ app_begin ] --START--
INFO: Run Behavior\ReadHtmlCacheBehavior [ RunTime:0.000352s ]
INFO: [ app_begin ] --END-- [ RunTime:0.000449s ]
SQL: SHOW COLUMNS FROM `feiy_cate` [ RunTime:0.0028s ]
SQL: SELECT t1.*,t2.name as pname FROM feiy_cate t1 left JOIN feiy_cate as t2 on t1.pid = t2.cateid   [ RunTime:0.0003s ]
INFO: [ view_parse ] --START--
INFO: [ template_filter ] --START--
INFO: Run Behavior\ContentReplaceBehavior [ RunTime:0.000084s ]
INFO: [ template_filter ] --END-- [ RunTime:0.000265s ]
NOTIC: [8] Undefined index: title D:\SoftDownload\wamp\www\feiystudy\article\Application\Runtime\Cache\Admin\761bd6d3753c4667d3750f040418af5e.php 第 5 行.
NOTIC: [8] Use of undefined constant pname - assumed 'pname' D:\SoftDownload\wamp\www\feiystudy\article\Application\Runtime\Cache\Admin\761bd6d3753c4667d3750f040418af5e.php 第 81 行.
NOTIC: [8] Undefined index: articleid D:\SoftDownload\wamp\www\feiystudy\article\Application\Runtime\Cache\Admin\761bd6d3753c4667d3750f040418af5e.php 第 90 行.
NOTIC: [8] Use of undefined constant pname - assumed 'pname' D:\SoftDownload\wamp\www\feiystudy\article\Application\Runtime\Cache\Admin\761bd6d3753c4667d3750f040418af5e.php 第 81 行.
NOTIC: [8] Undefined index: articleid D:\SoftDownload\wamp\www\feiystudy\article\Application\Runtime\Cache\Admin\761bd6d3753c4667d3750f040418af5e.php 第 90 行.
NOTIC: [8] Use of undefined constant pname - assumed 'pname' D:\SoftDownload\wamp\www\feiystudy\article\Application\Runtime\Cache\Admin\761bd6d3753c4667d3750f040418af5e.php 第 81 行.
NOTIC: [8] Undefined index: articleid D:\SoftDownload\wamp\www\feiystudy\article\Application\Runtime\Cache\Admin\761bd6d3753c4667d3750f040418af5e.php 第 90 行.
NOTIC: [8] Use of undefined constant pname - assumed 'pname' D:\SoftDownload\wamp\www\feiystudy\article\Application\Runtime\Cache\Admin\761bd6d3753c4667d3750f040418af5e.php 第 81 行.
NOTIC: [8] Undefined index: articleid D:\SoftDownload\wamp\www\feiystudy\article\Application\Runtime\Cache\Admin\761bd6d3753c4667d3750f040418af5e.php 第 90 行.
NOTIC: [8] Use of undefined constant pname - assumed 'pname' D:\SoftDownload\wamp\www\feiystudy\article\Application\Runtime\Cache\Admin\761bd6d3753c4667d3750f040418af5e.php 第 81 行.
NOTIC: [8] Undefined index: articleid D:\SoftDownload\wamp\www\feiystudy\article\Application\Runtime\Cache\Admin\761bd6d3753c4667d3750f040418af5e.php 第 90 行.
NOTIC: [8] Use of undefined constant pname - assumed 'pname' D:\SoftDownload\wamp\www\feiystudy\article\Application\Runtime\Cache\Admin\761bd6d3753c4667d3750f040418af5e.php 第 81 行.
NOTIC: [8] Undefined index: articleid D:\SoftDownload\wamp\www\feiystudy\article\Application\Runtime\Cache\Admin\761bd6d3753c4667d3750f040418af5e.php 第 90 行.
NOTIC: [8] Use of undefined constant pname - assumed 'pname' D:\SoftDownload\wamp\www\feiystudy\article\Application\Runtime\Cache\Admin\761bd6d3753c4667d3750f040418af5e.php 第 81 行.
NOTIC: [8] Undefined index: articleid D:\SoftDownload\wamp\www\feiystudy\article\Application\Runtime\Cache\Admin\761bd6d3753c4667d3750f040418af5e.php 第 90 行.
NOTIC: [8] Undefined variable: page D:\SoftDownload\wamp\www\feiystudy\article\Application\Runtime\Cache\Admin\761bd6d3753c4667d3750f040418af5e.php 第 93 行.
INFO: Run Behavior\ParseTemplateBehavior [ RunTime:0.010958s ]
INFO: [ view_parse ] --END-- [ RunTime:0.011085s ]
INFO: [ view_filter ] --START--
INFO: Run Behavior\WriteHtmlCacheBehavior [ RunTime:0.000255s ]
INFO: [ view_filter ] --END-- [ RunTime:0.000386s ]
INFO: [ app_end ] --START--
INFO: Run Behavior\ShowPageTraceBehavior [ RunTime:0.000684s ]
INFO: [ app_end ] --END-- [ RunTime:0.000779s ]
NOTIC: [2] Cannot modify header information - headers already sent by (output started at D:\SoftDownload\wamp\www\feiystudy\article\ThinkPHP\Library\Think\View.class.php:95) D:\SoftDownload\wamp\www\feiystudy\article\index.php 第 28 行.

